(private) matplotlib data path: /home/yjs1916211/.local/lib/python3.6/site-packages/matplotlib/mpl-data
matplotlib data path: /home/yjs1916211/.local/lib/python3.6/site-packages/matplotlib/mpl-data
CONFIGDIR=/home/yjs1916211/.config/matplotlib
matplotlib version 3.3.4
interactive is False
platform is linux
loaded modules: ['builtins', 'sys', '_frozen_importlib', '_imp', '_warnings', '_thread', '_weakref', '_frozen_importlib_external', '_io', 'marshal', 'posix', 'zipimport', 'encodings', 'codecs', '_codecs', 'encodings.aliases', 'encodings.utf_8', '_signal', '__main__', 'encodings.latin_1', 'io', 'abc', '_weakrefset', 'site', 'os', 'errno', 'stat', '_stat', 'posixpath', 'genericpath', 'os.path', '_collections_abc', '_sitebuiltins', 'sysconfig', '_sysconfigdata_m_linux_x86_64-linux-gnu', '_bootlocale', '_locale', 'types', 'functools', '_functools', 'collections', 'operator', '_operator', 'keyword', 'heapq', '_heapq', 'itertools', 'reprlib', '_collections', 'weakref', 'collections.abc', 'importlib', 'importlib._bootstrap', 'importlib._bootstrap_external', 'warnings', 'importlib.util', 'importlib.abc', 'importlib.machinery', 'contextlib', 'mpl_toolkits', 'google', 'zope', 'sitecustomize', 'apport_python_hook', 'logging', 'time', 'traceback', 'linecache', 'tokenize', 're', 'enum', 'sre_compile', '_sre', 'sre_parse', 'sre_constants', 'copyreg', 'token', 'string', '_string', 'threading', 'atexit', 'argparse', 'copy', 'textwrap', 'gettext', 'locale', 'struct', '_struct', 'json', 'json.decoder', 'json.scanner', '_json', 'json.encoder', 'settings', 'platform', 'subprocess', 'signal', '_posixsubprocess', 'select', 'selectors', 'math', 'utils', 'datetime', '_datetime', 'numpy', 'numpy._globals', 'numpy.__config__', 'numpy.version', 'numpy._distributor_init', 'numpy.core', 'numpy.core.multiarray', 'numpy.core.overrides', 'numpy.core._multiarray_umath', 'numpy.compat', 'numpy.compat._inspect', 'numpy.compat.py3k', 'pathlib', 'fnmatch', 'ntpath', 'urllib', 'urllib.parse', 'pickle', '_compat_pickle', '_pickle', 'numpy.core.umath', 'numpy.core.numerictypes', 'numbers', 'numpy.core._string_helpers', 'numpy.core._type_aliases', 'numpy.core._dtype', 'numpy.core.numeric', 'numpy.core.shape_base', 'numpy.core._asarray', 'numpy.core.fromnumeric', 'numpy.core._methods', 'numpy.core._exceptions', 'numpy.core._ufunc_config', 'numpy.core.arrayprint', 'numpy.core.defchararray', 'numpy.core.records', 'numpy.core.memmap', 'numpy.core.function_base', 'numpy.core.machar', 'numpy.core.getlimits', 'numpy.core.einsumfunc', 'numpy.core._add_newdocs', 'numpy.core._multiarray_tests', 'numpy.core._dtype_ctypes', 'numpy.core._internal', 'ast', '_ast', 'ctypes', '_ctypes', 'ctypes._endian', 'numpy._pytesttester', 'numpy.lib', 'numpy.lib.mixins', 'numpy.lib.scimath', 'numpy.lib.type_check', 'numpy.lib.ufunclike', 'numpy.lib.index_tricks', 'numpy.matrixlib', 'numpy.matrixlib.defmatrix', 'numpy.linalg', 'numpy.linalg.linalg', 'numpy.lib.twodim_base', 'numpy.linalg.lapack_lite', 'numpy.linalg._umath_linalg', 'numpy.lib.function_base', 'numpy.lib.histograms', 'numpy.lib.stride_tricks', 'numpy.lib.nanfunctions', 'numpy.lib.shape_base', 'numpy.lib.polynomial', 'numpy.lib.utils', 'numpy.lib.arraysetops', 'numpy.lib.npyio', 'numpy.lib.format', 'numpy.lib._datasource', 'shutil', 'zlib', 'bz2', '_compression', '_bz2', 'lzma', '_lzma', 'pwd', 'grp', 'numpy.lib._iotools', 'numpy.lib.financial', 'decimal', '_decimal', 'numpy.lib.arrayterator', 'numpy.lib.arraypad', 'numpy.lib._version', 'numpy.fft', 'numpy.fft._pocketfft', 'numpy.fft._pocketfft_internal', 'numpy.fft.helper', 'numpy.polynomial', 'numpy.polynomial.polynomial', 'numpy.polynomial.polyutils', 'numpy.polynomial._polybase', 'numpy.polynomial.chebyshev', 'numpy.polynomial.legendre', 'numpy.polynomial.hermite', 'numpy.polynomial.hermite_e', 'numpy.polynomial.laguerre', 'numpy.random', 'numpy.random._pickle', 'numpy.random.mtrand', 'cython_runtime', 'numpy.random.bit_generator', '_cython_0_29_21', 'numpy.random._common', 'secrets', 'base64', 'binascii', 'hmac', 'hashlib', '_hashlib', '_blake2', '_sha3', 'random', 'bisect', '_bisect', '_random', 'numpy.random._bounded_integers', 'numpy.random._mt19937', 'numpy.random._philox', 'numpy.random._pcg64', 'numpy.random._sfc64', 'numpy.random._generator', 'numpy.ctypeslib', 'numpy.ma', 'numpy.ma.core', 'numpy.ma.extras', 'numpy.testing', 'unittest', 'unittest.result', 'unittest.util', 'unittest.case', 'difflib', 'pprint', 'unittest.suite', 'unittest.loader', 'unittest.main', 'unittest.runner', 'unittest.signals', 'numpy.testing._private', 'numpy.testing._private.utils', 'gc', 'tempfile', 'numpy.testing._private.decorators', 'numpy.testing._private.nosetester', 'data_manager', 'pandas', 'pytz', 'pytz.exceptions', 'pytz.lazy', 'pytz.tzinfo', 'pytz.tzfile', 'dateutil', 'dateutil._version', 'pandas.compat', 'pandas._typing', 'typing', 'typing.io', 'typing.re', 'pandas.compat.numpy', 'distutils', 'distutils.version', 'pandas._libs', 'pandas._libs.interval', 'pandas._libs.hashtable', 'pandas._libs.missing', 'pandas._libs.tslibs', 'pandas._libs.tslibs.dtypes', 'pandas._libs.tslibs.conversion', 'pandas._libs.tslibs.base', 'pandas._libs.tslibs.nattype', 'pandas._libs.tslibs.np_datetime', 'pandas._libs.tslibs.timezones', 'dateutil.tz', 'dateutil.tz.tz', 'six', '__future__', 'six.moves', 'dateutil.tz._common', 'dateutil.tz._factories', 'pandas._libs.tslibs.tzconversion', 'pandas._libs.tslibs.ccalendar', 'pandas._libs.tslibs.parsing', 'pandas._libs.tslibs.offsets', 'pandas._libs.tslibs.timedeltas', 'pandas._libs.tslibs.timestamps', 'pandas._libs.tslibs.fields', 'pandas._config', 'pandas._config.config', 'pandas._config.dates', 'pandas._config.display', 'pandas._config.localization', 'pandas._libs.tslibs.strptime', 'calendar', 'dateutil.easter', 'dateutil.relativedelta', 'dateutil._common', 'pandas._libs.properties', 'dateutil.parser', 'dateutil.parser._parser', 'dateutil.parser.isoparser', 'pandas._libs.tslibs.period', 'pandas._libs.tslibs.vectorized', 'pandas._libs.ops_dispatch', 'pandas._libs.algos', 'pandas._libs.lib', 'pandas._libs.tslib', 'pandas.core', 'pandas.core.config_init', 'pandas.core.api', 'pandas.core.dtypes', 'pandas.core.dtypes.dtypes', 'pandas.core.dtypes.base', 'pandas.errors', 'pandas.core.dtypes.generic', 'pandas.core.dtypes.inference', 'pandas.core.dtypes.missing', 'pandas.core.dtypes.common', 'pandas.core.algorithms', 'pandas.util', 'pandas.util._decorators', 'inspect', 'dis', 'opcode', '_opcode', 'pandas.core.util', 'pandas.core.util.hashing', 'pandas._libs.hashing', 'pandas.core.dtypes.cast', 'pandas.util._validators', 'pandas.core.construction', 'pandas.core.common', 'pandas.core.indexers', 'pandas.core.arrays', 'pandas.core.arrays.base', 'pandas.compat.numpy.function', 'pandas.core.ops', 'pandas.core.ops.array_ops', 'pandas._libs.ops', 'pandas.core.ops.missing', 'pandas.core.ops.roperator', 'pandas.core.ops.dispatch', 'pandas.core.ops.invalid', 'pandas.core.ops.common', 'pandas.core.ops.docstrings', 'pandas.core.ops.mask_ops', 'pandas.core.ops.methods', 'pandas.core.missing', 'pandas.compat._optional', 'pandas.core.sorting', 'pandas.core.arrays.boolean', 'pandas.core.arrays.masked', 'pandas.core.nanops', 'pandas.core.array_algos', 'pandas.core.array_algos.masked_reductions', 'pandas.core.arrays.categorical', 'csv', '_csv', 'pandas.core.accessor', 'pandas.core.array_algos.transforms', 'pandas.core.arrays._mixins', 'pandas.core.base', 'pandas.io', 'pandas.io.formats', 'pandas.io.formats.console', 'pandas.core.arrays.datetimes', 'pandas.core.arrays.datetimelike', 'pandas.tseries', 'pandas.tseries.frequencies', 'pandas.core.arrays._ranges', 'pandas.tseries.offsets', 'pandas.core.arrays.integer', 'pandas.core.tools', 'pandas.core.tools.numeric', 'pandas.core.arrays.interval', 'pandas.core.indexes', 'pandas.core.indexes.base', 'pandas._libs.index', 'pandas._libs.join', 'pandas.core.dtypes.concat', 'pandas.core.arrays.sparse', 'pandas.core.arrays.sparse.accessor', 'pandas.core.arrays.sparse.array', 'pandas._libs.sparse', 'pandas.core.arrays.sparse.dtype', 'pandas.io.formats.printing', 'pandas.core.indexes.frozen', 'pandas.core.strings', 'pandas.core.arrays.numpy_', 'pandas.core.arrays.period', 'pandas.core.arrays.string_', 'pandas.core.arrays.timedeltas', 'pandas.core.groupby', 'pandas.core.groupby.generic', 'pandas.core.aggregation', 'pandas.core.indexes.api', 'pandas.core.indexes.category', 'pandas.core.indexes.extension', 'pandas.core.indexes.datetimes', 'pandas.core.indexes.datetimelike', 'pandas.core.indexes.numeric', 'pandas.core.tools.timedeltas', 'pandas.core.tools.times', 'pandas.core.indexes.interval', 'pandas.util._exceptions', 'pandas.core.indexes.multi', 'pandas.core.indexes.timedeltas', 'pandas.core.indexes.period', 'pandas.core.indexes.range', 'pandas.core.series', 'pandas._libs.reshape', 'pandas.core.generic', 'pandas.core.indexing', 'pandas._libs.indexing', 'pandas.core.internals', 'pandas.core.internals.blocks', 'pandas._libs.writers', 'pandas._libs.internals', 'pandas.core.internals.concat', 'pandas.core.internals.managers', 'pandas.core.internals.ops', 'pandas.core.shared_docs', 'pandas.io.formats.format', 'unicodedata', 'pandas.io.common', 'gzip', 'mmap', 'zipfile', 'pandas.core.indexes.accessors', 'pandas.core.tools.datetimes', 'pandas.arrays', 'pandas.plotting', 'pandas.plotting._core', 'pandas.plotting._misc', 'pandas.core.window', 'pandas.core.window.ewm', 'pandas._libs.window', 'pandas._libs.window.aggregations', 'pandas.core.window.common', 'pandas.core.groupby.base', 'pandas.core.window.rolling', 'pandas.core.util.numba_', 'pandas.core.window.indexers', 'pandas._libs.window.indexers', 'pandas.core.window.numba_', 'pandas.core.window.expanding', 'pandas.core.frame', 'pandas.core.internals.construction', 'pandas.core.reshape', 'pandas.core.reshape.melt', 'pandas.core.reshape.concat', 'pandas.core.reshape.util', 'pandas.io.formats.info', 'pandas.core.groupby.groupby', 'pandas._libs.groupby', 'pandas.core.groupby.ops', 'pandas._libs.reduction', 'pandas.core.groupby.grouper', 'pandas.core.groupby.categorical', 'pandas.tseries.api', 'pandas.core.computation', 'pandas.core.computation.api', 'pandas.core.computation.eval', 'pandas.core.computation.engines', 'pandas.core.computation.align', 'pandas.core.computation.common', 'pandas.core.computation.ops', 'pandas.core.computation.scope', 'pandas.compat.chainmap', 'pandas.core.computation.expr', 'pandas.core.computation.parsing', 'pandas.core.reshape.api', 'pandas.core.reshape.merge', 'pandas.core.reshape.pivot', 'pandas.core.reshape.reshape', 'pandas.core.reshape.tile', 'pandas.api', 'pandas.api.extensions', 'pandas.api.indexers', 'pandas.api.types', 'pandas.core.dtypes.api', 'pandas.util._print_versions', 'pandas.io.api', 'pandas.io.clipboards', 'pandas.io.excel', 'pandas.io.excel._base', 'pandas._libs.parsers', 'pandas.io.excel._util', 'pandas.io.parsers', 'pandas.io.date_converters', 'pandas.io.excel._odfreader', 'pandas.io.excel._openpyxl', 'pandas.io.excel._pyxlsb', 'pandas.io.excel._xlrd', 'pandas.io.excel._odswriter', 'pandas._libs.json', 'pandas.io.formats.excel', 'pandas.io.formats.css', 'pandas.io.excel._xlsxwriter', 'pandas.io.excel._xlwt', 'pandas.io.feather_format', 'pandas.io.gbq', 'pandas.io.html', 'pandas.io.json', 'pandas.io.json._json', 'pandas.io.json._normalize', 'pandas.io.json._table_schema', 'pandas.io.orc', 'pandas.io.parquet', 'pandas.io.pickle', 'pandas.compat.pickle_compat', 'pandas.io.pytables', 'pandas.core.computation.pytables', 'pandas.io.sas', 'pandas.io.sas.sasreader', 'pandas.io.spss', 'pandas.io.sql', 'pandas.io.stata', 'pandas.util._tester', 'pandas.testing', 'pandas._testing', 'pandas._libs.testing', 'pandas._version', 'agent', 'learners', 'environment', 'visualizer', 'matplotlib', 'matplotlib.cbook', 'shlex', 'matplotlib.cbook.deprecation', 'matplotlib.rcsetup', 'matplotlib.animation', 'uuid', 'ctypes.util', 'matplotlib._animation_data', 'matplotlib.fontconfig_pattern', 'pyparsing', 'matplotlib.colors', 'matplotlib.docstring', 'matplotlib._color_data', 'cycler', 'matplotlib._version', 'matplotlib.ft2font', 'kiwisolver']
CACHEDIR=/home/yjs1916211/.cache/matplotlib
Using fontManager instance from /home/yjs1916211/.cache/matplotlib/fontlist-v330.json
Loaded backend agg version unknown.
Loaded backend agg version unknown.
Loaded backend agg version unknown.
From /home/yjs1916211/.local/lib/python3.6/site-packages/keras/backend/tensorflow_backend.py:74: The name tf.get_default_graph is deprecated. Please use tf.compat.v1.get_default_graph instead.

From /home/yjs1916211/.local/lib/python3.6/site-packages/keras/backend/tensorflow_backend.py:517: The name tf.placeholder is deprecated. Please use tf.compat.v1.placeholder instead.

From /home/yjs1916211/.local/lib/python3.6/site-packages/keras/backend/tensorflow_backend.py:4138: The name tf.random_uniform is deprecated. Please use tf.random.uniform instead.

From /home/yjs1916211/.local/lib/python3.6/site-packages/keras/backend/tensorflow_backend.py:4115: The name tf.random_normal is deprecated. Please use tf.random.normal instead.

From /home/yjs1916211/.local/lib/python3.6/site-packages/keras/backend/tensorflow_backend.py:133: The name tf.placeholder_with_default is deprecated. Please use tf.compat.v1.placeholder_with_default instead.

From /home/yjs1916211/.local/lib/python3.6/site-packages/keras/backend/tensorflow_backend.py:3445: calling dropout (from tensorflow.python.ops.nn_ops) with keep_prob is deprecated and will be removed in a future version.
Instructions for updating:
Please use `rate` instead of `keep_prob`. Rate should be set to `rate = 1 - keep_prob`.
From /home/yjs1916211/.local/lib/python3.6/site-packages/keras/optimizers.py:790: The name tf.train.Optimizer is deprecated. Please use tf.compat.v1.train.Optimizer instead.

From /home/yjs1916211/.local/lib/python3.6/site-packages/tensorflow_core/python/ops/math_grad.py:1424: where (from tensorflow.python.ops.array_ops) is deprecated and will be removed in a future version.
Instructions for updating:
Use tf.where in 2.0, which has the same broadcast rule as np.where
From /home/yjs1916211/Stock_Trader/StockTrader_ddpg_LSTM/actor.py:184: The name tf.train.AdamOptimizer is deprecated. Please use tf.compat.v1.train.AdamOptimizer instead.

[HES] RL:ddpg Net:actorcritic LR:0.0001 DF:0.99 TU:[1,10] DRT:0.05
From /home/yjs1916211/.local/lib/python3.6/site-packages/keras/backend/tensorflow_backend.py:2741: The name tf.Session is deprecated. Please use tf.compat.v1.Session instead.

From /home/yjs1916211/.local/lib/python3.6/site-packages/keras/backend/tensorflow_backend.py:174: The name tf.get_default_session is deprecated. Please use tf.compat.v1.get_default_session instead.

From /home/yjs1916211/.local/lib/python3.6/site-packages/keras/backend/tensorflow_backend.py:181: The name tf.ConfigProto is deprecated. Please use tf.compat.v1.ConfigProto instead.

From /home/yjs1916211/.local/lib/python3.6/site-packages/keras/backend/tensorflow_backend.py:190: The name tf.global_variables is deprecated. Please use tf.compat.v1.global_variables instead.

From /home/yjs1916211/.local/lib/python3.6/site-packages/keras/backend/tensorflow_backend.py:199: The name tf.is_variable_initialized is deprecated. Please use tf.compat.v1.is_variable_initialized instead.

From /home/yjs1916211/.local/lib/python3.6/site-packages/keras/backend/tensorflow_backend.py:206: The name tf.variables_initializer is deprecated. Please use tf.compat.v1.variables_initializer instead.

From /home/yjs1916211/.local/lib/python3.6/site-packages/keras/backend/tensorflow_backend.py:986: The name tf.assign_add is deprecated. Please use tf.compat.v1.assign_add instead.

From /home/yjs1916211/.local/lib/python3.6/site-packages/keras/backend/tensorflow_backend.py:973: The name tf.assign is deprecated. Please use tf.compat.v1.assign instead.

[HES][Epoch 001/100] Epsilon:1.0000 #Expl.:1251/1251 #Buy:395 #Sell:351 #Hold:505 #Stocks:125 PV:8,957 LC:1176 Loss:23.345510 ET:50.1739
findfont: Matching sans\-serif:style=normal:variant=normal:weight=normal:stretch=normal:size=10.0.
findfont: score(<Font 'STIXSizeFiveSym' (STIXSizFiveSymReg.ttf) normal normal 400 normal>) = 10.05
findfont: score(<Font 'STIXSizeTwoSym' (STIXSizTwoSymBol.ttf) normal normal 700 normal>) = 10.335
findfont: score(<Font 'STIXSizeTwoSym' (STIXSizTwoSymReg.ttf) normal normal 400 normal>) = 10.05
findfont: score(<Font 'STIXSizeThreeSym' (STIXSizThreeSymReg.ttf) normal normal 400 normal>) = 10.05
findfont: score(<Font 'DejaVu Sans Mono' (DejaVuSansMono-BoldOblique.ttf) oblique normal 700 normal>) = 11.335
findfont: score(<Font 'STIXSizeFourSym' (STIXSizFourSymBol.ttf) normal normal 700 normal>) = 10.335
findfont: score(<Font 'cmmi10' (cmmi10.ttf) normal normal 400 normal>) = 10.05
findfont: score(<Font 'STIXSizeOneSym' (STIXSizOneSymReg.ttf) normal normal 400 normal>) = 10.05
findfont: score(<Font 'STIXNonUnicode' (STIXNonUniBol.ttf) normal normal 700 normal>) = 10.335
findfont: score(<Font 'STIXNonUnicode' (STIXNonUniBolIta.ttf) italic normal 700 normal>) = 11.335
findfont: score(<Font 'DejaVu Sans Mono' (DejaVuSansMono-Oblique.ttf) oblique normal 400 normal>) = 11.05
findfont: score(<Font 'cmr10' (cmr10.ttf) normal normal 400 normal>) = 10.05
findfont: score(<Font 'STIXGeneral' (STIXGeneralBolIta.ttf) italic normal 700 normal>) = 11.335
findfont: score(<Font 'DejaVu Serif' (DejaVuSerif-Bold.ttf) normal normal 700 normal>) = 10.335
findfont: score(<Font 'DejaVu Serif' (DejaVuSerif.ttf) normal normal 400 normal>) = 10.05
findfont: score(<Font 'STIXSizeOneSym' (STIXSizOneSymBol.ttf) normal normal 700 normal>) = 10.335
findfont: score(<Font 'DejaVu Serif' (DejaVuSerif-Italic.ttf) italic normal 400 normal>) = 11.05
findfont: score(<Font 'STIXNonUnicode' (STIXNonUniIta.ttf) italic normal 400 normal>) = 11.05
findfont: score(<Font 'STIXSizeFourSym' (STIXSizFourSymReg.ttf) normal normal 400 normal>) = 10.05
findfont: score(<Font 'cmb10' (cmb10.ttf) normal normal 400 normal>) = 10.05
findfont: score(<Font 'DejaVu Sans Display' (DejaVuSansDisplay.ttf) normal normal 400 normal>) = 10.05
findfont: score(<Font 'cmss10' (cmss10.ttf) normal normal 400 normal>) = 10.05
findfont: score(<Font 'STIXGeneral' (STIXGeneral.ttf) normal normal 400 normal>) = 10.05
findfont: score(<Font 'DejaVu Sans' (DejaVuSans-Oblique.ttf) oblique normal 400 normal>) = 1.05
findfont: score(<Font 'DejaVu Sans' (DejaVuSans-Bold.ttf) normal normal 700 normal>) = 0.33499999999999996
findfont: score(<Font 'DejaVu Sans' (DejaVuSans-BoldOblique.ttf) oblique normal 700 normal>) = 1.335
findfont: score(<Font 'DejaVu Serif' (DejaVuSerif-BoldItalic.ttf) italic normal 700 normal>) = 11.335
findfont: score(<Font 'cmsy10' (cmsy10.ttf) normal normal 400 normal>) = 10.05
findfont: score(<Font 'STIXNonUnicode' (STIXNonUni.ttf) normal normal 400 normal>) = 10.05
findfont: score(<Font 'cmtt10' (cmtt10.ttf) normal normal 400 normal>) = 10.05
findfont: score(<Font 'DejaVu Sans Mono' (DejaVuSansMono-Bold.ttf) normal normal 700 normal>) = 10.335
findfont: score(<Font 'cmex10' (cmex10.ttf) normal normal 400 normal>) = 10.05
findfont: score(<Font 'STIXSizeThreeSym' (STIXSizThreeSymBol.ttf) normal normal 700 normal>) = 10.335
findfont: score(<Font 'STIXGeneral' (STIXGeneralBol.ttf) normal normal 700 normal>) = 10.335
findfont: score(<Font 'DejaVu Sans Mono' (DejaVuSansMono.ttf) normal normal 400 normal>) = 10.05
findfont: score(<Font 'STIXGeneral' (STIXGeneralItalic.ttf) italic normal 400 normal>) = 11.05
findfont: score(<Font 'DejaVu Sans' (DejaVuSans.ttf) normal normal 400 normal>) = 0.05
findfont: score(<Font 'DejaVu Serif Display' (DejaVuSerifDisplay.ttf) normal normal 400 normal>) = 10.05
findfont: Matching sans\-serif:style=normal:variant=normal:weight=normal:stretch=normal:size=10.0 to DejaVu Sans ('/home/yjs1916211/.local/lib/python3.6/site-packages/matplotlib/mpl-data/fonts/ttf/DejaVuSans.ttf') with score of 0.050000.
top of axes not in the figure, so title not moved
findfont: Matching sans\-serif:style=normal:variant=normal:weight=normal:stretch=normal:size=12.0.
findfont: score(<Font 'STIXSizeFiveSym' (STIXSizFiveSymReg.ttf) normal normal 400 normal>) = 10.05
findfont: score(<Font 'STIXSizeTwoSym' (STIXSizTwoSymBol.ttf) normal normal 700 normal>) = 10.335
findfont: score(<Font 'STIXSizeTwoSym' (STIXSizTwoSymReg.ttf) normal normal 400 normal>) = 10.05
findfont: score(<Font 'STIXSizeThreeSym' (STIXSizThreeSymReg.ttf) normal normal 400 normal>) = 10.05
findfont: score(<Font 'DejaVu Sans Mono' (DejaVuSansMono-BoldOblique.ttf) oblique normal 700 normal>) = 11.335
findfont: score(<Font 'STIXSizeFourSym' (STIXSizFourSymBol.ttf) normal normal 700 normal>) = 10.335
findfont: score(<Font 'cmmi10' (cmmi10.ttf) normal normal 400 normal>) = 10.05
findfont: score(<Font 'STIXSizeOneSym' (STIXSizOneSymReg.ttf) normal normal 400 normal>) = 10.05
findfont: score(<Font 'STIXNonUnicode' (STIXNonUniBol.ttf) normal normal 700 normal>) = 10.335
findfont: score(<Font 'STIXNonUnicode' (STIXNonUniBolIta.ttf) italic normal 700 normal>) = 11.335
findfont: score(<Font 'DejaVu Sans Mono' (DejaVuSansMono-Oblique.ttf) oblique normal 400 normal>) = 11.05
findfont: score(<Font 'cmr10' (cmr10.ttf) normal normal 400 normal>) = 10.05
findfont: score(<Font 'STIXGeneral' (STIXGeneralBolIta.ttf) italic normal 700 normal>) = 11.335
findfont: score(<Font 'DejaVu Serif' (DejaVuSerif-Bold.ttf) normal normal 700 normal>) = 10.335
findfont: score(<Font 'DejaVu Serif' (DejaVuSerif.ttf) normal normal 400 normal>) = 10.05
findfont: score(<Font 'STIXSizeOneSym' (STIXSizOneSymBol.ttf) normal normal 700 normal>) = 10.335
findfont: score(<Font 'DejaVu Serif' (DejaVuSerif-Italic.ttf) italic normal 400 normal>) = 11.05
findfont: score(<Font 'STIXNonUnicode' (STIXNonUniIta.ttf) italic normal 400 normal>) = 11.05
findfont: score(<Font 'STIXSizeFourSym' (STIXSizFourSymReg.ttf) normal normal 400 normal>) = 10.05
findfont: score(<Font 'cmb10' (cmb10.ttf) normal normal 400 normal>) = 10.05
findfont: score(<Font 'DejaVu Sans Display' (DejaVuSansDisplay.ttf) normal normal 400 normal>) = 10.05
findfont: score(<Font 'cmss10' (cmss10.ttf) normal normal 400 normal>) = 10.05
findfont: score(<Font 'STIXGeneral' (STIXGeneral.ttf) normal normal 400 normal>) = 10.05
findfont: score(<Font 'DejaVu Sans' (DejaVuSans-Oblique.ttf) oblique normal 400 normal>) = 1.05
findfont: score(<Font 'DejaVu Sans' (DejaVuSans-Bold.ttf) normal normal 700 normal>) = 0.33499999999999996
findfont: score(<Font 'DejaVu Sans' (DejaVuSans-BoldOblique.ttf) oblique normal 700 normal>) = 1.335
findfont: score(<Font 'DejaVu Serif' (DejaVuSerif-BoldItalic.ttf) italic normal 700 normal>) = 11.335
findfont: score(<Font 'cmsy10' (cmsy10.ttf) normal normal 400 normal>) = 10.05
findfont: score(<Font 'STIXNonUnicode' (STIXNonUni.ttf) normal normal 400 normal>) = 10.05
findfont: score(<Font 'cmtt10' (cmtt10.ttf) normal normal 400 normal>) = 10.05
findfont: score(<Font 'DejaVu Sans Mono' (DejaVuSansMono-Bold.ttf) normal normal 700 normal>) = 10.335
findfont: score(<Font 'cmex10' (cmex10.ttf) normal normal 400 normal>) = 10.05
findfont: score(<Font 'STIXSizeThreeSym' (STIXSizThreeSymBol.ttf) normal normal 700 normal>) = 10.335
findfont: score(<Font 'STIXGeneral' (STIXGeneralBol.ttf) normal normal 700 normal>) = 10.335
findfont: score(<Font 'DejaVu Sans Mono' (DejaVuSansMono.ttf) normal normal 400 normal>) = 10.05
findfont: score(<Font 'STIXGeneral' (STIXGeneralItalic.ttf) italic normal 400 normal>) = 11.05
findfont: score(<Font 'DejaVu Sans' (DejaVuSans.ttf) normal normal 400 normal>) = 0.05
findfont: score(<Font 'DejaVu Serif Display' (DejaVuSerifDisplay.ttf) normal normal 400 normal>) = 10.05
findfont: Matching sans\-serif:style=normal:variant=normal:weight=normal:stretch=normal:size=12.0 to DejaVu Sans ('/home/yjs1916211/.local/lib/python3.6/site-packages/matplotlib/mpl-data/fonts/ttf/DejaVuSans.ttf') with score of 0.050000.
top of axes not in the figure, so title not moved
[HES][Epoch 002/100] Epsilon:0.9899 #Expl.:1233/1251 #Buy:612 #Sell:593 #Hold:46 #Stocks:81 PV:6,027 LC:1181 Loss:14.860666 ET:42.4218
top of axes not in the figure, so title not moved
top of axes not in the figure, so title not moved
[HES][Epoch 003/100] Epsilon:0.9798 #Expl.:1236/1251 #Buy:539 #Sell:497 #Hold:215 #Stocks:122 PV:9,341 LC:1161 Loss:17.612086 ET:41.9899
top of axes not in the figure, so title not moved
top of axes not in the figure, so title not moved
[HES][Epoch 004/100] Epsilon:0.9697 #Expl.:1213/1251 #Buy:149 #Sell:110 #Hold:992 #Stocks:137 PV:9,116 LC:1183 Loss:22.922774 ET:42.7213
top of axes not in the figure, so title not moved
top of axes not in the figure, so title not moved
[HES][Epoch 005/100] Epsilon:0.9596 #Expl.:1199/1251 #Buy:589 #Sell:552 #Hold:110 #Stocks:143 PV:9,462 LC:1159 Loss:17.538462 ET:42.0664
top of axes not in the figure, so title not moved
top of axes not in the figure, so title not moved
[HES][Epoch 006/100] Epsilon:0.9495 #Expl.:1183/1251 #Buy:164 #Sell:128 #Hold:959 #Stocks:136 PV:9,052 LC:1186 Loss:25.067942 ET:42.8073
top of axes not in the figure, so title not moved
top of axes not in the figure, so title not moved
[HES][Epoch 007/100] Epsilon:0.9394 #Expl.:1166/1251 #Buy:106 #Sell:74 #Hold:1071 #Stocks:138 PV:9,149 LC:1184 Loss:24.466406 ET:42.8430
top of axes not in the figure, so title not moved
top of axes not in the figure, so title not moved
[HES][Epoch 008/100] Epsilon:0.9293 #Expl.:1140/1251 #Buy:444 #Sell:399 #Hold:408 #Stocks:129 PV:8,554 LC:1178 Loss:25.557951 ET:42.8507
top of axes not in the figure, so title not moved
top of axes not in the figure, so title not moved
[HES][Epoch 009/100] Epsilon:0.9192 #Expl.:1169/1251 #Buy:339 #Sell:296 #Hold:616 #Stocks:139 PV:9,217 LC:1181 Loss:23.198441 ET:42.5657
top of axes not in the figure, so title not moved
top of axes not in the figure, so title not moved
[HES][Epoch 010/100] Epsilon:0.9091 #Expl.:1134/1251 #Buy:133 #Sell:98 #Hold:1020 #Stocks:137 PV:9,092 LC:1182 Loss:24.727773 ET:42.6577
top of axes not in the figure, so title not moved
top of axes not in the figure, so title not moved
[HES][Epoch 011/100] Epsilon:0.8990 #Expl.:1134/1251 #Buy:572 #Sell:530 #Hold:149 #Stocks:149 PV:10,213 LC:1153 Loss:16.130727 ET:42.0776
top of axes not in the figure, so title not moved
top of axes not in the figure, so title not moved
[HES][Epoch 012/100] Epsilon:0.8889 #Expl.:1128/1251 #Buy:551 #Sell:510 #Hold:190 #Stocks:138 PV:9,498 LC:1184 Loss:20.524619 ET:42.7093
top of axes not in the figure, so title not moved
top of axes not in the figure, so title not moved
[HES][Epoch 013/100] Epsilon:0.8788 #Expl.:1108/1251 #Buy:596 #Sell:555 #Hold:100 #Stocks:166 PV:12,063 LC:1160 Loss:12.522694 ET:41.9447
top of axes not in the figure, so title not moved
top of axes not in the figure, so title not moved
[HES][Epoch 014/100] Epsilon:0.8687 #Expl.:1079/1251 #Buy:294 #Sell:255 #Hold:702 #Stocks:130 PV:8,635 LC:1186 Loss:30.136758 ET:42.6795
top of axes not in the figure, so title not moved
top of axes not in the figure, so title not moved
[HES][Epoch 015/100] Epsilon:0.8586 #Expl.:1079/1251 #Buy:460 #Sell:421 #Hold:370 #Stocks:120 PV:8,890 LC:1183 Loss:24.554966 ET:42.9280
top of axes not in the figure, so title not moved
top of axes not in the figure, so title not moved
[HES][Epoch 016/100] Epsilon:0.8485 #Expl.:1060/1251 #Buy:511 #Sell:467 #Hold:273 #Stocks:125 PV:8,623 LC:1172 Loss:22.149145 ET:42.4375
top of axes not in the figure, so title not moved
top of axes not in the figure, so title not moved
[HES][Epoch 017/100] Epsilon:0.8384 #Expl.:1057/1251 #Buy:195 #Sell:158 #Hold:898 #Stocks:140 PV:9,278 LC:1186 Loss:24.970147 ET:42.6289
top of axes not in the figure, so title not moved
top of axes not in the figure, so title not moved
[HES][Epoch 018/100] Epsilon:0.8283 #Expl.:1037/1251 #Buy:222 #Sell:184 #Hold:845 #Stocks:133 PV:8,819 LC:1183 Loss:27.434854 ET:42.7457
top of axes not in the figure, so title not moved
top of axes not in the figure, so title not moved
[HES][Epoch 019/100] Epsilon:0.8182 #Expl.:1025/1251 #Buy:468 #Sell:427 #Hold:356 #Stocks:139 PV:9,888 LC:1180 Loss:22.603521 ET:42.4800
top of axes not in the figure, so title not moved
top of axes not in the figure, so title not moved
[HES][Epoch 020/100] Epsilon:0.8081 #Expl.:1003/1251 #Buy:543 #Sell:500 #Hold:208 #Stocks:135 PV:8,966 LC:1181 Loss:20.721683 ET:42.5855
top of axes not in the figure, so title not moved
top of axes not in the figure, so title not moved
[HES][Epoch 021/100] Epsilon:0.7980 #Expl.:1018/1251 #Buy:334 #Sell:288 #Hold:629 #Stocks:129 PV:8,577 LC:1182 Loss:26.782151 ET:42.1864
top of axes not in the figure, so title not moved
top of axes not in the figure, so title not moved
[HES][Epoch 022/100] Epsilon:0.7879 #Expl.:981/1251 #Buy:579 #Sell:533 #Hold:139 #Stocks:163 PV:10,824 LC:1176 Loss:16.382692 ET:42.7074
top of axes not in the figure, so title not moved
top of axes not in the figure, so title not moved
[HES][Epoch 023/100] Epsilon:0.7778 #Expl.:964/1251 #Buy:341 #Sell:294 #Hold:616 #Stocks:143 PV:9,466 LC:1185 Loss:25.698217 ET:42.5431
top of axes not in the figure, so title not moved
top of axes not in the figure, so title not moved
[HES][Epoch 024/100] Epsilon:0.7677 #Expl.:970/1251 #Buy:475 #Sell:428 #Hold:348 #Stocks:142 PV:9,401 LC:1181 Loss:25.072139 ET:42.5415
top of axes not in the figure, so title not moved
top of axes not in the figure, so title not moved
[HES][Epoch 025/100] Epsilon:0.7576 #Expl.:933/1251 #Buy:449 #Sell:406 #Hold:396 #Stocks:139 PV:9,195 LC:1186 Loss:28.141193 ET:42.7413
top of axes not in the figure, so title not moved
top of axes not in the figure, so title not moved
[HES][Epoch 026/100] Epsilon:0.7475 #Expl.:954/1251 #Buy:293 #Sell:256 #Hold:702 #Stocks:130 PV:8,627 LC:1182 Loss:30.585503 ET:42.2765
top of axes not in the figure, so title not moved
top of axes not in the figure, so title not moved
[HES][Epoch 027/100] Epsilon:0.7374 #Expl.:910/1251 #Buy:595 #Sell:574 #Hold:82 #Stocks:84 PV:6,823 LC:1154 Loss:25.502956 ET:41.6498
top of axes not in the figure, so title not moved
top of axes not in the figure, so title not moved
[HES][Epoch 028/100] Epsilon:0.7273 #Expl.:896/1251 #Buy:570 #Sell:541 #Hold:140 #Stocks:105 PV:8,531 LC:1172 Loss:15.854053 ET:42.4321
top of axes not in the figure, so title not moved
top of axes not in the figure, so title not moved
[HES][Epoch 029/100] Epsilon:0.7172 #Expl.:896/1251 #Buy:375 #Sell:333 #Hold:543 #Stocks:133 PV:8,831 LC:1183 Loss:28.923464 ET:42.7118
top of axes not in the figure, so title not moved
top of axes not in the figure, so title not moved
[HES][Epoch 030/100] Epsilon:0.7071 #Expl.:877/1251 #Buy:576 #Sell:553 #Hold:122 #Stocks:85 PV:5,647 LC:1178 Loss:27.734187 ET:42.3184
top of axes not in the figure, so title not moved
top of axes not in the figure, so title not moved
[HES][Epoch 031/100] Epsilon:0.6970 #Expl.:872/1251 #Buy:578 #Sell:546 #Hold:127 #Stocks:111 PV:9,032 LC:1172 Loss:30.061392 ET:42.2566
top of axes not in the figure, so title not moved
top of axes not in the figure, so title not moved
[HES][Epoch 032/100] Epsilon:0.6869 #Expl.:834/1251 #Buy:592 #Sell:557 #Hold:102 #Stocks:156 PV:10,691 LC:1182 Loss:12.158287 ET:42.6503
top of axes not in the figure, so title not moved
top of axes not in the figure, so title not moved
[HES][Epoch 033/100] Epsilon:0.6768 #Expl.:846/1251 #Buy:338 #Sell:292 #Hold:621 #Stocks:134 PV:8,923 LC:1182 Loss:30.935940 ET:42.3262
top of axes not in the figure, so title not moved
top of axes not in the figure, so title not moved
[HES][Epoch 034/100] Epsilon:0.6667 #Expl.:842/1251 #Buy:452 #Sell:409 #Hold:390 #Stocks:125 PV:8,325 LC:1182 Loss:36.257230 ET:42.3304
top of axes not in the figure, so title not moved
top of axes not in the figure, so title not moved
[HES][Epoch 035/100] Epsilon:0.6566 #Expl.:811/1251 #Buy:598 #Sell:570 #Hold:83 #Stocks:127 PV:8,449 LC:1180 Loss:18.544458 ET:42.4630
top of axes not in the figure, so title not moved
top of axes not in the figure, so title not moved
[HES][Epoch 036/100] Epsilon:0.6465 #Expl.:811/1251 #Buy:578 #Sell:556 #Hold:117 #Stocks:92 PV:8,065 LC:1170 Loss:12.885321 ET:42.2027
top of axes not in the figure, so title not moved
top of axes not in the figure, so title not moved
[HES][Epoch 037/100] Epsilon:0.6364 #Expl.:797/1251 #Buy:382 #Sell:342 #Hold:527 #Stocks:126 PV:8,669 LC:1183 Loss:34.222962 ET:42.6587
top of axes not in the figure, so title not moved
top of axes not in the figure, so title not moved
[HES][Epoch 038/100] Epsilon:0.6263 #Expl.:791/1251 #Buy:595 #Sell:571 #Hold:85 #Stocks:116 PV:7,728 LC:1178 Loss:14.383851 ET:42.4843
top of axes not in the figure, so title not moved
top of axes not in the figure, so title not moved
[HES][Epoch 039/100] Epsilon:0.6162 #Expl.:797/1251 #Buy:603 #Sell:573 #Hold:75 #Stocks:143 PV:9,791 LC:1153 Loss:6.739116 ET:42.0939
top of axes not in the figure, so title not moved
top of axes not in the figure, so title not moved
[HES][Epoch 040/100] Epsilon:0.6061 #Expl.:754/1251 #Buy:467 #Sell:430 #Hold:354 #Stocks:129 PV:8,849 LC:1182 Loss:27.570992 ET:42.6570
top of axes not in the figure, so title not moved
top of axes not in the figure, so title not moved
[HES][Epoch 041/100] Epsilon:0.5960 #Expl.:768/1251 #Buy:480 #Sell:438 #Hold:333 #Stocks:114 PV:8,252 LC:1183 Loss:28.379558 ET:42.5750
top of axes not in the figure, so title not moved
top of axes not in the figure, so title not moved
[HES][Epoch 042/100] Epsilon:0.5859 #Expl.:772/1251 #Buy:591 #Sell:556 #Hold:104 #Stocks:117 PV:9,330 LC:1182 Loss:26.461734 ET:42.5010
top of axes not in the figure, so title not moved
top of axes not in the figure, so title not moved
[HES][Epoch 043/100] Epsilon:0.5758 #Expl.:729/1251 #Buy:517 #Sell:483 #Hold:251 #Stocks:111 PV:8,040 LC:1180 Loss:35.264123 ET:42.5581
top of axes not in the figure, so title not moved
top of axes not in the figure, so title not moved
[HES][Epoch 044/100] Epsilon:0.5657 #Expl.:675/1251 #Buy:456 #Sell:413 #Hold:382 #Stocks:152 PV:10,062 LC:1183 Loss:24.262381 ET:42.6676
top of axes not in the figure, so title not moved
top of axes not in the figure, so title not moved
[HES][Epoch 045/100] Epsilon:0.5556 #Expl.:708/1251 #Buy:428 #Sell:388 #Hold:435 #Stocks:137 PV:9,317 LC:1181 Loss:24.107502 ET:42.7751
top of axes not in the figure, so title not moved
top of axes not in the figure, so title not moved
[HES][Epoch 046/100] Epsilon:0.5455 #Expl.:688/1251 #Buy:488 #Sell:442 #Hold:321 #Stocks:147 PV:9,771 LC:1181 Loss:28.799660 ET:42.5468
top of axes not in the figure, so title not moved
top of axes not in the figure, so title not moved
[HES][Epoch 047/100] Epsilon:0.5354 #Expl.:620/1251 #Buy:497 #Sell:455 #Hold:299 #Stocks:141 PV:9,333 LC:1187 Loss:29.082383 ET:42.8516
top of axes not in the figure, so title not moved
top of axes not in the figure, so title not moved
[HES][Epoch 048/100] Epsilon:0.5253 #Expl.:664/1251 #Buy:585 #Sell:559 #Hold:107 #Stocks:94 PV:6,800 LC:1178 Loss:14.844598 ET:42.4083
top of axes not in the figure, so title not moved
top of axes not in the figure, so title not moved
[HES][Epoch 049/100] Epsilon:0.5152 #Expl.:623/1251 #Buy:473 #Sell:435 #Hold:343 #Stocks:129 PV:8,916 LC:1182 Loss:21.218935 ET:42.5756
top of axes not in the figure, so title not moved
top of axes not in the figure, so title not moved
[HES][Epoch 050/100] Epsilon:0.5051 #Expl.:666/1251 #Buy:534 #Sell:499 #Hold:218 #Stocks:133 PV:9,142 LC:1160 Loss:37.035556 ET:41.9488
top of axes not in the figure, so title not moved
top of axes not in the figure, so title not moved
[HES][Epoch 051/100] Epsilon:0.4949 #Expl.:623/1251 #Buy:465 #Sell:428 #Hold:358 #Stocks:131 PV:9,052 LC:1182 Loss:31.631842 ET:42.3170
top of axes not in the figure, so title not moved
top of axes not in the figure, so title not moved
[HES][Epoch 052/100] Epsilon:0.4848 #Expl.:598/1251 #Buy:551 #Sell:526 #Hold:174 #Stocks:114 PV:8,461 LC:1181 Loss:9.732012 ET:42.7363
top of axes not in the figure, so title not moved
top of axes not in the figure, so title not moved
[HES][Epoch 053/100] Epsilon:0.4747 #Expl.:595/1251 #Buy:561 #Sell:537 #Hold:153 #Stocks:110 PV:7,931 LC:1178 Loss:14.622926 ET:42.5732
top of axes not in the figure, so title not moved
top of axes not in the figure, so title not moved
[HES][Epoch 054/100] Epsilon:0.4646 #Expl.:577/1251 #Buy:483 #Sell:450 #Hold:318 #Stocks:104 PV:7,248 LC:1183 Loss:56.238819 ET:42.8125
top of axes not in the figure, so title not moved
top of axes not in the figure, so title not moved
[HES][Epoch 055/100] Epsilon:0.4545 #Expl.:577/1251 #Buy:557 #Sell:523 #Hold:171 #Stocks:125 PV:8,616 LC:1174 Loss:11.318020 ET:42.4979
top of axes not in the figure, so title not moved
top of axes not in the figure, so title not moved
[HES][Epoch 056/100] Epsilon:0.4444 #Expl.:600/1251 #Buy:574 #Sell:551 #Hold:126 #Stocks:99 PV:6,604 LC:1182 Loss:17.457310 ET:42.9038
top of axes not in the figure, so title not moved
top of axes not in the figure, so title not moved
[HES][Epoch 057/100] Epsilon:0.4343 #Expl.:542/1251 #Buy:469 #Sell:440 #Hold:342 #Stocks:118 PV:7,855 LC:1184 Loss:22.513379 ET:42.7067
top of axes not in the figure, so title not moved
top of axes not in the figure, so title not moved
[HES][Epoch 058/100] Epsilon:0.4242 #Expl.:512/1251 #Buy:475 #Sell:442 #Hold:334 #Stocks:121 PV:8,342 LC:1185 Loss:28.079197 ET:42.6970
top of axes not in the figure, so title not moved
top of axes not in the figure, so title not moved
[HES][Epoch 059/100] Epsilon:0.4141 #Expl.:506/1251 #Buy:531 #Sell:499 #Hold:221 #Stocks:119 PV:7,907 LC:1185 Loss:40.506686 ET:42.4651
top of axes not in the figure, so title not moved
top of axes not in the figure, so title not moved
[HES][Epoch 060/100] Epsilon:0.4040 #Expl.:528/1251 #Buy:464 #Sell:432 #Hold:355 #Stocks:116 PV:8,009 LC:1185 Loss:20.815153 ET:42.6449
top of axes not in the figure, so title not moved
top of axes not in the figure, so title not moved
[HES][Epoch 061/100] Epsilon:0.3939 #Expl.:500/1251 #Buy:476 #Sell:442 #Hold:333 #Stocks:126 PV:8,349 LC:1183 Loss:25.943782 ET:42.6738
top of axes not in the figure, so title not moved
top of axes not in the figure, so title not moved
[HES][Epoch 062/100] Epsilon:0.3838 #Expl.:486/1251 #Buy:515 #Sell:494 #Hold:242 #Stocks:68 PV:6,107 LC:1181 Loss:31.649293 ET:42.6547
top of axes not in the figure, so title not moved
top of axes not in the figure, so title not moved
[HES][Epoch 063/100] Epsilon:0.3737 #Expl.:462/1251 #Buy:504 #Sell:467 #Hold:280 #Stocks:142 PV:9,413 LC:1181 Loss:35.073260 ET:42.6832
top of axes not in the figure, so title not moved
top of axes not in the figure, so title not moved
[HES][Epoch 064/100] Epsilon:0.3636 #Expl.:435/1251 #Buy:531 #Sell:499 #Hold:221 #Stocks:128 PV:8,533 LC:1179 Loss:11.573853 ET:42.4453
top of axes not in the figure, so title not moved
top of axes not in the figure, so title not moved
[HES][Epoch 065/100] Epsilon:0.3535 #Expl.:470/1251 #Buy:511 #Sell:480 #Hold:260 #Stocks:106 PV:7,053 LC:1186 Loss:55.505030 ET:42.6109
top of axes not in the figure, so title not moved
top of axes not in the figure, so title not moved
[HES][Epoch 066/100] Epsilon:0.3434 #Expl.:443/1251 #Buy:543 #Sell:509 #Hold:199 #Stocks:135 PV:9,270 LC:1181 Loss:12.266514 ET:42.7082
top of axes not in the figure, so title not moved
top of axes not in the figure, so title not moved
[HES][Epoch 067/100] Epsilon:0.3333 #Expl.:444/1251 #Buy:505 #Sell:481 #Hold:265 #Stocks:103 PV:7,182 LC:1181 Loss:54.196694 ET:42.6504
top of axes not in the figure, so title not moved
top of axes not in the figure, so title not moved
[HES][Epoch 068/100] Epsilon:0.3232 #Expl.:395/1251 #Buy:514 #Sell:484 #Hold:253 #Stocks:114 PV:7,922 LC:1184 Loss:14.154906 ET:42.7029
top of axes not in the figure, so title not moved
top of axes not in the figure, so title not moved
[HES][Epoch 069/100] Epsilon:0.3131 #Expl.:395/1251 #Buy:513 #Sell:486 #Hold:252 #Stocks:119 PV:8,235 LC:1178 Loss:25.974333 ET:42.5878
top of axes not in the figure, so title not moved
top of axes not in the figure, so title not moved
[HES][Epoch 070/100] Epsilon:0.3030 #Expl.:367/1251 #Buy:521 #Sell:495 #Hold:235 #Stocks:119 PV:8,248 LC:1182 Loss:17.279600 ET:42.5525
top of axes not in the figure, so title not moved
top of axes not in the figure, so title not moved
[HES][Epoch 071/100] Epsilon:0.2929 #Expl.:387/1251 #Buy:522 #Sell:495 #Hold:234 #Stocks:113 PV:8,136 LC:1182 Loss:20.463737 ET:42.7981
top of axes not in the figure, so title not moved
top of axes not in the figure, so title not moved
[HES][Epoch 072/100] Epsilon:0.2828 #Expl.:378/1251 #Buy:539 #Sell:512 #Hold:200 #Stocks:108 PV:8,679 LC:1162 Loss:31.406899 ET:42.2602
top of axes not in the figure, so title not moved
top of axes not in the figure, so title not moved
[HES][Epoch 073/100] Epsilon:0.2727 #Expl.:366/1251 #Buy:523 #Sell:494 #Hold:234 #Stocks:115 PV:7,998 LC:1180 Loss:22.201013 ET:42.9262
top of axes not in the figure, so title not moved
top of axes not in the figure, so title not moved
[HES][Epoch 074/100] Epsilon:0.2626 #Expl.:317/1251 #Buy:517 #Sell:485 #Hold:249 #Stocks:122 PV:8,459 LC:1184 Loss:22.764137 ET:42.7627
top of axes not in the figure, so title not moved
top of axes not in the figure, so title not moved
[HES][Epoch 075/100] Epsilon:0.2525 #Expl.:299/1251 #Buy:510 #Sell:480 #Hold:261 #Stocks:115 PV:8,002 LC:1184 Loss:17.428244 ET:42.6130
top of axes not in the figure, so title not moved
top of axes not in the figure, so title not moved
[HES][Epoch 076/100] Epsilon:0.2424 #Expl.:306/1251 #Buy:516 #Sell:484 #Hold:251 #Stocks:125 PV:8,662 LC:1187 Loss:51.482122 ET:42.7245
top of axes not in the figure, so title not moved
top of axes not in the figure, so title not moved
[HES][Epoch 077/100] Epsilon:0.2323 #Expl.:294/1251 #Buy:495 #Sell:469 #Hold:287 #Stocks:111 PV:7,723 LC:1184 Loss:10.040794 ET:42.7635
top of axes not in the figure, so title not moved
top of axes not in the figure, so title not moved
[HES][Epoch 078/100] Epsilon:0.2222 #Expl.:273/1251 #Buy:512 #Sell:489 #Hold:250 #Stocks:110 PV:7,918 LC:1178 Loss:14.150769 ET:42.4330
top of axes not in the figure, so title not moved
top of axes not in the figure, so title not moved
[HES][Epoch 079/100] Epsilon:0.2121 #Expl.:275/1251 #Buy:509 #Sell:486 #Hold:256 #Stocks:103 PV:7,761 LC:1181 Loss:47.447506 ET:42.7234
top of axes not in the figure, so title not moved
top of axes not in the figure, so title not moved
[HES][Epoch 080/100] Epsilon:0.2020 #Expl.:238/1251 #Buy:510 #Sell:485 #Hold:256 #Stocks:118 PV:8,153 LC:1181 Loss:8.075688 ET:42.7366
top of axes not in the figure, so title not moved
top of axes not in the figure, so title not moved
[HES][Epoch 081/100] Epsilon:0.1919 #Expl.:237/1251 #Buy:498 #Sell:472 #Hold:281 #Stocks:113 PV:7,820 LC:1179 Loss:16.838506 ET:42.6633
top of axes not in the figure, so title not moved
top of axes not in the figure, so title not moved
[HES][Epoch 082/100] Epsilon:0.1818 #Expl.:210/1251 #Buy:483 #Sell:453 #Hold:315 #Stocks:119 PV:8,242 LC:1187 Loss:26.786699 ET:42.7905
top of axes not in the figure, so title not moved
top of axes not in the figure, so title not moved
[HES][Epoch 083/100] Epsilon:0.1717 #Expl.:208/1251 #Buy:487 #Sell:455 #Hold:309 #Stocks:120 PV:8,322 LC:1185 Loss:19.235915 ET:42.7177
top of axes not in the figure, so title not moved
top of axes not in the figure, so title not moved
[HES][Epoch 084/100] Epsilon:0.1616 #Expl.:185/1251 #Buy:498 #Sell:467 #Hold:286 #Stocks:133 PV:9,155 LC:1182 Loss:25.263667 ET:42.5454
top of axes not in the figure, so title not moved
top of axes not in the figure, so title not moved
[HES][Epoch 085/100] Epsilon:0.1515 #Expl.:205/1251 #Buy:500 #Sell:472 #Hold:279 #Stocks:121 PV:8,388 LC:1177 Loss:12.327479 ET:42.5299
top of axes not in the figure, so title not moved
top of axes not in the figure, so title not moved
[HES][Epoch 086/100] Epsilon:0.1414 #Expl.:180/1251 #Buy:494 #Sell:468 #Hold:289 #Stocks:116 PV:8,024 LC:1179 Loss:50.524363 ET:42.6188
top of axes not in the figure, so title not moved
top of axes not in the figure, so title not moved
[HES][Epoch 087/100] Epsilon:0.1313 #Expl.:181/1251 #Buy:482 #Sell:460 #Hold:309 #Stocks:101 PV:7,596 LC:1185 Loss:9.227102 ET:42.7165
top of axes not in the figure, so title not moved
top of axes not in the figure, so title not moved
[HES][Epoch 088/100] Epsilon:0.1212 #Expl.:146/1251 #Buy:497 #Sell:467 #Hold:287 #Stocks:122 PV:8,450 LC:1187 Loss:24.363083 ET:42.8175
top of axes not in the figure, so title not moved
top of axes not in the figure, so title not moved
[HES][Epoch 089/100] Epsilon:0.1111 #Expl.:124/1251 #Buy:468 #Sell:440 #Hold:343 #Stocks:119 PV:8,254 LC:1184 Loss:10.473561 ET:42.6901
top of axes not in the figure, so title not moved
top of axes not in the figure, so title not moved
[HES][Epoch 090/100] Epsilon:0.1010 #Expl.:134/1251 #Buy:491 #Sell:461 #Hold:299 #Stocks:115 PV:8,524 LC:1181 Loss:14.651652 ET:42.6029
top of axes not in the figure, so title not moved
top of axes not in the figure, so title not moved
[HES][Epoch 091/100] Epsilon:0.0909 #Expl.:112/1251 #Buy:475 #Sell:447 #Hold:329 #Stocks:123 PV:8,496 LC:1180 Loss:28.127403 ET:42.5822
top of axes not in the figure, so title not moved
top of axes not in the figure, so title not moved
[HES][Epoch 092/100] Epsilon:0.0808 #Expl.:102/1251 #Buy:469 #Sell:441 #Hold:341 #Stocks:122 PV:8,434 LC:1184 Loss:9.343902 ET:42.7149
top of axes not in the figure, so title not moved
top of axes not in the figure, so title not moved
[HES][Epoch 093/100] Epsilon:0.0707 #Expl.:99/1251 #Buy:467 #Sell:439 #Hold:345 #Stocks:120 PV:8,466 LC:1185 Loss:25.624793 ET:42.7777
top of axes not in the figure, so title not moved
top of axes not in the figure, so title not moved
[HES][Epoch 094/100] Epsilon:0.0606 #Expl.:92/1251 #Buy:473 #Sell:445 #Hold:333 #Stocks:118 PV:8,177 LC:1181 Loss:14.428921 ET:42.5184
top of axes not in the figure, so title not moved
top of axes not in the figure, so title not moved
[HES][Epoch 095/100] Epsilon:0.0505 #Expl.:61/1251 #Buy:466 #Sell:438 #Hold:347 #Stocks:127 PV:8,407 LC:1185 Loss:26.008821 ET:42.6437
top of axes not in the figure, so title not moved
top of axes not in the figure, so title not moved
[HES][Epoch 096/100] Epsilon:0.0404 #Expl.:49/1251 #Buy:466 #Sell:438 #Hold:347 #Stocks:122 PV:8,456 LC:1185 Loss:8.113082 ET:42.7363
top of axes not in the figure, so title not moved
top of axes not in the figure, so title not moved
[HES][Epoch 097/100] Epsilon:0.0303 #Expl.:30/1251 #Buy:461 #Sell:433 #Hold:357 #Stocks:118 PV:8,174 LC:1185 Loss:14.736041 ET:42.8822
top of axes not in the figure, so title not moved
top of axes not in the figure, so title not moved
[HES][Epoch 098/100] Epsilon:0.0202 #Expl.:26/1251 #Buy:461 #Sell:435 #Hold:355 #Stocks:123 PV:8,468 LC:1185 Loss:19.799097 ET:42.6787
top of axes not in the figure, so title not moved
top of axes not in the figure, so title not moved
[HES][Epoch 099/100] Epsilon:0.0101 #Expl.:12/1251 #Buy:454 #Sell:426 #Hold:371 #Stocks:126 PV:8,688 LC:1185 Loss:15.781675 ET:42.3863
top of axes not in the figure, so title not moved
top of axes not in the figure, so title not moved
[HES][Epoch 100/100] Epsilon:0.0000 #Expl.:0/1251 #Buy:453 #Sell:427 #Hold:371 #Stocks:121 PV:8,390 LC:1185 Loss:24.595909 ET:42.5382
top of axes not in the figure, so title not moved
top of axes not in the figure, so title not moved
[HES] Elapsed Time:4480.8032 Max PV:12,063 #Win:5
