(private) matplotlib data path: /home/yjs1916211/.local/lib/python3.6/site-packages/matplotlib/mpl-data
matplotlib data path: /home/yjs1916211/.local/lib/python3.6/site-packages/matplotlib/mpl-data
CONFIGDIR=/home/yjs1916211/.config/matplotlib
matplotlib version 3.3.4
interactive is False
platform is linux
loaded modules: ['builtins', 'sys', '_frozen_importlib', '_imp', '_warnings', '_thread', '_weakref', '_frozen_importlib_external', '_io', 'marshal', 'posix', 'zipimport', 'encodings', 'codecs', '_codecs', 'encodings.aliases', 'encodings.utf_8', '_signal', '__main__', 'encodings.latin_1', 'io', 'abc', '_weakrefset', 'site', 'os', 'errno', 'stat', '_stat', 'posixpath', 'genericpath', 'os.path', '_collections_abc', '_sitebuiltins', 'sysconfig', '_sysconfigdata_m_linux_x86_64-linux-gnu', '_bootlocale', '_locale', 'types', 'functools', '_functools', 'collections', 'operator', '_operator', 'keyword', 'heapq', '_heapq', 'itertools', 'reprlib', '_collections', 'weakref', 'collections.abc', 'importlib', 'importlib._bootstrap', 'importlib._bootstrap_external', 'warnings', 'importlib.util', 'importlib.abc', 'importlib.machinery', 'contextlib', 'mpl_toolkits', 'google', 'zope', 'sitecustomize', 'apport_python_hook', 'logging', 'time', 'traceback', 'linecache', 'tokenize', 're', 'enum', 'sre_compile', '_sre', 'sre_parse', 'sre_constants', 'copyreg', 'token', 'string', '_string', 'threading', 'atexit', 'argparse', 'copy', 'textwrap', 'gettext', 'locale', 'struct', '_struct', 'json', 'json.decoder', 'json.scanner', '_json', 'json.encoder', 'settings', 'platform', 'subprocess', 'signal', '_posixsubprocess', 'select', 'selectors', 'math', 'utils', 'datetime', '_datetime', 'numpy', 'numpy._globals', 'numpy.__config__', 'numpy.version', 'numpy._distributor_init', 'numpy.core', 'numpy.core.multiarray', 'numpy.core.overrides', 'numpy.core._multiarray_umath', 'numpy.compat', 'numpy.compat._inspect', 'numpy.compat.py3k', 'pathlib', 'fnmatch', 'ntpath', 'urllib', 'urllib.parse', 'pickle', '_compat_pickle', '_pickle', 'numpy.core.umath', 'numpy.core.numerictypes', 'numbers', 'numpy.core._string_helpers', 'numpy.core._type_aliases', 'numpy.core._dtype', 'numpy.core.numeric', 'numpy.core.shape_base', 'numpy.core._asarray', 'numpy.core.fromnumeric', 'numpy.core._methods', 'numpy.core._exceptions', 'numpy.core._ufunc_config', 'numpy.core.arrayprint', 'numpy.core.defchararray', 'numpy.core.records', 'numpy.core.memmap', 'numpy.core.function_base', 'numpy.core.machar', 'numpy.core.getlimits', 'numpy.core.einsumfunc', 'numpy.core._add_newdocs', 'numpy.core._multiarray_tests', 'numpy.core._dtype_ctypes', 'numpy.core._internal', 'ast', '_ast', 'ctypes', '_ctypes', 'ctypes._endian', 'numpy._pytesttester', 'numpy.lib', 'numpy.lib.mixins', 'numpy.lib.scimath', 'numpy.lib.type_check', 'numpy.lib.ufunclike', 'numpy.lib.index_tricks', 'numpy.matrixlib', 'numpy.matrixlib.defmatrix', 'numpy.linalg', 'numpy.linalg.linalg', 'numpy.lib.twodim_base', 'numpy.linalg.lapack_lite', 'numpy.linalg._umath_linalg', 'numpy.lib.function_base', 'numpy.lib.histograms', 'numpy.lib.stride_tricks', 'numpy.lib.nanfunctions', 'numpy.lib.shape_base', 'numpy.lib.polynomial', 'numpy.lib.utils', 'numpy.lib.arraysetops', 'numpy.lib.npyio', 'numpy.lib.format', 'numpy.lib._datasource', 'shutil', 'zlib', 'bz2', '_compression', '_bz2', 'lzma', '_lzma', 'pwd', 'grp', 'numpy.lib._iotools', 'numpy.lib.financial', 'decimal', '_decimal', 'numpy.lib.arrayterator', 'numpy.lib.arraypad', 'numpy.lib._version', 'numpy.fft', 'numpy.fft._pocketfft', 'numpy.fft._pocketfft_internal', 'numpy.fft.helper', 'numpy.polynomial', 'numpy.polynomial.polynomial', 'numpy.polynomial.polyutils', 'numpy.polynomial._polybase', 'numpy.polynomial.chebyshev', 'numpy.polynomial.legendre', 'numpy.polynomial.hermite', 'numpy.polynomial.hermite_e', 'numpy.polynomial.laguerre', 'numpy.random', 'numpy.random._pickle', 'numpy.random.mtrand', 'cython_runtime', 'numpy.random.bit_generator', '_cython_0_29_21', 'numpy.random._common', 'secrets', 'base64', 'binascii', 'hmac', 'hashlib', '_hashlib', '_blake2', '_sha3', 'random', 'bisect', '_bisect', '_random', 'numpy.random._bounded_integers', 'numpy.random._mt19937', 'numpy.random._philox', 'numpy.random._pcg64', 'numpy.random._sfc64', 'numpy.random._generator', 'numpy.ctypeslib', 'numpy.ma', 'numpy.ma.core', 'numpy.ma.extras', 'numpy.testing', 'unittest', 'unittest.result', 'unittest.util', 'unittest.case', 'difflib', 'pprint', 'unittest.suite', 'unittest.loader', 'unittest.main', 'unittest.runner', 'unittest.signals', 'numpy.testing._private', 'numpy.testing._private.utils', 'gc', 'tempfile', 'numpy.testing._private.decorators', 'numpy.testing._private.nosetester', 'data_manager', 'pandas', 'pytz', 'pytz.exceptions', 'pytz.lazy', 'pytz.tzinfo', 'pytz.tzfile', 'dateutil', 'dateutil._version', 'pandas.compat', 'pandas._typing', 'typing', 'typing.io', 'typing.re', 'pandas.compat.numpy', 'distutils', 'distutils.version', 'pandas._libs', 'pandas._libs.interval', 'pandas._libs.hashtable', 'pandas._libs.missing', 'pandas._libs.tslibs', 'pandas._libs.tslibs.dtypes', 'pandas._libs.tslibs.conversion', 'pandas._libs.tslibs.base', 'pandas._libs.tslibs.nattype', 'pandas._libs.tslibs.np_datetime', 'pandas._libs.tslibs.timezones', 'dateutil.tz', 'dateutil.tz.tz', 'six', '__future__', 'six.moves', 'dateutil.tz._common', 'dateutil.tz._factories', 'pandas._libs.tslibs.tzconversion', 'pandas._libs.tslibs.ccalendar', 'pandas._libs.tslibs.parsing', 'pandas._libs.tslibs.offsets', 'pandas._libs.tslibs.timedeltas', 'pandas._libs.tslibs.timestamps', 'pandas._libs.tslibs.fields', 'pandas._config', 'pandas._config.config', 'pandas._config.dates', 'pandas._config.display', 'pandas._config.localization', 'pandas._libs.tslibs.strptime', 'calendar', 'dateutil.easter', 'dateutil.relativedelta', 'dateutil._common', 'pandas._libs.properties', 'dateutil.parser', 'dateutil.parser._parser', 'dateutil.parser.isoparser', 'pandas._libs.tslibs.period', 'pandas._libs.tslibs.vectorized', 'pandas._libs.ops_dispatch', 'pandas._libs.algos', 'pandas._libs.lib', 'pandas._libs.tslib', 'pandas.core', 'pandas.core.config_init', 'pandas.core.api', 'pandas.core.dtypes', 'pandas.core.dtypes.dtypes', 'pandas.core.dtypes.base', 'pandas.errors', 'pandas.core.dtypes.generic', 'pandas.core.dtypes.inference', 'pandas.core.dtypes.missing', 'pandas.core.dtypes.common', 'pandas.core.algorithms', 'pandas.util', 'pandas.util._decorators', 'inspect', 'dis', 'opcode', '_opcode', 'pandas.core.util', 'pandas.core.util.hashing', 'pandas._libs.hashing', 'pandas.core.dtypes.cast', 'pandas.util._validators', 'pandas.core.construction', 'pandas.core.common', 'pandas.core.indexers', 'pandas.core.arrays', 'pandas.core.arrays.base', 'pandas.compat.numpy.function', 'pandas.core.ops', 'pandas.core.ops.array_ops', 'pandas._libs.ops', 'pandas.core.ops.missing', 'pandas.core.ops.roperator', 'pandas.core.ops.dispatch', 'pandas.core.ops.invalid', 'pandas.core.ops.common', 'pandas.core.ops.docstrings', 'pandas.core.ops.mask_ops', 'pandas.core.ops.methods', 'pandas.core.missing', 'pandas.compat._optional', 'pandas.core.sorting', 'pandas.core.arrays.boolean', 'pandas.core.arrays.masked', 'pandas.core.nanops', 'pandas.core.array_algos', 'pandas.core.array_algos.masked_reductions', 'pandas.core.arrays.categorical', 'csv', '_csv', 'pandas.core.accessor', 'pandas.core.array_algos.transforms', 'pandas.core.arrays._mixins', 'pandas.core.base', 'pandas.io', 'pandas.io.formats', 'pandas.io.formats.console', 'pandas.core.arrays.datetimes', 'pandas.core.arrays.datetimelike', 'pandas.tseries', 'pandas.tseries.frequencies', 'pandas.core.arrays._ranges', 'pandas.tseries.offsets', 'pandas.core.arrays.integer', 'pandas.core.tools', 'pandas.core.tools.numeric', 'pandas.core.arrays.interval', 'pandas.core.indexes', 'pandas.core.indexes.base', 'pandas._libs.index', 'pandas._libs.join', 'pandas.core.dtypes.concat', 'pandas.core.arrays.sparse', 'pandas.core.arrays.sparse.accessor', 'pandas.core.arrays.sparse.array', 'pandas._libs.sparse', 'pandas.core.arrays.sparse.dtype', 'pandas.io.formats.printing', 'pandas.core.indexes.frozen', 'pandas.core.strings', 'pandas.core.arrays.numpy_', 'pandas.core.arrays.period', 'pandas.core.arrays.string_', 'pandas.core.arrays.timedeltas', 'pandas.core.groupby', 'pandas.core.groupby.generic', 'pandas.core.aggregation', 'pandas.core.indexes.api', 'pandas.core.indexes.category', 'pandas.core.indexes.extension', 'pandas.core.indexes.datetimes', 'pandas.core.indexes.datetimelike', 'pandas.core.indexes.numeric', 'pandas.core.tools.timedeltas', 'pandas.core.tools.times', 'pandas.core.indexes.interval', 'pandas.util._exceptions', 'pandas.core.indexes.multi', 'pandas.core.indexes.timedeltas', 'pandas.core.indexes.period', 'pandas.core.indexes.range', 'pandas.core.series', 'pandas._libs.reshape', 'pandas.core.generic', 'pandas.core.indexing', 'pandas._libs.indexing', 'pandas.core.internals', 'pandas.core.internals.blocks', 'pandas._libs.writers', 'pandas._libs.internals', 'pandas.core.internals.concat', 'pandas.core.internals.managers', 'pandas.core.internals.ops', 'pandas.core.shared_docs', 'pandas.io.formats.format', 'unicodedata', 'pandas.io.common', 'gzip', 'mmap', 'zipfile', 'pandas.core.indexes.accessors', 'pandas.core.tools.datetimes', 'pandas.arrays', 'pandas.plotting', 'pandas.plotting._core', 'pandas.plotting._misc', 'pandas.core.window', 'pandas.core.window.ewm', 'pandas._libs.window', 'pandas._libs.window.aggregations', 'pandas.core.window.common', 'pandas.core.groupby.base', 'pandas.core.window.rolling', 'pandas.core.util.numba_', 'pandas.core.window.indexers', 'pandas._libs.window.indexers', 'pandas.core.window.numba_', 'pandas.core.window.expanding', 'pandas.core.frame', 'pandas.core.internals.construction', 'pandas.core.reshape', 'pandas.core.reshape.melt', 'pandas.core.reshape.concat', 'pandas.core.reshape.util', 'pandas.io.formats.info', 'pandas.core.groupby.groupby', 'pandas._libs.groupby', 'pandas.core.groupby.ops', 'pandas._libs.reduction', 'pandas.core.groupby.grouper', 'pandas.core.groupby.categorical', 'pandas.tseries.api', 'pandas.core.computation', 'pandas.core.computation.api', 'pandas.core.computation.eval', 'pandas.core.computation.engines', 'pandas.core.computation.align', 'pandas.core.computation.common', 'pandas.core.computation.ops', 'pandas.core.computation.scope', 'pandas.compat.chainmap', 'pandas.core.computation.expr', 'pandas.core.computation.parsing', 'pandas.core.reshape.api', 'pandas.core.reshape.merge', 'pandas.core.reshape.pivot', 'pandas.core.reshape.reshape', 'pandas.core.reshape.tile', 'pandas.api', 'pandas.api.extensions', 'pandas.api.indexers', 'pandas.api.types', 'pandas.core.dtypes.api', 'pandas.util._print_versions', 'pandas.io.api', 'pandas.io.clipboards', 'pandas.io.excel', 'pandas.io.excel._base', 'pandas._libs.parsers', 'pandas.io.excel._util', 'pandas.io.parsers', 'pandas.io.date_converters', 'pandas.io.excel._odfreader', 'pandas.io.excel._openpyxl', 'pandas.io.excel._pyxlsb', 'pandas.io.excel._xlrd', 'pandas.io.excel._odswriter', 'pandas._libs.json', 'pandas.io.formats.excel', 'pandas.io.formats.css', 'pandas.io.excel._xlsxwriter', 'pandas.io.excel._xlwt', 'pandas.io.feather_format', 'pandas.io.gbq', 'pandas.io.html', 'pandas.io.json', 'pandas.io.json._json', 'pandas.io.json._normalize', 'pandas.io.json._table_schema', 'pandas.io.orc', 'pandas.io.parquet', 'pandas.io.pickle', 'pandas.compat.pickle_compat', 'pandas.io.pytables', 'pandas.core.computation.pytables', 'pandas.io.sas', 'pandas.io.sas.sasreader', 'pandas.io.spss', 'pandas.io.sql', 'pandas.io.stata', 'pandas.util._tester', 'pandas.testing', 'pandas._testing', 'pandas._libs.testing', 'pandas._version', 'agent', 'learners', 'environment', 'visualizer', 'matplotlib', 'matplotlib.cbook', 'shlex', 'matplotlib.cbook.deprecation', 'matplotlib.rcsetup', 'matplotlib.animation', 'uuid', 'ctypes.util', 'matplotlib._animation_data', 'matplotlib.fontconfig_pattern', 'pyparsing', 'matplotlib.colors', 'matplotlib.docstring', 'matplotlib._color_data', 'cycler', 'matplotlib._version', 'matplotlib.ft2font', 'kiwisolver']
CACHEDIR=/home/yjs1916211/.cache/matplotlib
Using fontManager instance from /home/yjs1916211/.cache/matplotlib/fontlist-v330.json
Loaded backend agg version unknown.
Loaded backend agg version unknown.
Loaded backend agg version unknown.
From /home/yjs1916211/.local/lib/python3.6/site-packages/keras/backend/tensorflow_backend.py:68: The name tf.get_default_graph is deprecated. Please use tf.compat.v1.get_default_graph instead.

From /home/yjs1916211/.local/lib/python3.6/site-packages/keras/backend/tensorflow_backend.py:508: The name tf.placeholder is deprecated. Please use tf.compat.v1.placeholder instead.

From /home/yjs1916211/.local/lib/python3.6/site-packages/keras/backend/tensorflow_backend.py:3837: The name tf.random_uniform is deprecated. Please use tf.random.uniform instead.

From /home/yjs1916211/.local/lib/python3.6/site-packages/keras/optimizers.py:757: The name tf.train.Optimizer is deprecated. Please use tf.compat.v1.train.Optimizer instead.

From /home/yjs1916211/.local/lib/python3.6/site-packages/keras/backend/tensorflow_backend.py:3814: The name tf.random_normal is deprecated. Please use tf.random.normal instead.

From /home/yjs1916211/.local/lib/python3.6/site-packages/keras/backend/tensorflow_backend.py:127: The name tf.placeholder_with_default is deprecated. Please use tf.compat.v1.placeholder_with_default instead.

From /home/yjs1916211/.local/lib/python3.6/site-packages/keras/backend/tensorflow_backend.py:3144: calling dropout (from tensorflow.python.ops.nn_ops) with keep_prob is deprecated and will be removed in a future version.
Instructions for updating:
Please use `rate` instead of `keep_prob`. Rate should be set to `rate = 1 - keep_prob`.
From /home/yjs1916211/.local/lib/python3.6/site-packages/tensorflow_core/python/ops/math_grad.py:1424: where (from tensorflow.python.ops.array_ops) is deprecated and will be removed in a future version.
Instructions for updating:
Use tf.where in 2.0, which has the same broadcast rule as np.where
From /home/yjs1916211/Stock_Trader/StockTrader_ddpg/actor.py:183: The name tf.train.AdamOptimizer is deprecated. Please use tf.compat.v1.train.AdamOptimizer instead.

[XOM] RL:ddpg Net:actorcritic LR:0.001 DF:0.99 TU:[1,10] DRT:0.05
From /home/yjs1916211/.local/lib/python3.6/site-packages/keras/backend/tensorflow_backend.py:2503: The name tf.Session is deprecated. Please use tf.compat.v1.Session instead.

From /home/yjs1916211/.local/lib/python3.6/site-packages/keras/backend/tensorflow_backend.py:168: The name tf.get_default_session is deprecated. Please use tf.compat.v1.get_default_session instead.

From /home/yjs1916211/.local/lib/python3.6/site-packages/keras/backend/tensorflow_backend.py:175: The name tf.ConfigProto is deprecated. Please use tf.compat.v1.ConfigProto instead.

From /home/yjs1916211/.local/lib/python3.6/site-packages/keras/backend/tensorflow_backend.py:184: The name tf.global_variables is deprecated. Please use tf.compat.v1.global_variables instead.

From /home/yjs1916211/.local/lib/python3.6/site-packages/keras/backend/tensorflow_backend.py:193: The name tf.is_variable_initialized is deprecated. Please use tf.compat.v1.is_variable_initialized instead.

From /home/yjs1916211/.local/lib/python3.6/site-packages/keras/backend/tensorflow_backend.py:200: The name tf.variables_initializer is deprecated. Please use tf.compat.v1.variables_initializer instead.

From /home/yjs1916211/.local/lib/python3.6/site-packages/keras/backend/tensorflow_backend.py:977: The name tf.assign_add is deprecated. Please use tf.compat.v1.assign_add instead.

From /home/yjs1916211/.local/lib/python3.6/site-packages/keras/backend/tensorflow_backend.py:964: The name tf.assign is deprecated. Please use tf.compat.v1.assign instead.

[XOM][Epoch 001/300] Epsilon:1.0000 #Expl.:741/741 #Buy:342 #Sell:332 #Hold:67 #Stocks:45 PV:9,064 LC:688 Loss:0.129092 ET:14.5174
findfont: Matching sans\-serif:style=normal:variant=normal:weight=normal:stretch=normal:size=10.0.
findfont: score(<Font 'STIXSizeFiveSym' (STIXSizFiveSymReg.ttf) normal normal 400 normal>) = 10.05
findfont: score(<Font 'STIXSizeTwoSym' (STIXSizTwoSymBol.ttf) normal normal 700 normal>) = 10.335
findfont: score(<Font 'STIXSizeTwoSym' (STIXSizTwoSymReg.ttf) normal normal 400 normal>) = 10.05
findfont: score(<Font 'STIXSizeThreeSym' (STIXSizThreeSymReg.ttf) normal normal 400 normal>) = 10.05
findfont: score(<Font 'DejaVu Sans Mono' (DejaVuSansMono-BoldOblique.ttf) oblique normal 700 normal>) = 11.335
findfont: score(<Font 'STIXSizeFourSym' (STIXSizFourSymBol.ttf) normal normal 700 normal>) = 10.335
findfont: score(<Font 'cmmi10' (cmmi10.ttf) normal normal 400 normal>) = 10.05
findfont: score(<Font 'STIXSizeOneSym' (STIXSizOneSymReg.ttf) normal normal 400 normal>) = 10.05
findfont: score(<Font 'STIXNonUnicode' (STIXNonUniBol.ttf) normal normal 700 normal>) = 10.335
findfont: score(<Font 'STIXNonUnicode' (STIXNonUniBolIta.ttf) italic normal 700 normal>) = 11.335
findfont: score(<Font 'DejaVu Sans Mono' (DejaVuSansMono-Oblique.ttf) oblique normal 400 normal>) = 11.05
findfont: score(<Font 'cmr10' (cmr10.ttf) normal normal 400 normal>) = 10.05
findfont: score(<Font 'STIXGeneral' (STIXGeneralBolIta.ttf) italic normal 700 normal>) = 11.335
findfont: score(<Font 'DejaVu Serif' (DejaVuSerif-Bold.ttf) normal normal 700 normal>) = 10.335
findfont: score(<Font 'DejaVu Serif' (DejaVuSerif.ttf) normal normal 400 normal>) = 10.05
findfont: score(<Font 'STIXSizeOneSym' (STIXSizOneSymBol.ttf) normal normal 700 normal>) = 10.335
findfont: score(<Font 'DejaVu Serif' (DejaVuSerif-Italic.ttf) italic normal 400 normal>) = 11.05
findfont: score(<Font 'STIXNonUnicode' (STIXNonUniIta.ttf) italic normal 400 normal>) = 11.05
findfont: score(<Font 'STIXSizeFourSym' (STIXSizFourSymReg.ttf) normal normal 400 normal>) = 10.05
findfont: score(<Font 'cmb10' (cmb10.ttf) normal normal 400 normal>) = 10.05
findfont: score(<Font 'DejaVu Sans Display' (DejaVuSansDisplay.ttf) normal normal 400 normal>) = 10.05
findfont: score(<Font 'cmss10' (cmss10.ttf) normal normal 400 normal>) = 10.05
findfont: score(<Font 'STIXGeneral' (STIXGeneral.ttf) normal normal 400 normal>) = 10.05
findfont: score(<Font 'DejaVu Sans' (DejaVuSans-Oblique.ttf) oblique normal 400 normal>) = 1.05
findfont: score(<Font 'DejaVu Sans' (DejaVuSans-Bold.ttf) normal normal 700 normal>) = 0.33499999999999996
findfont: score(<Font 'DejaVu Sans' (DejaVuSans-BoldOblique.ttf) oblique normal 700 normal>) = 1.335
findfont: score(<Font 'DejaVu Serif' (DejaVuSerif-BoldItalic.ttf) italic normal 700 normal>) = 11.335
findfont: score(<Font 'cmsy10' (cmsy10.ttf) normal normal 400 normal>) = 10.05
findfont: score(<Font 'STIXNonUnicode' (STIXNonUni.ttf) normal normal 400 normal>) = 10.05
findfont: score(<Font 'cmtt10' (cmtt10.ttf) normal normal 400 normal>) = 10.05
findfont: score(<Font 'DejaVu Sans Mono' (DejaVuSansMono-Bold.ttf) normal normal 700 normal>) = 10.335
findfont: score(<Font 'cmex10' (cmex10.ttf) normal normal 400 normal>) = 10.05
findfont: score(<Font 'STIXSizeThreeSym' (STIXSizThreeSymBol.ttf) normal normal 700 normal>) = 10.335
findfont: score(<Font 'STIXGeneral' (STIXGeneralBol.ttf) normal normal 700 normal>) = 10.335
findfont: score(<Font 'DejaVu Sans Mono' (DejaVuSansMono.ttf) normal normal 400 normal>) = 10.05
findfont: score(<Font 'STIXGeneral' (STIXGeneralItalic.ttf) italic normal 400 normal>) = 11.05
findfont: score(<Font 'DejaVu Sans' (DejaVuSans.ttf) normal normal 400 normal>) = 0.05
findfont: score(<Font 'DejaVu Serif Display' (DejaVuSerifDisplay.ttf) normal normal 400 normal>) = 10.05
findfont: Matching sans\-serif:style=normal:variant=normal:weight=normal:stretch=normal:size=10.0 to DejaVu Sans ('/home/yjs1916211/.local/lib/python3.6/site-packages/matplotlib/mpl-data/fonts/ttf/DejaVuSans.ttf') with score of 0.050000.
top of axes not in the figure, so title not moved
findfont: Matching sans\-serif:style=normal:variant=normal:weight=normal:stretch=normal:size=12.0.
findfont: score(<Font 'STIXSizeFiveSym' (STIXSizFiveSymReg.ttf) normal normal 400 normal>) = 10.05
findfont: score(<Font 'STIXSizeTwoSym' (STIXSizTwoSymBol.ttf) normal normal 700 normal>) = 10.335
findfont: score(<Font 'STIXSizeTwoSym' (STIXSizTwoSymReg.ttf) normal normal 400 normal>) = 10.05
findfont: score(<Font 'STIXSizeThreeSym' (STIXSizThreeSymReg.ttf) normal normal 400 normal>) = 10.05
findfont: score(<Font 'DejaVu Sans Mono' (DejaVuSansMono-BoldOblique.ttf) oblique normal 700 normal>) = 11.335
findfont: score(<Font 'STIXSizeFourSym' (STIXSizFourSymBol.ttf) normal normal 700 normal>) = 10.335
findfont: score(<Font 'cmmi10' (cmmi10.ttf) normal normal 400 normal>) = 10.05
findfont: score(<Font 'STIXSizeOneSym' (STIXSizOneSymReg.ttf) normal normal 400 normal>) = 10.05
findfont: score(<Font 'STIXNonUnicode' (STIXNonUniBol.ttf) normal normal 700 normal>) = 10.335
findfont: score(<Font 'STIXNonUnicode' (STIXNonUniBolIta.ttf) italic normal 700 normal>) = 11.335
findfont: score(<Font 'DejaVu Sans Mono' (DejaVuSansMono-Oblique.ttf) oblique normal 400 normal>) = 11.05
findfont: score(<Font 'cmr10' (cmr10.ttf) normal normal 400 normal>) = 10.05
findfont: score(<Font 'STIXGeneral' (STIXGeneralBolIta.ttf) italic normal 700 normal>) = 11.335
findfont: score(<Font 'DejaVu Serif' (DejaVuSerif-Bold.ttf) normal normal 700 normal>) = 10.335
findfont: score(<Font 'DejaVu Serif' (DejaVuSerif.ttf) normal normal 400 normal>) = 10.05
findfont: score(<Font 'STIXSizeOneSym' (STIXSizOneSymBol.ttf) normal normal 700 normal>) = 10.335
findfont: score(<Font 'DejaVu Serif' (DejaVuSerif-Italic.ttf) italic normal 400 normal>) = 11.05
findfont: score(<Font 'STIXNonUnicode' (STIXNonUniIta.ttf) italic normal 400 normal>) = 11.05
findfont: score(<Font 'STIXSizeFourSym' (STIXSizFourSymReg.ttf) normal normal 400 normal>) = 10.05
findfont: score(<Font 'cmb10' (cmb10.ttf) normal normal 400 normal>) = 10.05
findfont: score(<Font 'DejaVu Sans Display' (DejaVuSansDisplay.ttf) normal normal 400 normal>) = 10.05
findfont: score(<Font 'cmss10' (cmss10.ttf) normal normal 400 normal>) = 10.05
findfont: score(<Font 'STIXGeneral' (STIXGeneral.ttf) normal normal 400 normal>) = 10.05
findfont: score(<Font 'DejaVu Sans' (DejaVuSans-Oblique.ttf) oblique normal 400 normal>) = 1.05
findfont: score(<Font 'DejaVu Sans' (DejaVuSans-Bold.ttf) normal normal 700 normal>) = 0.33499999999999996
findfont: score(<Font 'DejaVu Sans' (DejaVuSans-BoldOblique.ttf) oblique normal 700 normal>) = 1.335
findfont: score(<Font 'DejaVu Serif' (DejaVuSerif-BoldItalic.ttf) italic normal 700 normal>) = 11.335
findfont: score(<Font 'cmsy10' (cmsy10.ttf) normal normal 400 normal>) = 10.05
findfont: score(<Font 'STIXNonUnicode' (STIXNonUni.ttf) normal normal 400 normal>) = 10.05
findfont: score(<Font 'cmtt10' (cmtt10.ttf) normal normal 400 normal>) = 10.05
findfont: score(<Font 'DejaVu Sans Mono' (DejaVuSansMono-Bold.ttf) normal normal 700 normal>) = 10.335
findfont: score(<Font 'cmex10' (cmex10.ttf) normal normal 400 normal>) = 10.05
findfont: score(<Font 'STIXSizeThreeSym' (STIXSizThreeSymBol.ttf) normal normal 700 normal>) = 10.335
findfont: score(<Font 'STIXGeneral' (STIXGeneralBol.ttf) normal normal 700 normal>) = 10.335
findfont: score(<Font 'DejaVu Sans Mono' (DejaVuSansMono.ttf) normal normal 400 normal>) = 10.05
findfont: score(<Font 'STIXGeneral' (STIXGeneralItalic.ttf) italic normal 400 normal>) = 11.05
findfont: score(<Font 'DejaVu Sans' (DejaVuSans.ttf) normal normal 400 normal>) = 0.05
findfont: score(<Font 'DejaVu Serif Display' (DejaVuSerifDisplay.ttf) normal normal 400 normal>) = 10.05
findfont: Matching sans\-serif:style=normal:variant=normal:weight=normal:stretch=normal:size=12.0 to DejaVu Sans ('/home/yjs1916211/.local/lib/python3.6/site-packages/matplotlib/mpl-data/fonts/ttf/DejaVuSans.ttf') with score of 0.050000.
top of axes not in the figure, so title not moved
[XOM][Epoch 002/300] Epsilon:0.9967 #Expl.:737/741 #Buy:356 #Sell:344 #Hold:41 #Stocks:50 PV:9,254 LC:665 Loss:0.110119 ET:9.2442
top of axes not in the figure, so title not moved
top of axes not in the figure, so title not moved
[XOM][Epoch 003/300] Epsilon:0.9933 #Expl.:735/741 #Buy:47 #Sell:23 #Hold:671 #Stocks:116 PV:8,076 LC:719 Loss:1.026477 ET:9.8157
top of axes not in the figure, so title not moved
top of axes not in the figure, so title not moved
[XOM][Epoch 004/300] Epsilon:0.9900 #Expl.:737/741 #Buy:356 #Sell:329 #Hold:56 #Stocks:120 PV:9,108 LC:712 Loss:0.202198 ET:9.7132
top of axes not in the figure, so title not moved
top of axes not in the figure, so title not moved
[XOM][Epoch 005/300] Epsilon:0.9866 #Expl.:730/741 #Buy:96 #Sell:72 #Hold:573 #Stocks:115 PV:7,995 LC:719 Loss:1.138524 ET:9.8405
top of axes not in the figure, so title not moved
top of axes not in the figure, so title not moved
[XOM][Epoch 006/300] Epsilon:0.9833 #Expl.:726/741 #Buy:159 #Sell:134 #Hold:448 #Stocks:118 PV:8,231 LC:713 Loss:0.812000 ET:9.7933
top of axes not in the figure, so title not moved
top of axes not in the figure, so title not moved
[XOM][Epoch 007/300] Epsilon:0.9799 #Expl.:726/741 #Buy:171 #Sell:139 #Hold:431 #Stocks:117 PV:8,142 LC:713 Loss:0.604816 ET:9.8298
top of axes not in the figure, so title not moved
top of axes not in the figure, so title not moved
[XOM][Epoch 008/300] Epsilon:0.9766 #Expl.:732/741 #Buy:235 #Sell:210 #Hold:296 #Stocks:116 PV:8,110 LC:708 Loss:1.277526 ET:9.6887
top of axes not in the figure, so title not moved
top of axes not in the figure, so title not moved
[XOM][Epoch 009/300] Epsilon:0.9732 #Expl.:723/741 #Buy:71 #Sell:47 #Hold:623 #Stocks:116 PV:8,083 LC:719 Loss:0.664123 ET:9.7486
top of axes not in the figure, so title not moved
top of axes not in the figure, so title not moved
[XOM][Epoch 010/300] Epsilon:0.9699 #Expl.:726/741 #Buy:296 #Sell:272 #Hold:173 #Stocks:92 PV:8,187 LC:704 Loss:1.135318 ET:9.7087
top of axes not in the figure, so title not moved
top of axes not in the figure, so title not moved
[XOM][Epoch 011/300] Epsilon:0.9666 #Expl.:722/741 #Buy:189 #Sell:162 #Hold:390 #Stocks:117 PV:8,156 LC:719 Loss:0.849621 ET:9.9232
top of axes not in the figure, so title not moved
top of axes not in the figure, so title not moved
[XOM][Epoch 012/300] Epsilon:0.9632 #Expl.:708/741 #Buy:308 #Sell:280 #Hold:153 #Stocks:109 PV:8,299 LC:704 Loss:0.758907 ET:9.7178
top of axes not in the figure, so title not moved
top of axes not in the figure, so title not moved
[XOM][Epoch 013/300] Epsilon:0.9599 #Expl.:713/741 #Buy:360 #Sell:346 #Hold:35 #Stocks:67 PV:8,258 LC:670 Loss:0.606613 ET:9.2585
top of axes not in the figure, so title not moved
top of axes not in the figure, so title not moved
[XOM][Epoch 014/300] Epsilon:0.9565 #Expl.:712/741 #Buy:177 #Sell:152 #Hold:412 #Stocks:105 PV:8,030 LC:717 Loss:1.409131 ET:9.8287
top of axes not in the figure, so title not moved
top of axes not in the figure, so title not moved
[XOM][Epoch 015/300] Epsilon:0.9532 #Expl.:704/741 #Buy:190 #Sell:162 #Hold:389 #Stocks:116 PV:8,062 LC:719 Loss:0.972191 ET:9.9180
top of axes not in the figure, so title not moved
top of axes not in the figure, so title not moved
[XOM][Epoch 016/300] Epsilon:0.9498 #Expl.:702/741 #Buy:356 #Sell:331 #Hold:54 #Stocks:112 PV:7,796 LC:713 Loss:1.151253 ET:9.7495
top of axes not in the figure, so title not moved
top of axes not in the figure, so title not moved
[XOM][Epoch 017/300] Epsilon:0.9465 #Expl.:706/741 #Buy:287 #Sell:257 #Hold:197 #Stocks:110 PV:7,992 LC:716 Loss:1.372053 ET:9.8624
top of axes not in the figure, so title not moved
top of axes not in the figure, so title not moved
[XOM][Epoch 018/300] Epsilon:0.9431 #Expl.:698/741 #Buy:182 #Sell:154 #Hold:405 #Stocks:111 PV:8,111 LC:717 Loss:1.046164 ET:9.8844
top of axes not in the figure, so title not moved
top of axes not in the figure, so title not moved
[XOM][Epoch 019/300] Epsilon:0.9398 #Expl.:700/741 #Buy:370 #Sell:353 #Hold:18 #Stocks:85 PV:8,000 LC:684 Loss:0.198118 ET:9.4629
top of axes not in the figure, so title not moved
top of axes not in the figure, so title not moved
[XOM][Epoch 020/300] Epsilon:0.9365 #Expl.:694/741 #Buy:328 #Sell:303 #Hold:110 #Stocks:103 PV:7,881 LC:710 Loss:0.658564 ET:9.7707
top of axes not in the figure, so title not moved
top of axes not in the figure, so title not moved
[XOM][Epoch 021/300] Epsilon:0.9331 #Expl.:694/741 #Buy:295 #Sell:270 #Hold:176 #Stocks:108 PV:7,862 LC:713 Loss:1.510125 ET:9.8820
top of axes not in the figure, so title not moved
top of axes not in the figure, so title not moved
[XOM][Epoch 022/300] Epsilon:0.9298 #Expl.:684/741 #Buy:303 #Sell:276 #Hold:162 #Stocks:113 PV:7,858 LC:719 Loss:1.437347 ET:9.9945
top of axes not in the figure, so title not moved
top of axes not in the figure, so title not moved
[XOM][Epoch 023/300] Epsilon:0.9264 #Expl.:684/741 #Buy:372 #Sell:347 #Hold:22 #Stocks:108 PV:8,583 LC:667 Loss:0.392954 ET:9.3000
top of axes not in the figure, so title not moved
top of axes not in the figure, so title not moved
[XOM][Epoch 024/300] Epsilon:0.9231 #Expl.:671/741 #Buy:237 #Sell:207 #Hold:297 #Stocks:115 PV:8,049 LC:713 Loss:1.261054 ET:9.8047
top of axes not in the figure, so title not moved
top of axes not in the figure, so title not moved
[XOM][Epoch 025/300] Epsilon:0.9197 #Expl.:676/741 #Buy:360 #Sell:349 #Hold:32 #Stocks:55 PV:8,845 LC:717 Loss:0.470914 ET:9.7858
top of axes not in the figure, so title not moved
top of axes not in the figure, so title not moved
[XOM][Epoch 026/300] Epsilon:0.9164 #Expl.:681/741 #Buy:66 #Sell:42 #Hold:633 #Stocks:117 PV:8,134 LC:719 Loss:1.331926 ET:9.8999
top of axes not in the figure, so title not moved
top of axes not in the figure, so title not moved
[XOM][Epoch 027/300] Epsilon:0.9130 #Expl.:667/741 #Buy:343 #Sell:313 #Hold:85 #Stocks:118 PV:8,269 LC:685 Loss:0.760335 ET:9.4845
top of axes not in the figure, so title not moved
top of axes not in the figure, so title not moved
[XOM][Epoch 028/300] Epsilon:0.9097 #Expl.:674/741 #Buy:311 #Sell:287 #Hold:143 #Stocks:99 PV:7,610 LC:713 Loss:2.044717 ET:9.8162
top of axes not in the figure, so title not moved
top of axes not in the figure, so title not moved
[XOM][Epoch 029/300] Epsilon:0.9064 #Expl.:674/741 #Buy:63 #Sell:38 #Hold:640 #Stocks:116 PV:8,120 LC:719 Loss:1.283427 ET:9.9864
top of axes not in the figure, so title not moved
top of axes not in the figure, so title not moved
[XOM][Epoch 030/300] Epsilon:0.9030 #Expl.:663/741 #Buy:133 #Sell:99 #Hold:509 #Stocks:115 PV:8,049 LC:719 Loss:1.424898 ET:9.8557
top of axes not in the figure, so title not moved
top of axes not in the figure, so title not moved
[XOM][Epoch 031/300] Epsilon:0.8997 #Expl.:664/741 #Buy:222 #Sell:195 #Hold:324 #Stocks:116 PV:8,125 LC:717 Loss:1.213987 ET:9.9287
top of axes not in the figure, so title not moved
top of axes not in the figure, so title not moved
[XOM][Epoch 032/300] Epsilon:0.8963 #Expl.:664/741 #Buy:225 #Sell:197 #Hold:319 #Stocks:115 PV:8,010 LC:713 Loss:1.557708 ET:9.9943
top of axes not in the figure, so title not moved
top of axes not in the figure, so title not moved
[XOM][Epoch 033/300] Epsilon:0.8930 #Expl.:675/741 #Buy:370 #Sell:364 #Hold:7 #Stocks:29 PV:8,299 LC:713 Loss:0.432157 ET:9.9398
top of axes not in the figure, so title not moved
top of axes not in the figure, so title not moved
[XOM][Epoch 034/300] Epsilon:0.8896 #Expl.:653/741 #Buy:172 #Sell:139 #Hold:430 #Stocks:115 PV:8,002 LC:719 Loss:1.571336 ET:9.9941
top of axes not in the figure, so title not moved
top of axes not in the figure, so title not moved
[XOM][Epoch 035/300] Epsilon:0.8863 #Expl.:657/741 #Buy:99 #Sell:74 #Hold:568 #Stocks:115 PV:8,040 LC:719 Loss:1.355381 ET:9.7908
top of axes not in the figure, so title not moved
top of axes not in the figure, so title not moved
[XOM][Epoch 036/300] Epsilon:0.8829 #Expl.:651/741 #Buy:311 #Sell:285 #Hold:145 #Stocks:114 PV:8,289 LC:713 Loss:0.889130 ET:9.7584
top of axes not in the figure, so title not moved
top of axes not in the figure, so title not moved
[XOM][Epoch 037/300] Epsilon:0.8796 #Expl.:649/741 #Buy:120 #Sell:95 #Hold:526 #Stocks:111 PV:8,097 LC:717 Loss:1.380458 ET:10.0310
top of axes not in the figure, so title not moved
top of axes not in the figure, so title not moved
[XOM][Epoch 038/300] Epsilon:0.8763 #Expl.:668/741 #Buy:173 #Sell:147 #Hold:421 #Stocks:117 PV:8,145 LC:718 Loss:1.035650 ET:9.7325
top of axes not in the figure, so title not moved
top of axes not in the figure, so title not moved
[XOM][Epoch 039/300] Epsilon:0.8729 #Expl.:661/741 #Buy:66 #Sell:42 #Hold:633 #Stocks:116 PV:8,104 LC:718 Loss:1.293956 ET:9.7565
top of axes not in the figure, so title not moved
top of axes not in the figure, so title not moved
[XOM][Epoch 040/300] Epsilon:0.8696 #Expl.:654/741 #Buy:97 #Sell:76 #Hold:568 #Stocks:101 PV:8,094 LC:719 Loss:0.930505 ET:9.8166
top of axes not in the figure, so title not moved
top of axes not in the figure, so title not moved
[XOM][Epoch 041/300] Epsilon:0.8662 #Expl.:641/741 #Buy:120 #Sell:93 #Hold:528 #Stocks:120 PV:8,345 LC:708 Loss:1.258659 ET:9.6864
top of axes not in the figure, so title not moved
top of axes not in the figure, so title not moved
[XOM][Epoch 042/300] Epsilon:0.8629 #Expl.:638/741 #Buy:310 #Sell:283 #Hold:148 #Stocks:112 PV:7,786 LC:714 Loss:1.269507 ET:9.7740
top of axes not in the figure, so title not moved
top of axes not in the figure, so title not moved
[XOM][Epoch 043/300] Epsilon:0.8595 #Expl.:628/741 #Buy:265 #Sell:239 #Hold:237 #Stocks:110 PV:8,046 LC:717 Loss:1.434971 ET:9.8116
top of axes not in the figure, so title not moved
top of axes not in the figure, so title not moved
[XOM][Epoch 044/300] Epsilon:0.8562 #Expl.:632/741 #Buy:333 #Sell:305 #Hold:103 #Stocks:113 PV:7,908 LC:719 Loss:1.503045 ET:9.9265
top of axes not in the figure, so title not moved
top of axes not in the figure, so title not moved
[XOM][Epoch 045/300] Epsilon:0.8528 #Expl.:628/741 #Buy:221 #Sell:196 #Hold:324 #Stocks:115 PV:8,001 LC:718 Loss:1.702545 ET:9.8869
top of axes not in the figure, so title not moved
top of axes not in the figure, so title not moved
[XOM][Epoch 046/300] Epsilon:0.8495 #Expl.:618/741 #Buy:348 #Sell:328 #Hold:65 #Stocks:95 PV:9,084 LC:695 Loss:0.176747 ET:9.6198
top of axes not in the figure, so title not moved
top of axes not in the figure, so title not moved
[XOM][Epoch 047/300] Epsilon:0.8462 #Expl.:617/741 #Buy:146 #Sell:118 #Hold:477 #Stocks:115 PV:8,009 LC:719 Loss:1.494114 ET:9.8253
top of axes not in the figure, so title not moved
top of axes not in the figure, so title not moved
[XOM][Epoch 048/300] Epsilon:0.8428 #Expl.:628/741 #Buy:243 #Sell:215 #Hold:283 #Stocks:115 PV:8,016 LC:713 Loss:1.192443 ET:9.8528
top of axes not in the figure, so title not moved
top of axes not in the figure, so title not moved
[XOM][Epoch 049/300] Epsilon:0.8395 #Expl.:620/741 #Buy:363 #Sell:336 #Hold:42 #Stocks:118 PV:8,567 LC:707 Loss:0.735143 ET:9.6685
top of axes not in the figure, so title not moved
top of axes not in the figure, so title not moved
[XOM][Epoch 050/300] Epsilon:0.8361 #Expl.:623/741 #Buy:333 #Sell:305 #Hold:103 #Stocks:122 PV:8,520 LC:670 Loss:0.836037 ET:9.4006
top of axes not in the figure, so title not moved
top of axes not in the figure, so title not moved
[XOM][Epoch 051/300] Epsilon:0.8328 #Expl.:621/741 #Buy:133 #Sell:107 #Hold:501 #Stocks:115 PV:8,041 LC:718 Loss:1.384267 ET:9.8580
top of axes not in the figure, so title not moved
top of axes not in the figure, so title not moved
[XOM][Epoch 052/300] Epsilon:0.8294 #Expl.:616/741 #Buy:254 #Sell:228 #Hold:259 #Stocks:108 PV:7,918 LC:717 Loss:1.557690 ET:10.0184
top of axes not in the figure, so title not moved
top of axes not in the figure, so title not moved
[XOM][Epoch 053/300] Epsilon:0.8261 #Expl.:613/741 #Buy:114 #Sell:90 #Hold:537 #Stocks:111 PV:8,114 LC:719 Loss:1.209325 ET:9.8754
top of axes not in the figure, so title not moved
top of axes not in the figure, so title not moved
[XOM][Epoch 054/300] Epsilon:0.8227 #Expl.:597/741 #Buy:127 #Sell:99 #Hold:515 #Stocks:115 PV:8,023 LC:719 Loss:1.648737 ET:9.8495
top of axes not in the figure, so title not moved
top of axes not in the figure, so title not moved
[XOM][Epoch 055/300] Epsilon:0.8194 #Expl.:607/741 #Buy:104 #Sell:81 #Hold:556 #Stocks:112 PV:8,144 LC:718 Loss:1.248076 ET:9.9791
top of axes not in the figure, so title not moved
top of axes not in the figure, so title not moved
[XOM][Epoch 056/300] Epsilon:0.8161 #Expl.:594/741 #Buy:180 #Sell:154 #Hold:407 #Stocks:116 PV:8,107 LC:717 Loss:1.249420 ET:9.9478
top of axes not in the figure, so title not moved
top of axes not in the figure, so title not moved
[XOM][Epoch 057/300] Epsilon:0.8127 #Expl.:573/741 #Buy:119 #Sell:93 #Hold:529 #Stocks:115 PV:8,046 LC:719 Loss:1.651959 ET:9.8990
top of axes not in the figure, so title not moved
top of axes not in the figure, so title not moved
[XOM][Epoch 058/300] Epsilon:0.8094 #Expl.:604/741 #Buy:267 #Sell:239 #Hold:235 #Stocks:113 PV:8,240 LC:717 Loss:0.629556 ET:9.8961
top of axes not in the figure, so title not moved
top of axes not in the figure, so title not moved
[XOM][Epoch 059/300] Epsilon:0.8060 #Expl.:603/741 #Buy:354 #Sell:349 #Hold:38 #Stocks:25 PV:8,950 LC:705 Loss:0.078641 ET:9.6604
top of axes not in the figure, so title not moved
top of axes not in the figure, so title not moved
[XOM][Epoch 060/300] Epsilon:0.8027 #Expl.:590/741 #Buy:246 #Sell:216 #Hold:279 #Stocks:118 PV:8,201 LC:713 Loss:1.402248 ET:9.7656
top of axes not in the figure, so title not moved
top of axes not in the figure, so title not moved
[XOM][Epoch 061/300] Epsilon:0.7993 #Expl.:572/741 #Buy:130 #Sell:103 #Hold:508 #Stocks:116 PV:8,120 LC:713 Loss:1.136294 ET:9.8634
top of axes not in the figure, so title not moved
top of axes not in the figure, so title not moved
[XOM][Epoch 062/300] Epsilon:0.7960 #Expl.:594/741 #Buy:105 #Sell:80 #Hold:556 #Stocks:115 PV:8,024 LC:719 Loss:1.437561 ET:9.8974
top of axes not in the figure, so title not moved
top of axes not in the figure, so title not moved
[XOM][Epoch 063/300] Epsilon:0.7926 #Expl.:615/741 #Buy:336 #Sell:311 #Hold:94 #Stocks:112 PV:8,166 LC:711 Loss:1.165857 ET:9.7376
top of axes not in the figure, so title not moved
top of axes not in the figure, so title not moved
[XOM][Epoch 064/300] Epsilon:0.7893 #Expl.:597/741 #Buy:129 #Sell:103 #Hold:509 #Stocks:117 PV:8,131 LC:718 Loss:1.259033 ET:9.8494
top of axes not in the figure, so title not moved
top of axes not in the figure, so title not moved
[XOM][Epoch 065/300] Epsilon:0.7860 #Expl.:583/741 #Buy:113 #Sell:85 #Hold:543 #Stocks:114 PV:7,943 LC:719 Loss:1.513960 ET:9.7960
top of axes not in the figure, so title not moved
top of axes not in the figure, so title not moved
[XOM][Epoch 066/300] Epsilon:0.7826 #Expl.:565/741 #Buy:308 #Sell:278 #Hold:155 #Stocks:108 PV:8,236 LC:713 Loss:1.219184 ET:9.8597
top of axes not in the figure, so title not moved
top of axes not in the figure, so title not moved
[XOM][Epoch 067/300] Epsilon:0.7793 #Expl.:558/741 #Buy:357 #Sell:330 #Hold:54 #Stocks:111 PV:8,125 LC:706 Loss:0.545254 ET:9.8529
top of axes not in the figure, so title not moved
top of axes not in the figure, so title not moved
[XOM][Epoch 068/300] Epsilon:0.7759 #Expl.:558/741 #Buy:288 #Sell:260 #Hold:193 #Stocks:106 PV:8,102 LC:709 Loss:1.071013 ET:9.7262
top of axes not in the figure, so title not moved
top of axes not in the figure, so title not moved
[XOM][Epoch 069/300] Epsilon:0.7726 #Expl.:590/741 #Buy:132 #Sell:106 #Hold:503 #Stocks:115 PV:8,036 LC:720 Loss:1.064802 ET:9.8627
top of axes not in the figure, so title not moved
top of axes not in the figure, so title not moved
[XOM][Epoch 070/300] Epsilon:0.7692 #Expl.:573/741 #Buy:261 #Sell:228 #Hold:252 #Stocks:116 PV:8,089 LC:719 Loss:1.072759 ET:9.8326
top of axes not in the figure, so title not moved
top of axes not in the figure, so title not moved
[XOM][Epoch 071/300] Epsilon:0.7659 #Expl.:574/741 #Buy:360 #Sell:355 #Hold:26 #Stocks:15 PV:8,086 LC:717 Loss:0.573503 ET:9.8314
top of axes not in the figure, so title not moved
top of axes not in the figure, so title not moved
[XOM][Epoch 072/300] Epsilon:0.7625 #Expl.:559/741 #Buy:343 #Sell:321 #Hold:77 #Stocks:99 PV:9,012 LC:713 Loss:0.497112 ET:9.8283
top of axes not in the figure, so title not moved
top of axes not in the figure, so title not moved
[XOM][Epoch 073/300] Epsilon:0.7592 #Expl.:559/741 #Buy:290 #Sell:260 #Hold:191 #Stocks:124 PV:8,627 LC:697 Loss:0.741485 ET:9.5946
top of axes not in the figure, so title not moved
top of axes not in the figure, so title not moved
[XOM][Epoch 074/300] Epsilon:0.7559 #Expl.:567/741 #Buy:344 #Sell:341 #Hold:56 #Stocks:0 PV:8,278 LC:710 Loss:1.164758 ET:9.7436
top of axes not in the figure, so title not moved
top of axes not in the figure, so title not moved
[XOM][Epoch 075/300] Epsilon:0.7525 #Expl.:535/741 #Buy:205 #Sell:177 #Hold:359 #Stocks:111 PV:8,062 LC:716 Loss:1.715577 ET:9.7643
top of axes not in the figure, so title not moved
top of axes not in the figure, so title not moved
[XOM][Epoch 076/300] Epsilon:0.7492 #Expl.:553/741 #Buy:147 #Sell:119 #Hold:475 #Stocks:118 PV:8,205 LC:713 Loss:1.030556 ET:9.7773
top of axes not in the figure, so title not moved
top of axes not in the figure, so title not moved
[XOM][Epoch 077/300] Epsilon:0.7458 #Expl.:545/741 #Buy:89 #Sell:64 #Hold:588 #Stocks:115 PV:8,006 LC:719 Loss:1.531449 ET:9.8766
top of axes not in the figure, so title not moved
top of axes not in the figure, so title not moved
[XOM][Epoch 078/300] Epsilon:0.7425 #Expl.:554/741 #Buy:152 #Sell:125 #Hold:464 #Stocks:115 PV:8,017 LC:717 Loss:0.984584 ET:9.8023
top of axes not in the figure, so title not moved
top of axes not in the figure, so title not moved
[XOM][Epoch 079/300] Epsilon:0.7391 #Expl.:559/741 #Buy:352 #Sell:343 #Hold:46 #Stocks:28 PV:8,550 LC:640 Loss:0.417781 ET:9.0260
top of axes not in the figure, so title not moved
top of axes not in the figure, so title not moved
[XOM][Epoch 080/300] Epsilon:0.7358 #Expl.:548/741 #Buy:357 #Sell:355 #Hold:29 #Stocks:10 PV:8,595 LC:701 Loss:0.274396 ET:9.7412
top of axes not in the figure, so title not moved
top of axes not in the figure, so title not moved
[XOM][Epoch 081/300] Epsilon:0.7324 #Expl.:538/741 #Buy:318 #Sell:294 #Hold:129 #Stocks:103 PV:8,207 LC:713 Loss:1.260035 ET:9.8087
top of axes not in the figure, so title not moved
top of axes not in the figure, so title not moved
[XOM][Epoch 082/300] Epsilon:0.7291 #Expl.:539/741 #Buy:304 #Sell:284 #Hold:153 #Stocks:71 PV:7,937 LC:710 Loss:0.756344 ET:9.9671
top of axes not in the figure, so title not moved
top of axes not in the figure, so title not moved
[XOM][Epoch 083/300] Epsilon:0.7258 #Expl.:532/741 #Buy:177 #Sell:146 #Hold:418 #Stocks:113 PV:7,884 LC:716 Loss:1.750936 ET:9.9112
top of axes not in the figure, so title not moved
top of axes not in the figure, so title not moved
[XOM][Epoch 084/300] Epsilon:0.7224 #Expl.:534/741 #Buy:214 #Sell:189 #Hold:338 #Stocks:110 PV:7,988 LC:719 Loss:1.044336 ET:9.8174
top of axes not in the figure, so title not moved
top of axes not in the figure, so title not moved
[XOM][Epoch 085/300] Epsilon:0.7191 #Expl.:537/741 #Buy:337 #Sell:316 #Hold:88 #Stocks:92 PV:8,161 LC:712 Loss:1.143354 ET:9.7873
top of axes not in the figure, so title not moved
top of axes not in the figure, so title not moved
[XOM][Epoch 086/300] Epsilon:0.7157 #Expl.:513/741 #Buy:294 #Sell:266 #Hold:181 #Stocks:115 PV:8,018 LC:713 Loss:1.145370 ET:9.7288
top of axes not in the figure, so title not moved
top of axes not in the figure, so title not moved
[XOM][Epoch 087/300] Epsilon:0.7124 #Expl.:536/741 #Buy:161 #Sell:133 #Hold:447 #Stocks:115 PV:8,032 LC:719 Loss:1.436100 ET:9.8304
top of axes not in the figure, so title not moved
top of axes not in the figure, so title not moved
[XOM][Epoch 088/300] Epsilon:0.7090 #Expl.:547/741 #Buy:318 #Sell:291 #Hold:132 #Stocks:114 PV:7,971 LC:712 Loss:1.177003 ET:9.9150
top of axes not in the figure, so title not moved
top of axes not in the figure, so title not moved
[XOM][Epoch 089/300] Epsilon:0.7057 #Expl.:517/741 #Buy:244 #Sell:217 #Hold:280 #Stocks:115 PV:8,023 LC:717 Loss:1.729435 ET:9.7713
top of axes not in the figure, so title not moved
top of axes not in the figure, so title not moved
[XOM][Epoch 090/300] Epsilon:0.7023 #Expl.:509/741 #Buy:337 #Sell:337 #Hold:67 #Stocks:0 PV:8,646 LC:685 Loss:0.079126 ET:9.4768
top of axes not in the figure, so title not moved
top of axes not in the figure, so title not moved
[XOM][Epoch 091/300] Epsilon:0.6990 #Expl.:518/741 #Buy:290 #Sell:264 #Hold:187 #Stocks:115 PV:8,004 LC:713 Loss:1.279903 ET:9.9472
top of axes not in the figure, so title not moved
top of axes not in the figure, so title not moved
[XOM][Epoch 092/300] Epsilon:0.6957 #Expl.:535/741 #Buy:344 #Sell:320 #Hold:77 #Stocks:107 PV:8,534 LC:707 Loss:0.568080 ET:9.7283
top of axes not in the figure, so title not moved
top of axes not in the figure, so title not moved
[XOM][Epoch 093/300] Epsilon:0.6923 #Expl.:530/741 #Buy:284 #Sell:257 #Hold:200 #Stocks:114 PV:8,319 LC:707 Loss:1.294420 ET:9.6940
top of axes not in the figure, so title not moved
top of axes not in the figure, so title not moved
[XOM][Epoch 094/300] Epsilon:0.6890 #Expl.:509/741 #Buy:271 #Sell:245 #Hold:225 #Stocks:105 PV:8,024 LC:714 Loss:1.280740 ET:9.7492
top of axes not in the figure, so title not moved
top of axes not in the figure, so title not moved
[XOM][Epoch 095/300] Epsilon:0.6856 #Expl.:473/741 #Buy:142 #Sell:117 #Hold:482 #Stocks:114 PV:7,987 LC:719 Loss:1.478807 ET:9.8915
top of axes not in the figure, so title not moved
top of axes not in the figure, so title not moved
[XOM][Epoch 096/300] Epsilon:0.6823 #Expl.:519/741 #Buy:351 #Sell:325 #Hold:65 #Stocks:122 PV:8,839 LC:708 Loss:0.293331 ET:9.8390
top of axes not in the figure, so title not moved
top of axes not in the figure, so title not moved
[XOM][Epoch 097/300] Epsilon:0.6789 #Expl.:534/741 #Buy:346 #Sell:339 #Hold:56 #Stocks:30 PV:9,042 LC:713 Loss:0.285077 ET:9.9747
top of axes not in the figure, so title not moved
top of axes not in the figure, so title not moved
[XOM][Epoch 098/300] Epsilon:0.6756 #Expl.:479/741 #Buy:340 #Sell:338 #Hold:63 #Stocks:10 PV:8,994 LC:704 Loss:0.324063 ET:9.6902
top of axes not in the figure, so title not moved
top of axes not in the figure, so title not moved
[XOM][Epoch 099/300] Epsilon:0.6722 #Expl.:490/741 #Buy:335 #Sell:312 #Hold:94 #Stocks:96 PV:8,460 LC:713 Loss:0.672419 ET:9.8405
top of axes not in the figure, so title not moved
top of axes not in the figure, so title not moved
[XOM][Epoch 100/300] Epsilon:0.6689 #Expl.:487/741 #Buy:326 #Sell:323 #Hold:92 #Stocks:15 PV:8,783 LC:698 Loss:0.608960 ET:9.6317
top of axes not in the figure, so title not moved
top of axes not in the figure, so title not moved
[XOM][Epoch 101/300] Epsilon:0.6656 #Expl.:493/741 #Buy:134 #Sell:107 #Hold:500 #Stocks:114 PV:7,944 LC:717 Loss:1.865780 ET:9.8646
top of axes not in the figure, so title not moved
top of axes not in the figure, so title not moved
[XOM][Epoch 102/300] Epsilon:0.6622 #Expl.:501/741 #Buy:108 #Sell:82 #Hold:551 #Stocks:115 PV:8,033 LC:719 Loss:1.624540 ET:9.8280
top of axes not in the figure, so title not moved
top of axes not in the figure, so title not moved
[XOM][Epoch 103/300] Epsilon:0.6589 #Expl.:503/741 #Buy:344 #Sell:323 #Hold:74 #Stocks:100 PV:8,341 LC:662 Loss:0.768206 ET:9.1865
top of axes not in the figure, so title not moved
top of axes not in the figure, so title not moved
[XOM][Epoch 104/300] Epsilon:0.6555 #Expl.:471/741 #Buy:231 #Sell:202 #Hold:308 #Stocks:117 PV:8,175 LC:713 Loss:1.543560 ET:9.8778
top of axes not in the figure, so title not moved
top of axes not in the figure, so title not moved
[XOM][Epoch 105/300] Epsilon:0.6522 #Expl.:471/741 #Buy:328 #Sell:299 #Hold:114 #Stocks:114 PV:7,985 LC:713 Loss:1.615168 ET:9.7659
top of axes not in the figure, so title not moved
top of axes not in the figure, so title not moved
[XOM][Epoch 106/300] Epsilon:0.6488 #Expl.:467/741 #Buy:208 #Sell:179 #Hold:354 #Stocks:115 PV:8,021 LC:719 Loss:0.807967 ET:9.8633
top of axes not in the figure, so title not moved
top of axes not in the figure, so title not moved
[XOM][Epoch 107/300] Epsilon:0.6455 #Expl.:478/741 #Buy:255 #Sell:223 #Hold:263 #Stocks:110 PV:8,028 LC:719 Loss:1.657105 ET:9.8979
top of axes not in the figure, so title not moved
top of axes not in the figure, so title not moved
[XOM][Epoch 108/300] Epsilon:0.6421 #Expl.:488/741 #Buy:341 #Sell:313 #Hold:87 #Stocks:115 PV:8,032 LC:713 Loss:0.908326 ET:9.7409
top of axes not in the figure, so title not moved
top of axes not in the figure, so title not moved
[XOM][Epoch 109/300] Epsilon:0.6388 #Expl.:491/741 #Buy:268 #Sell:238 #Hold:235 #Stocks:116 PV:8,089 LC:711 Loss:0.642788 ET:9.8639
top of axes not in the figure, so title not moved
top of axes not in the figure, so title not moved
[XOM][Epoch 110/300] Epsilon:0.6355 #Expl.:471/741 #Buy:338 #Sell:315 #Hold:88 #Stocks:101 PV:7,718 LC:713 Loss:1.253685 ET:9.8312
top of axes not in the figure, so title not moved
top of axes not in the figure, so title not moved
[XOM][Epoch 111/300] Epsilon:0.6321 #Expl.:483/741 #Buy:181 #Sell:151 #Hold:409 #Stocks:115 PV:8,059 LC:720 Loss:1.173265 ET:9.9093
top of axes not in the figure, so title not moved
top of axes not in the figure, so title not moved
[XOM][Epoch 112/300] Epsilon:0.6288 #Expl.:471/741 #Buy:155 #Sell:125 #Hold:461 #Stocks:112 PV:7,797 LC:719 Loss:1.832800 ET:10.0845
top of axes not in the figure, so title not moved
top of axes not in the figure, so title not moved
[XOM][Epoch 113/300] Epsilon:0.6254 #Expl.:456/741 #Buy:204 #Sell:177 #Hold:360 #Stocks:110 PV:8,019 LC:720 Loss:1.127412 ET:9.9163
top of axes not in the figure, so title not moved
top of axes not in the figure, so title not moved
[XOM][Epoch 114/300] Epsilon:0.6221 #Expl.:462/741 #Buy:239 #Sell:209 #Hold:293 #Stocks:115 PV:8,009 LC:719 Loss:1.218642 ET:9.8900
top of axes not in the figure, so title not moved
top of axes not in the figure, so title not moved
[XOM][Epoch 115/300] Epsilon:0.6187 #Expl.:461/741 #Buy:300 #Sell:277 #Hold:164 #Stocks:92 PV:7,802 LC:719 Loss:0.615069 ET:9.9076
top of axes not in the figure, so title not moved
top of axes not in the figure, so title not moved
[XOM][Epoch 116/300] Epsilon:0.6154 #Expl.:467/741 #Buy:280 #Sell:254 #Hold:207 #Stocks:98 PV:8,249 LC:713 Loss:1.404465 ET:9.7832
top of axes not in the figure, so title not moved
top of axes not in the figure, so title not moved
[XOM][Epoch 117/300] Epsilon:0.6120 #Expl.:437/741 #Buy:217 #Sell:188 #Hold:336 #Stocks:115 PV:8,051 LC:719 Loss:1.465262 ET:9.8754
top of axes not in the figure, so title not moved
top of axes not in the figure, so title not moved
[XOM][Epoch 118/300] Epsilon:0.6087 #Expl.:446/741 #Buy:298 #Sell:278 #Hold:165 #Stocks:80 PV:8,828 LC:713 Loss:0.556777 ET:9.8730
top of axes not in the figure, so title not moved
top of axes not in the figure, so title not moved
[XOM][Epoch 119/300] Epsilon:0.6054 #Expl.:454/741 #Buy:206 #Sell:176 #Hold:359 #Stocks:114 PV:7,982 LC:719 Loss:1.700699 ET:9.8390
top of axes not in the figure, so title not moved
top of axes not in the figure, so title not moved
[XOM][Epoch 120/300] Epsilon:0.6020 #Expl.:456/741 #Buy:295 #Sell:269 #Hold:177 #Stocks:106 PV:7,749 LC:706 Loss:2.067960 ET:9.6920
top of axes not in the figure, so title not moved
top of axes not in the figure, so title not moved
[XOM][Epoch 121/300] Epsilon:0.5987 #Expl.:463/741 #Buy:324 #Sell:315 #Hold:102 #Stocks:45 PV:9,269 LC:696 Loss:0.095353 ET:9.5580
top of axes not in the figure, so title not moved
top of axes not in the figure, so title not moved
[XOM][Epoch 122/300] Epsilon:0.5953 #Expl.:444/741 #Buy:282 #Sell:257 #Hold:202 #Stocks:109 PV:7,607 LC:713 Loss:1.457197 ET:9.9154
top of axes not in the figure, so title not moved
top of axes not in the figure, so title not moved
[XOM][Epoch 123/300] Epsilon:0.5920 #Expl.:454/741 #Buy:160 #Sell:133 #Hold:448 #Stocks:115 PV:8,049 LC:719 Loss:1.499623 ET:9.9294
top of axes not in the figure, so title not moved
top of axes not in the figure, so title not moved
[XOM][Epoch 124/300] Epsilon:0.5886 #Expl.:440/741 #Buy:327 #Sell:324 #Hold:90 #Stocks:0 PV:9,219 LC:695 Loss:0.096412 ET:9.5711
top of axes not in the figure, so title not moved
top of axes not in the figure, so title not moved
[XOM][Epoch 125/300] Epsilon:0.5853 #Expl.:434/741 #Buy:246 #Sell:220 #Hold:275 #Stocks:112 PV:7,791 LC:719 Loss:1.863750 ET:9.9344
top of axes not in the figure, so title not moved
top of axes not in the figure, so title not moved
[XOM][Epoch 126/300] Epsilon:0.5819 #Expl.:440/741 #Buy:327 #Sell:308 #Hold:106 #Stocks:90 PV:8,412 LC:718 Loss:0.107826 ET:9.8602
top of axes not in the figure, so title not moved
top of axes not in the figure, so title not moved
[XOM][Epoch 127/300] Epsilon:0.5786 #Expl.:424/741 #Buy:173 #Sell:146 #Hold:422 #Stocks:116 PV:8,064 LC:719 Loss:0.993055 ET:10.0105
top of axes not in the figure, so title not moved
top of axes not in the figure, so title not moved
[XOM][Epoch 128/300] Epsilon:0.5753 #Expl.:452/741 #Buy:155 #Sell:130 #Hold:456 #Stocks:114 PV:7,988 LC:719 Loss:1.578716 ET:9.8171
top of axes not in the figure, so title not moved
top of axes not in the figure, so title not moved
[XOM][Epoch 129/300] Epsilon:0.5719 #Expl.:408/741 #Buy:250 #Sell:225 #Hold:266 #Stocks:111 PV:7,732 LC:719 Loss:1.396027 ET:9.8725
top of axes not in the figure, so title not moved
top of axes not in the figure, so title not moved
[XOM][Epoch 130/300] Epsilon:0.5686 #Expl.:443/741 #Buy:196 #Sell:171 #Hold:374 #Stocks:104 PV:7,984 LC:719 Loss:1.489393 ET:9.8512
top of axes not in the figure, so title not moved
top of axes not in the figure, so title not moved
[XOM][Epoch 131/300] Epsilon:0.5652 #Expl.:421/741 #Buy:314 #Sell:301 #Hold:126 #Stocks:45 PV:8,637 LC:717 Loss:0.489888 ET:9.8934
top of axes not in the figure, so title not moved
top of axes not in the figure, so title not moved
[XOM][Epoch 132/300] Epsilon:0.5619 #Expl.:433/741 #Buy:312 #Sell:284 #Hold:145 #Stocks:119 PV:8,335 LC:713 Loss:0.631170 ET:9.7503
top of axes not in the figure, so title not moved
top of axes not in the figure, so title not moved
[XOM][Epoch 133/300] Epsilon:0.5585 #Expl.:414/741 #Buy:323 #Sell:310 #Hold:108 #Stocks:55 PV:9,391 LC:666 Loss:0.616706 ET:9.2394
top of axes not in the figure, so title not moved
top of axes not in the figure, so title not moved
[XOM][Epoch 134/300] Epsilon:0.5552 #Expl.:413/741 #Buy:170 #Sell:141 #Hold:430 #Stocks:115 PV:8,057 LC:719 Loss:1.774294 ET:9.8912
top of axes not in the figure, so title not moved
top of axes not in the figure, so title not moved
[XOM][Epoch 135/300] Epsilon:0.5518 #Expl.:422/741 #Buy:201 #Sell:176 #Hold:364 #Stocks:114 PV:7,966 LC:717 Loss:1.453630 ET:9.8724
top of axes not in the figure, so title not moved
top of axes not in the figure, so title not moved
[XOM][Epoch 136/300] Epsilon:0.5485 #Expl.:418/741 #Buy:270 #Sell:244 #Hold:227 #Stocks:113 PV:7,861 LC:719 Loss:1.284837 ET:9.8696
top of axes not in the figure, so title not moved
top of axes not in the figure, so title not moved
[XOM][Epoch 137/300] Epsilon:0.5452 #Expl.:387/741 #Buy:231 #Sell:205 #Hold:305 #Stocks:115 PV:8,040 LC:718 Loss:1.218287 ET:9.8831
top of axes not in the figure, so title not moved
top of axes not in the figure, so title not moved
[XOM][Epoch 138/300] Epsilon:0.5418 #Expl.:404/741 #Buy:332 #Sell:308 #Hold:101 #Stocks:84 PV:7,684 LC:706 Loss:1.282729 ET:9.8599
top of axes not in the figure, so title not moved
top of axes not in the figure, so title not moved
[XOM][Epoch 139/300] Epsilon:0.5385 #Expl.:429/741 #Buy:324 #Sell:297 #Hold:120 #Stocks:115 PV:8,352 LC:669 Loss:1.062727 ET:9.3488
top of axes not in the figure, so title not moved
top of axes not in the figure, so title not moved
[XOM][Epoch 140/300] Epsilon:0.5351 #Expl.:401/741 #Buy:265 #Sell:237 #Hold:239 #Stocks:112 PV:7,839 LC:714 Loss:1.505386 ET:9.8170
top of axes not in the figure, so title not moved
top of axes not in the figure, so title not moved
[XOM][Epoch 141/300] Epsilon:0.5318 #Expl.:391/741 #Buy:163 #Sell:130 #Hold:448 #Stocks:116 PV:8,124 LC:719 Loss:1.181605 ET:10.3044
top of axes not in the figure, so title not moved
top of axes not in the figure, so title not moved
[XOM][Epoch 142/300] Epsilon:0.5284 #Expl.:427/741 #Buy:184 #Sell:158 #Hold:399 #Stocks:117 PV:8,157 LC:719 Loss:1.233309 ET:10.3071
top of axes not in the figure, so title not moved
top of axes not in the figure, so title not moved
[XOM][Epoch 143/300] Epsilon:0.5251 #Expl.:387/741 #Buy:266 #Sell:237 #Hold:238 #Stocks:111 PV:8,124 LC:715 Loss:0.922111 ET:10.0925
top of axes not in the figure, so title not moved
top of axes not in the figure, so title not moved
[XOM][Epoch 144/300] Epsilon:0.5217 #Expl.:407/741 #Buy:252 #Sell:222 #Hold:267 #Stocks:117 PV:8,193 LC:695 Loss:1.296764 ET:9.5902
top of axes not in the figure, so title not moved
top of axes not in the figure, so title not moved
[XOM][Epoch 145/300] Epsilon:0.5184 #Expl.:368/741 #Buy:173 #Sell:145 #Hold:423 #Stocks:114 PV:7,987 LC:719 Loss:1.493708 ET:9.9031
top of axes not in the figure, so title not moved
top of axes not in the figure, so title not moved
[XOM][Epoch 146/300] Epsilon:0.5151 #Expl.:396/741 #Buy:322 #Sell:310 #Hold:109 #Stocks:60 PV:8,976 LC:716 Loss:0.091619 ET:9.7833
top of axes not in the figure, so title not moved
top of axes not in the figure, so title not moved
[XOM][Epoch 147/300] Epsilon:0.5117 #Expl.:370/741 #Buy:300 #Sell:297 #Hold:144 #Stocks:15 PV:9,222 LC:719 Loss:0.145072 ET:9.8379
top of axes not in the figure, so title not moved
top of axes not in the figure, so title not moved
[XOM][Epoch 148/300] Epsilon:0.5084 #Expl.:378/741 #Buy:242 #Sell:217 #Hold:282 #Stocks:105 PV:7,660 LC:713 Loss:2.214976 ET:9.7552
top of axes not in the figure, so title not moved
top of axes not in the figure, so title not moved
[XOM][Epoch 149/300] Epsilon:0.5050 #Expl.:389/741 #Buy:131 #Sell:106 #Hold:504 #Stocks:115 PV:7,999 LC:719 Loss:1.520776 ET:9.8100
top of axes not in the figure, so title not moved
top of axes not in the figure, so title not moved
[XOM][Epoch 150/300] Epsilon:0.5017 #Expl.:376/741 #Buy:320 #Sell:316 #Hold:105 #Stocks:20 PV:8,868 LC:689 Loss:0.068657 ET:9.5138
top of axes not in the figure, so title not moved
top of axes not in the figure, so title not moved
[XOM][Epoch 151/300] Epsilon:0.4983 #Expl.:388/741 #Buy:315 #Sell:313 #Hold:113 #Stocks:0 PV:8,408 LC:717 Loss:0.354786 ET:9.7627
top of axes not in the figure, so title not moved
top of axes not in the figure, so title not moved
[XOM][Epoch 152/300] Epsilon:0.4950 #Expl.:401/741 #Buy:310 #Sell:307 #Hold:124 #Stocks:0 PV:9,314 LC:669 Loss:0.089265 ET:9.2738
top of axes not in the figure, so title not moved
top of axes not in the figure, so title not moved
[XOM][Epoch 153/300] Epsilon:0.4916 #Expl.:374/741 #Buy:224 #Sell:193 #Hold:324 #Stocks:118 PV:8,238 LC:718 Loss:1.621848 ET:9.8522
top of axes not in the figure, so title not moved
top of axes not in the figure, so title not moved
[XOM][Epoch 154/300] Epsilon:0.4883 #Expl.:372/741 #Buy:204 #Sell:178 #Hold:359 #Stocks:101 PV:7,762 LC:719 Loss:1.863013 ET:9.8576
top of axes not in the figure, so title not moved
top of axes not in the figure, so title not moved
[XOM][Epoch 155/300] Epsilon:0.4849 #Expl.:351/741 #Buy:225 #Sell:195 #Hold:321 #Stocks:110 PV:7,670 LC:719 Loss:1.402438 ET:9.8843
top of axes not in the figure, so title not moved
top of axes not in the figure, so title not moved
[XOM][Epoch 156/300] Epsilon:0.4816 #Expl.:357/741 #Buy:315 #Sell:291 #Hold:135 #Stocks:115 PV:9,256 LC:713 Loss:0.095445 ET:9.6877
top of axes not in the figure, so title not moved
top of axes not in the figure, so title not moved
[XOM][Epoch 157/300] Epsilon:0.4783 #Expl.:348/741 #Buy:268 #Sell:239 #Hold:234 #Stocks:127 PV:8,861 LC:717 Loss:0.638954 ET:10.0172
top of axes not in the figure, so title not moved
top of axes not in the figure, so title not moved
[XOM][Epoch 158/300] Epsilon:0.4749 #Expl.:349/741 #Buy:251 #Sell:222 #Hold:268 #Stocks:116 PV:8,063 LC:719 Loss:1.805761 ET:9.8727
top of axes not in the figure, so title not moved
top of axes not in the figure, so title not moved
[XOM][Epoch 159/300] Epsilon:0.4716 #Expl.:333/741 #Buy:295 #Sell:293 #Hold:153 #Stocks:5 PV:9,071 LC:610 Loss:0.099736 ET:8.6266
top of axes not in the figure, so title not moved
top of axes not in the figure, so title not moved
[XOM][Epoch 160/300] Epsilon:0.4682 #Expl.:341/741 #Buy:277 #Sell:251 #Hold:213 #Stocks:115 PV:7,998 LC:719 Loss:1.148648 ET:9.7797
top of axes not in the figure, so title not moved
top of axes not in the figure, so title not moved
[XOM][Epoch 161/300] Epsilon:0.4649 #Expl.:351/741 #Buy:220 #Sell:194 #Hold:327 #Stocks:117 PV:8,151 LC:719 Loss:1.294164 ET:9.8798
top of axes not in the figure, so title not moved
top of axes not in the figure, so title not moved
[XOM][Epoch 162/300] Epsilon:0.4615 #Expl.:335/741 #Buy:301 #Sell:299 #Hold:141 #Stocks:10 PV:8,878 LC:696 Loss:0.073353 ET:9.6902
top of axes not in the figure, so title not moved
top of axes not in the figure, so title not moved
[XOM][Epoch 163/300] Epsilon:0.4582 #Expl.:344/741 #Buy:308 #Sell:291 #Hold:142 #Stocks:75 PV:8,481 LC:713 Loss:0.573163 ET:9.8773
top of axes not in the figure, so title not moved
top of axes not in the figure, so title not moved
[XOM][Epoch 164/300] Epsilon:0.4548 #Expl.:348/741 #Buy:181 #Sell:152 #Hold:408 #Stocks:116 PV:8,109 LC:719 Loss:1.325621 ET:9.8139
top of axes not in the figure, so title not moved
top of axes not in the figure, so title not moved
[XOM][Epoch 165/300] Epsilon:0.4515 #Expl.:327/741 #Buy:235 #Sell:205 #Hold:301 #Stocks:115 PV:8,012 LC:719 Loss:1.461200 ET:9.8392
top of axes not in the figure, so title not moved
top of axes not in the figure, so title not moved
[XOM][Epoch 166/300] Epsilon:0.4482 #Expl.:324/741 #Buy:312 #Sell:312 #Hold:117 #Stocks:0 PV:9,233 LC:711 Loss:0.217220 ET:9.8033
top of axes not in the figure, so title not moved
top of axes not in the figure, so title not moved
[XOM][Epoch 167/300] Epsilon:0.4448 #Expl.:336/741 #Buy:329 #Sell:311 #Hold:101 #Stocks:70 PV:8,673 LC:713 Loss:0.335774 ET:9.7472
top of axes not in the figure, so title not moved
top of axes not in the figure, so title not moved
[XOM][Epoch 168/300] Epsilon:0.4415 #Expl.:338/741 #Buy:274 #Sell:245 #Hold:222 #Stocks:116 PV:8,076 LC:717 Loss:1.762746 ET:9.8164
top of axes not in the figure, so title not moved
top of axes not in the figure, so title not moved
[XOM][Epoch 169/300] Epsilon:0.4381 #Expl.:316/741 #Buy:212 #Sell:185 #Hold:344 #Stocks:114 PV:7,937 LC:719 Loss:1.905672 ET:9.8320
top of axes not in the figure, so title not moved
top of axes not in the figure, so title not moved
[XOM][Epoch 170/300] Epsilon:0.4348 #Expl.:327/741 #Buy:225 #Sell:196 #Hold:320 #Stocks:110 PV:8,029 LC:719 Loss:1.150929 ET:9.8693
top of axes not in the figure, so title not moved
top of axes not in the figure, so title not moved
[XOM][Epoch 171/300] Epsilon:0.4314 #Expl.:321/741 #Buy:190 #Sell:165 #Hold:386 #Stocks:113 PV:7,897 LC:718 Loss:1.717104 ET:9.7992
top of axes not in the figure, so title not moved
top of axes not in the figure, so title not moved
[XOM][Epoch 172/300] Epsilon:0.4281 #Expl.:326/741 #Buy:288 #Sell:265 #Hold:188 #Stocks:101 PV:7,745 LC:719 Loss:1.271886 ET:9.8487
top of axes not in the figure, so title not moved
top of axes not in the figure, so title not moved
[XOM][Epoch 173/300] Epsilon:0.4247 #Expl.:321/741 #Buy:316 #Sell:312 #Hold:113 #Stocks:15 PV:9,154 LC:696 Loss:0.372843 ET:9.6216
top of axes not in the figure, so title not moved
top of axes not in the figure, so title not moved
[XOM][Epoch 174/300] Epsilon:0.4214 #Expl.:333/741 #Buy:191 #Sell:164 #Hold:386 #Stocks:115 PV:8,007 LC:719 Loss:1.876164 ET:9.8201
top of axes not in the figure, so title not moved
top of axes not in the figure, so title not moved
[XOM][Epoch 175/300] Epsilon:0.4181 #Expl.:287/741 #Buy:288 #Sell:282 #Hold:171 #Stocks:20 PV:8,519 LC:719 Loss:0.858290 ET:9.8272
top of axes not in the figure, so title not moved
top of axes not in the figure, so title not moved
[XOM][Epoch 176/300] Epsilon:0.4147 #Expl.:283/741 #Buy:190 #Sell:164 #Hold:387 #Stocks:113 PV:7,874 LC:719 Loss:1.697723 ET:9.8600
top of axes not in the figure, so title not moved
top of axes not in the figure, so title not moved
[XOM][Epoch 177/300] Epsilon:0.4114 #Expl.:302/741 #Buy:271 #Sell:244 #Hold:226 #Stocks:117 PV:8,190 LC:719 Loss:1.147742 ET:9.8559
top of axes not in the figure, so title not moved
top of axes not in the figure, so title not moved
[XOM][Epoch 178/300] Epsilon:0.4080 #Expl.:299/741 #Buy:293 #Sell:266 #Hold:182 #Stocks:113 PV:7,888 LC:713 Loss:1.338988 ET:9.7245
top of axes not in the figure, so title not moved
top of axes not in the figure, so title not moved
[XOM][Epoch 179/300] Epsilon:0.4047 #Expl.:339/741 #Buy:317 #Sell:288 #Hold:136 #Stocks:127 PV:8,844 LC:719 Loss:0.579298 ET:9.7918
top of axes not in the figure, so title not moved
top of axes not in the figure, so title not moved
[XOM][Epoch 180/300] Epsilon:0.4013 #Expl.:327/741 #Buy:275 #Sell:242 #Hold:224 #Stocks:111 PV:8,059 LC:709 Loss:1.741294 ET:9.7346
top of axes not in the figure, so title not moved
top of axes not in the figure, so title not moved
[XOM][Epoch 181/300] Epsilon:0.3980 #Expl.:315/741 #Buy:260 #Sell:235 #Hold:246 #Stocks:114 PV:7,922 LC:719 Loss:1.394820 ET:9.7536
top of axes not in the figure, so title not moved
top of axes not in the figure, so title not moved
[XOM][Epoch 182/300] Epsilon:0.3946 #Expl.:289/741 #Buy:289 #Sell:289 #Hold:163 #Stocks:0 PV:8,916 LC:712 Loss:0.075258 ET:9.7476
top of axes not in the figure, so title not moved
top of axes not in the figure, so title not moved
[XOM][Epoch 183/300] Epsilon:0.3913 #Expl.:292/741 #Buy:301 #Sell:300 #Hold:140 #Stocks:0 PV:8,512 LC:719 Loss:0.333730 ET:9.8474
top of axes not in the figure, so title not moved
top of axes not in the figure, so title not moved
[XOM][Epoch 184/300] Epsilon:0.3880 #Expl.:288/741 #Buy:203 #Sell:175 #Hold:363 #Stocks:109 PV:7,966 LC:719 Loss:1.723753 ET:9.8308
top of axes not in the figure, so title not moved
top of axes not in the figure, so title not moved
[XOM][Epoch 185/300] Epsilon:0.3846 #Expl.:286/741 #Buy:303 #Sell:289 #Hold:149 #Stocks:65 PV:9,404 LC:714 Loss:0.213560 ET:9.8199
top of axes not in the figure, so title not moved
top of axes not in the figure, so title not moved
[XOM][Epoch 186/300] Epsilon:0.3813 #Expl.:267/741 #Buy:299 #Sell:269 #Hold:173 #Stocks:126 PV:8,797 LC:719 Loss:0.682036 ET:9.8473
top of axes not in the figure, so title not moved
top of axes not in the figure, so title not moved
[XOM][Epoch 187/300] Epsilon:0.3779 #Expl.:283/741 #Buy:304 #Sell:300 #Hold:137 #Stocks:10 PV:9,004 LC:713 Loss:0.282094 ET:9.9713
top of axes not in the figure, so title not moved
top of axes not in the figure, so title not moved
[XOM][Epoch 188/300] Epsilon:0.3746 #Expl.:273/741 #Buy:274 #Sell:246 #Hold:221 #Stocks:109 PV:7,599 LC:719 Loss:2.293438 ET:9.8712
top of axes not in the figure, so title not moved
top of axes not in the figure, so title not moved
[XOM][Epoch 189/300] Epsilon:0.3712 #Expl.:263/741 #Buy:242 #Sell:217 #Hold:282 #Stocks:114 PV:7,923 LC:719 Loss:1.431471 ET:9.8153
top of axes not in the figure, so title not moved
top of axes not in the figure, so title not moved
[XOM][Epoch 190/300] Epsilon:0.3679 #Expl.:268/741 #Buy:298 #Sell:291 #Hold:152 #Stocks:20 PV:8,362 LC:719 Loss:0.646076 ET:9.8179
top of axes not in the figure, so title not moved
top of axes not in the figure, so title not moved
[XOM][Epoch 191/300] Epsilon:0.3645 #Expl.:290/741 #Buy:297 #Sell:277 #Hold:167 #Stocks:88 PV:7,565 LC:719 Loss:1.826795 ET:9.8336
top of axes not in the figure, so title not moved
top of axes not in the figure, so title not moved
[XOM][Epoch 192/300] Epsilon:0.3612 #Expl.:259/741 #Buy:274 #Sell:248 #Hold:219 #Stocks:111 PV:7,752 LC:719 Loss:1.699144 ET:9.8729
top of axes not in the figure, so title not moved
top of axes not in the figure, so title not moved
[XOM][Epoch 193/300] Epsilon:0.3579 #Expl.:266/741 #Buy:213 #Sell:188 #Hold:340 #Stocks:112 PV:7,820 LC:719 Loss:1.341693 ET:9.8900
top of axes not in the figure, so title not moved
top of axes not in the figure, so title not moved
[XOM][Epoch 194/300] Epsilon:0.3545 #Expl.:256/741 #Buy:269 #Sell:262 #Hold:210 #Stocks:25 PV:8,869 LC:713 Loss:0.066247 ET:9.7666
top of axes not in the figure, so title not moved
top of axes not in the figure, so title not moved
[XOM][Epoch 195/300] Epsilon:0.3512 #Expl.:252/741 #Buy:280 #Sell:249 #Hold:212 #Stocks:116 PV:8,072 LC:719 Loss:1.692947 ET:9.7701
top of axes not in the figure, so title not moved
top of axes not in the figure, so title not moved
[XOM][Epoch 196/300] Epsilon:0.3478 #Expl.:293/741 #Buy:195 #Sell:168 #Hold:378 #Stocks:114 PV:7,981 LC:719 Loss:1.484172 ET:9.8916
top of axes not in the figure, so title not moved
top of axes not in the figure, so title not moved
[XOM][Epoch 197/300] Epsilon:0.3445 #Expl.:268/741 #Buy:224 #Sell:195 #Hold:322 #Stocks:116 PV:8,101 LC:719 Loss:0.925974 ET:9.7972
top of axes not in the figure, so title not moved
top of axes not in the figure, so title not moved
[XOM][Epoch 198/300] Epsilon:0.3411 #Expl.:277/741 #Buy:296 #Sell:276 #Hold:169 #Stocks:90 PV:8,401 LC:719 Loss:0.249321 ET:10.0131
top of axes not in the figure, so title not moved
top of axes not in the figure, so title not moved
[XOM][Epoch 199/300] Epsilon:0.3378 #Expl.:250/741 #Buy:262 #Sell:236 #Hold:243 #Stocks:102 PV:7,806 LC:719 Loss:2.090401 ET:10.0409
top of axes not in the figure, so title not moved
top of axes not in the figure, so title not moved
[XOM][Epoch 200/300] Epsilon:0.3344 #Expl.:236/741 #Buy:212 #Sell:184 #Hold:345 #Stocks:112 PV:7,848 LC:719 Loss:1.786877 ET:9.9391
top of axes not in the figure, so title not moved
top of axes not in the figure, so title not moved
[XOM][Epoch 201/300] Epsilon:0.3311 #Expl.:246/741 #Buy:272 #Sell:245 #Hold:224 #Stocks:107 PV:7,850 LC:719 Loss:1.341900 ET:10.0540
top of axes not in the figure, so title not moved
top of axes not in the figure, so title not moved
[XOM][Epoch 202/300] Epsilon:0.3278 #Expl.:283/741 #Buy:202 #Sell:175 #Hold:364 #Stocks:113 PV:7,859 LC:719 Loss:1.627585 ET:9.7065
top of axes not in the figure, so title not moved
top of axes not in the figure, so title not moved
[XOM][Epoch 203/300] Epsilon:0.3244 #Expl.:257/741 #Buy:273 #Sell:263 #Hold:205 #Stocks:35 PV:8,727 LC:720 Loss:0.753709 ET:9.7523
top of axes not in the figure, so title not moved
top of axes not in the figure, so title not moved
[XOM][Epoch 204/300] Epsilon:0.3211 #Expl.:252/741 #Buy:229 #Sell:203 #Hold:309 #Stocks:110 PV:7,701 LC:719 Loss:0.991836 ET:9.8711
top of axes not in the figure, so title not moved
top of axes not in the figure, so title not moved
[XOM][Epoch 205/300] Epsilon:0.3177 #Expl.:250/741 #Buy:275 #Sell:275 #Hold:191 #Stocks:0 PV:8,288 LC:695 Loss:0.413383 ET:9.4733
top of axes not in the figure, so title not moved
top of axes not in the figure, so title not moved
[XOM][Epoch 206/300] Epsilon:0.3144 #Expl.:258/741 #Buy:225 #Sell:198 #Hold:318 #Stocks:115 PV:8,009 LC:719 Loss:1.277292 ET:9.7898
top of axes not in the figure, so title not moved
top of axes not in the figure, so title not moved
[XOM][Epoch 207/300] Epsilon:0.3110 #Expl.:242/741 #Buy:290 #Sell:275 #Hold:176 #Stocks:75 PV:8,947 LC:716 Loss:0.080611 ET:9.7665
top of axes not in the figure, so title not moved
top of axes not in the figure, so title not moved
[XOM][Epoch 208/300] Epsilon:0.3077 #Expl.:239/741 #Buy:268 #Sell:245 #Hold:228 #Stocks:100 PV:7,339 LC:719 Loss:2.263506 ET:9.7223
top of axes not in the figure, so title not moved
top of axes not in the figure, so title not moved
[XOM][Epoch 209/300] Epsilon:0.3043 #Expl.:238/741 #Buy:227 #Sell:201 #Hold:313 #Stocks:112 PV:7,799 LC:719 Loss:1.674660 ET:9.8807
top of axes not in the figure, so title not moved
top of axes not in the figure, so title not moved
[XOM][Epoch 210/300] Epsilon:0.3010 #Expl.:189/741 #Buy:261 #Sell:240 #Hold:240 #Stocks:95 PV:8,947 LC:719 Loss:0.611629 ET:9.8086
top of axes not in the figure, so title not moved
top of axes not in the figure, so title not moved
[XOM][Epoch 211/300] Epsilon:0.2977 #Expl.:239/741 #Buy:274 #Sell:274 #Hold:193 #Stocks:0 PV:8,884 LC:706 Loss:0.092304 ET:9.6777
top of axes not in the figure, so title not moved
top of axes not in the figure, so title not moved
[XOM][Epoch 212/300] Epsilon:0.2943 #Expl.:224/741 #Buy:280 #Sell:276 #Hold:185 #Stocks:15 PV:8,232 LC:719 Loss:0.366032 ET:9.8191
top of axes not in the figure, so title not moved
top of axes not in the figure, so title not moved
[XOM][Epoch 213/300] Epsilon:0.2910 #Expl.:219/741 #Buy:275 #Sell:247 #Hold:219 #Stocks:127 PV:8,827 LC:719 Loss:1.050576 ET:9.7678
top of axes not in the figure, so title not moved
top of axes not in the figure, so title not moved
[XOM][Epoch 214/300] Epsilon:0.2876 #Expl.:216/741 #Buy:286 #Sell:285 #Hold:170 #Stocks:0 PV:9,326 LC:694 Loss:0.056642 ET:9.4616
top of axes not in the figure, so title not moved
top of axes not in the figure, so title not moved
[XOM][Epoch 215/300] Epsilon:0.2843 #Expl.:193/741 #Buy:275 #Sell:274 #Hold:192 #Stocks:5 PV:8,981 LC:717 Loss:0.127879 ET:9.8835
top of axes not in the figure, so title not moved
top of axes not in the figure, so title not moved
[XOM][Epoch 216/300] Epsilon:0.2809 #Expl.:225/741 #Buy:219 #Sell:191 #Hold:331 #Stocks:114 PV:7,938 LC:719 Loss:2.114642 ET:9.7475
top of axes not in the figure, so title not moved
top of axes not in the figure, so title not moved
[XOM][Epoch 217/300] Epsilon:0.2776 #Expl.:225/741 #Buy:276 #Sell:276 #Hold:189 #Stocks:0 PV:9,272 LC:719 Loss:0.066143 ET:10.1410
top of axes not in the figure, so title not moved
top of axes not in the figure, so title not moved
[XOM][Epoch 218/300] Epsilon:0.2742 #Expl.:217/741 #Buy:251 #Sell:231 #Hold:259 #Stocks:80 PV:8,943 LC:719 Loss:0.701950 ET:9.7076
top of axes not in the figure, so title not moved
top of axes not in the figure, so title not moved
[XOM][Epoch 219/300] Epsilon:0.2709 #Expl.:220/741 #Buy:275 #Sell:260 #Hold:206 #Stocks:70 PV:9,178 LC:719 Loss:0.548711 ET:9.7936
top of axes not in the figure, so title not moved
top of axes not in the figure, so title not moved
[XOM][Epoch 220/300] Epsilon:0.2676 #Expl.:215/741 #Buy:242 #Sell:213 #Hold:286 #Stocks:114 PV:7,925 LC:719 Loss:1.629456 ET:9.8360
top of axes not in the figure, so title not moved
top of axes not in the figure, so title not moved
[XOM][Epoch 221/300] Epsilon:0.2642 #Expl.:194/741 #Buy:270 #Sell:246 #Hold:225 #Stocks:109 PV:7,581 LC:719 Loss:2.137981 ET:9.8221
top of axes not in the figure, so title not moved
top of axes not in the figure, so title not moved
[XOM][Epoch 222/300] Epsilon:0.2609 #Expl.:200/741 #Buy:278 #Sell:262 #Hold:201 #Stocks:70 PV:8,668 LC:719 Loss:0.774934 ET:9.7803
top of axes not in the figure, so title not moved
top of axes not in the figure, so title not moved
[XOM][Epoch 223/300] Epsilon:0.2575 #Expl.:183/741 #Buy:239 #Sell:235 #Hold:267 #Stocks:10 PV:8,507 LC:718 Loss:0.130794 ET:9.7784
top of axes not in the figure, so title not moved
top of axes not in the figure, so title not moved
[XOM][Epoch 224/300] Epsilon:0.2542 #Expl.:205/741 #Buy:277 #Sell:264 #Hold:200 #Stocks:55 PV:8,077 LC:719 Loss:0.834456 ET:9.7586
top of axes not in the figure, so title not moved
top of axes not in the figure, so title not moved
[XOM][Epoch 225/300] Epsilon:0.2508 #Expl.:188/741 #Buy:272 #Sell:265 #Hold:204 #Stocks:35 PV:9,081 LC:719 Loss:0.106005 ET:9.7509
top of axes not in the figure, so title not moved
top of axes not in the figure, so title not moved
[XOM][Epoch 226/300] Epsilon:0.2475 #Expl.:199/741 #Buy:264 #Sell:263 #Hold:214 #Stocks:5 PV:8,722 LC:713 Loss:0.419195 ET:9.7454
top of axes not in the figure, so title not moved
top of axes not in the figure, so title not moved
[XOM][Epoch 227/300] Epsilon:0.2441 #Expl.:187/741 #Buy:238 #Sell:214 #Hold:289 #Stocks:109 PV:7,627 LC:719 Loss:2.663111 ET:9.7665
top of axes not in the figure, so title not moved
top of axes not in the figure, so title not moved
[XOM][Epoch 228/300] Epsilon:0.2408 #Expl.:180/741 #Buy:273 #Sell:245 #Hold:223 #Stocks:109 PV:7,596 LC:719 Loss:1.339019 ET:9.8932
top of axes not in the figure, so title not moved
top of axes not in the figure, so title not moved
[XOM][Epoch 229/300] Epsilon:0.2375 #Expl.:173/741 #Buy:235 #Sell:211 #Hold:295 #Stocks:109 PV:7,610 LC:719 Loss:2.236240 ET:9.7294
top of axes not in the figure, so title not moved
top of axes not in the figure, so title not moved
[XOM][Epoch 230/300] Epsilon:0.2341 #Expl.:183/741 #Buy:262 #Sell:259 #Hold:220 #Stocks:0 PV:8,672 LC:718 Loss:0.135573 ET:9.7151
top of axes not in the figure, so title not moved
top of axes not in the figure, so title not moved
[XOM][Epoch 231/300] Epsilon:0.2308 #Expl.:162/741 #Buy:264 #Sell:258 #Hold:219 #Stocks:25 PV:7,942 LC:719 Loss:0.620238 ET:9.8556
top of axes not in the figure, so title not moved
top of axes not in the figure, so title not moved
[XOM][Epoch 232/300] Epsilon:0.2274 #Expl.:186/741 #Buy:269 #Sell:244 #Hold:228 #Stocks:110 PV:7,693 LC:719 Loss:1.143375 ET:9.9540
top of axes not in the figure, so title not moved
top of axes not in the figure, so title not moved
[XOM][Epoch 233/300] Epsilon:0.2241 #Expl.:156/741 #Buy:251 #Sell:251 #Hold:239 #Stocks:0 PV:9,027 LC:717 Loss:0.090764 ET:9.8256
top of axes not in the figure, so title not moved
top of axes not in the figure, so title not moved
[XOM][Epoch 234/300] Epsilon:0.2207 #Expl.:181/741 #Buy:255 #Sell:254 #Hold:232 #Stocks:0 PV:8,157 LC:719 Loss:0.780618 ET:9.8172
top of axes not in the figure, so title not moved
top of axes not in the figure, so title not moved
[XOM][Epoch 235/300] Epsilon:0.2174 #Expl.:152/741 #Buy:251 #Sell:250 #Hold:240 #Stocks:0 PV:9,220 LC:719 Loss:0.117839 ET:9.7463
top of axes not in the figure, so title not moved
top of axes not in the figure, so title not moved
[XOM][Epoch 236/300] Epsilon:0.2140 #Expl.:168/741 #Buy:254 #Sell:253 #Hold:234 #Stocks:0 PV:9,132 LC:719 Loss:0.263689 ET:9.7545
top of axes not in the figure, so title not moved
top of axes not in the figure, so title not moved
[XOM][Epoch 237/300] Epsilon:0.2107 #Expl.:158/741 #Buy:262 #Sell:257 #Hold:222 #Stocks:25 PV:8,699 LC:719 Loss:0.509542 ET:9.6902
top of axes not in the figure, so title not moved
top of axes not in the figure, so title not moved
[XOM][Epoch 238/300] Epsilon:0.2074 #Expl.:154/741 #Buy:240 #Sell:239 #Hold:262 #Stocks:5 PV:9,306 LC:720 Loss:0.101119 ET:9.8310
top of axes not in the figure, so title not moved
top of axes not in the figure, so title not moved
[XOM][Epoch 239/300] Epsilon:0.2040 #Expl.:160/741 #Buy:281 #Sell:259 #Hold:201 #Stocks:105 PV:8,728 LC:719 Loss:1.111364 ET:9.9050
top of axes not in the figure, so title not moved
top of axes not in the figure, so title not moved
[XOM][Epoch 240/300] Epsilon:0.2007 #Expl.:146/741 #Buy:267 #Sell:265 #Hold:209 #Stocks:5 PV:8,508 LC:719 Loss:0.545127 ET:9.7877
top of axes not in the figure, so title not moved
top of axes not in the figure, so title not moved
[XOM][Epoch 241/300] Epsilon:0.1973 #Expl.:148/741 #Buy:273 #Sell:271 #Hold:197 #Stocks:0 PV:8,804 LC:719 Loss:0.453743 ET:9.7870
top of axes not in the figure, so title not moved
top of axes not in the figure, so title not moved
[XOM][Epoch 242/300] Epsilon:0.1940 #Expl.:139/741 #Buy:272 #Sell:252 #Hold:217 #Stocks:95 PV:8,652 LC:719 Loss:1.036668 ET:9.7938
top of axes not in the figure, so title not moved
top of axes not in the figure, so title not moved
[XOM][Epoch 243/300] Epsilon:0.1906 #Expl.:161/741 #Buy:268 #Sell:248 #Hold:225 #Stocks:90 PV:8,165 LC:719 Loss:0.643791 ET:9.7866
top of axes not in the figure, so title not moved
top of axes not in the figure, so title not moved
[XOM][Epoch 244/300] Epsilon:0.1873 #Expl.:150/741 #Buy:234 #Sell:232 #Hold:275 #Stocks:5 PV:8,777 LC:719 Loss:0.132410 ET:9.8442
top of axes not in the figure, so title not moved
top of axes not in the figure, so title not moved
[XOM][Epoch 245/300] Epsilon:0.1839 #Expl.:130/741 #Buy:250 #Sell:250 #Hold:241 #Stocks:0 PV:9,418 LC:718 Loss:0.279802 ET:9.7998
top of axes not in the figure, so title not moved
top of axes not in the figure, so title not moved
[XOM][Epoch 246/300] Epsilon:0.1806 #Expl.:134/741 #Buy:247 #Sell:247 #Hold:247 #Stocks:0 PV:9,131 LC:718 Loss:0.284460 ET:9.7313
top of axes not in the figure, so title not moved
top of axes not in the figure, so title not moved
[XOM][Epoch 247/300] Epsilon:0.1773 #Expl.:135/741 #Buy:248 #Sell:248 #Hold:245 #Stocks:0 PV:8,611 LC:719 Loss:0.487253 ET:9.7929
top of axes not in the figure, so title not moved
top of axes not in the figure, so title not moved
[XOM][Epoch 248/300] Epsilon:0.1739 #Expl.:143/741 #Buy:261 #Sell:259 #Hold:221 #Stocks:0 PV:8,157 LC:713 Loss:1.231765 ET:9.7057
top of axes not in the figure, so title not moved
top of axes not in the figure, so title not moved
[XOM][Epoch 249/300] Epsilon:0.1706 #Expl.:112/741 #Buy:228 #Sell:226 #Hold:287 #Stocks:5 PV:8,881 LC:719 Loss:0.174654 ET:9.7950
top of axes not in the figure, so title not moved
top of axes not in the figure, so title not moved
[XOM][Epoch 250/300] Epsilon:0.1672 #Expl.:120/741 #Buy:263 #Sell:258 #Hold:220 #Stocks:10 PV:8,046 LC:719 Loss:0.928237 ET:9.8517
top of axes not in the figure, so title not moved
top of axes not in the figure, so title not moved
[XOM][Epoch 251/300] Epsilon:0.1639 #Expl.:126/741 #Buy:229 #Sell:226 #Hold:286 #Stocks:15 PV:8,830 LC:719 Loss:0.155155 ET:9.8431
top of axes not in the figure, so title not moved
top of axes not in the figure, so title not moved
[XOM][Epoch 252/300] Epsilon:0.1605 #Expl.:118/741 #Buy:272 #Sell:261 #Hold:208 #Stocks:55 PV:8,198 LC:713 Loss:0.298317 ET:9.7787
top of axes not in the figure, so title not moved
top of axes not in the figure, so title not moved
[XOM][Epoch 253/300] Epsilon:0.1572 #Expl.:117/741 #Buy:253 #Sell:253 #Hold:235 #Stocks:0 PV:8,447 LC:719 Loss:0.595149 ET:9.8252
top of axes not in the figure, so title not moved
top of axes not in the figure, so title not moved
[XOM][Epoch 254/300] Epsilon:0.1538 #Expl.:120/741 #Buy:254 #Sell:252 #Hold:235 #Stocks:0 PV:8,468 LC:717 Loss:0.714170 ET:9.7172
top of axes not in the figure, so title not moved
top of axes not in the figure, so title not moved
[XOM][Epoch 255/300] Epsilon:0.1505 #Expl.:115/741 #Buy:245 #Sell:242 #Hold:254 #Stocks:15 PV:9,021 LC:719 Loss:0.246666 ET:9.8364
top of axes not in the figure, so title not moved
top of axes not in the figure, so title not moved
[XOM][Epoch 256/300] Epsilon:0.1472 #Expl.:113/741 #Buy:251 #Sell:248 #Hold:242 #Stocks:15 PV:8,926 LC:719 Loss:0.323597 ET:9.7871
top of axes not in the figure, so title not moved
top of axes not in the figure, so title not moved
[XOM][Epoch 257/300] Epsilon:0.1438 #Expl.:120/741 #Buy:271 #Sell:246 #Hold:224 #Stocks:115 PV:8,008 LC:719 Loss:1.361930 ET:9.7944
top of axes not in the figure, so title not moved
top of axes not in the figure, so title not moved
[XOM][Epoch 258/300] Epsilon:0.1405 #Expl.:122/741 #Buy:248 #Sell:237 #Hold:256 #Stocks:55 PV:8,026 LC:719 Loss:0.822078 ET:9.8208
top of axes not in the figure, so title not moved
top of axes not in the figure, so title not moved
[XOM][Epoch 259/300] Epsilon:0.1371 #Expl.:101/741 #Buy:248 #Sell:245 #Hold:248 #Stocks:5 PV:8,167 LC:719 Loss:1.055352 ET:9.7707
top of axes not in the figure, so title not moved
top of axes not in the figure, so title not moved
[XOM][Epoch 260/300] Epsilon:0.1338 #Expl.:87/741 #Buy:255 #Sell:255 #Hold:231 #Stocks:0 PV:8,381 LC:719 Loss:0.510513 ET:9.7595
top of axes not in the figure, so title not moved
top of axes not in the figure, so title not moved
[XOM][Epoch 261/300] Epsilon:0.1304 #Expl.:101/741 #Buy:247 #Sell:246 #Hold:248 #Stocks:5 PV:8,291 LC:717 Loss:0.585490 ET:9.7619
top of axes not in the figure, so title not moved
top of axes not in the figure, so title not moved
[XOM][Epoch 262/300] Epsilon:0.1271 #Expl.:107/741 #Buy:276 #Sell:264 #Hold:201 #Stocks:45 PV:8,810 LC:719 Loss:0.844469 ET:10.0323
top of axes not in the figure, so title not moved
top of axes not in the figure, so title not moved
[XOM][Epoch 263/300] Epsilon:0.1237 #Expl.:101/741 #Buy:249 #Sell:246 #Hold:246 #Stocks:10 PV:8,014 LC:719 Loss:0.790450 ET:9.8458
top of axes not in the figure, so title not moved
top of axes not in the figure, so title not moved
[XOM][Epoch 264/300] Epsilon:0.1204 #Expl.:106/741 #Buy:240 #Sell:235 #Hold:266 #Stocks:25 PV:7,942 LC:719 Loss:0.988663 ET:9.7382
top of axes not in the figure, so title not moved
top of axes not in the figure, so title not moved
[XOM][Epoch 265/300] Epsilon:0.1171 #Expl.:104/741 #Buy:256 #Sell:252 #Hold:233 #Stocks:15 PV:8,301 LC:719 Loss:0.747523 ET:9.8079
top of axes not in the figure, so title not moved
top of axes not in the figure, so title not moved
[XOM][Epoch 266/300] Epsilon:0.1137 #Expl.:84/741 #Buy:252 #Sell:250 #Hold:239 #Stocks:5 PV:8,629 LC:718 Loss:0.505381 ET:9.7799
top of axes not in the figure, so title not moved
top of axes not in the figure, so title not moved
[XOM][Epoch 267/300] Epsilon:0.1104 #Expl.:82/741 #Buy:241 #Sell:239 #Hold:261 #Stocks:0 PV:8,281 LC:719 Loss:0.537157 ET:9.7576
top of axes not in the figure, so title not moved
top of axes not in the figure, so title not moved
[XOM][Epoch 268/300] Epsilon:0.1070 #Expl.:81/741 #Buy:241 #Sell:241 #Hold:259 #Stocks:0 PV:8,373 LC:719 Loss:0.717589 ET:9.7713
top of axes not in the figure, so title not moved
top of axes not in the figure, so title not moved
[XOM][Epoch 269/300] Epsilon:0.1037 #Expl.:68/741 #Buy:247 #Sell:246 #Hold:248 #Stocks:0 PV:8,094 LC:719 Loss:0.631850 ET:9.8251
top of axes not in the figure, so title not moved
top of axes not in the figure, so title not moved
[XOM][Epoch 270/300] Epsilon:0.1003 #Expl.:89/741 #Buy:248 #Sell:244 #Hold:249 #Stocks:15 PV:8,624 LC:719 Loss:0.582368 ET:9.8261
top of axes not in the figure, so title not moved
top of axes not in the figure, so title not moved
[XOM][Epoch 271/300] Epsilon:0.0970 #Expl.:73/741 #Buy:243 #Sell:241 #Hold:257 #Stocks:0 PV:8,729 LC:719 Loss:0.331700 ET:9.8848
top of axes not in the figure, so title not moved
top of axes not in the figure, so title not moved
[XOM][Epoch 272/300] Epsilon:0.0936 #Expl.:73/741 #Buy:243 #Sell:243 #Hold:255 #Stocks:0 PV:8,429 LC:719 Loss:0.473494 ET:9.7691
top of axes not in the figure, so title not moved
top of axes not in the figure, so title not moved
[XOM][Epoch 273/300] Epsilon:0.0903 #Expl.:78/741 #Buy:243 #Sell:240 #Hold:258 #Stocks:0 PV:8,421 LC:719 Loss:0.650442 ET:9.7856
top of axes not in the figure, so title not moved
top of axes not in the figure, so title not moved
[XOM][Epoch 274/300] Epsilon:0.0870 #Expl.:68/741 #Buy:234 #Sell:233 #Hold:274 #Stocks:0 PV:8,695 LC:719 Loss:0.294484 ET:9.7972
top of axes not in the figure, so title not moved
top of axes not in the figure, so title not moved
[XOM][Epoch 275/300] Epsilon:0.0836 #Expl.:70/741 #Buy:232 #Sell:231 #Hold:278 #Stocks:0 PV:8,570 LC:719 Loss:0.484003 ET:9.8954
top of axes not in the figure, so title not moved
top of axes not in the figure, so title not moved
[XOM][Epoch 276/300] Epsilon:0.0803 #Expl.:59/741 #Buy:237 #Sell:235 #Hold:269 #Stocks:5 PV:8,801 LC:719 Loss:0.331158 ET:9.7856
top of axes not in the figure, so title not moved
top of axes not in the figure, so title not moved
[XOM][Epoch 277/300] Epsilon:0.0769 #Expl.:55/741 #Buy:233 #Sell:229 #Hold:279 #Stocks:15 PV:7,986 LC:719 Loss:1.488155 ET:10.0060
top of axes not in the figure, so title not moved
top of axes not in the figure, so title not moved
[XOM][Epoch 278/300] Epsilon:0.0736 #Expl.:66/741 #Buy:262 #Sell:259 #Hold:220 #Stocks:0 PV:8,500 LC:719 Loss:0.576043 ET:9.8047
top of axes not in the figure, so title not moved
top of axes not in the figure, so title not moved
[XOM][Epoch 279/300] Epsilon:0.0702 #Expl.:61/741 #Buy:241 #Sell:232 #Hold:268 #Stocks:40 PV:8,493 LC:719 Loss:0.508957 ET:9.8437
