(private) matplotlib data path: /home/yjs1916211/.local/lib/python3.6/site-packages/matplotlib/mpl-data
matplotlib data path: /home/yjs1916211/.local/lib/python3.6/site-packages/matplotlib/mpl-data
CONFIGDIR=/home/yjs1916211/.config/matplotlib
matplotlib version 3.3.4
interactive is False
platform is linux
loaded modules: ['builtins', 'sys', '_frozen_importlib', '_imp', '_warnings', '_thread', '_weakref', '_frozen_importlib_external', '_io', 'marshal', 'posix', 'zipimport', 'encodings', 'codecs', '_codecs', 'encodings.aliases', 'encodings.utf_8', '_signal', '__main__', 'encodings.latin_1', 'io', 'abc', '_weakrefset', 'site', 'os', 'errno', 'stat', '_stat', 'posixpath', 'genericpath', 'os.path', '_collections_abc', '_sitebuiltins', 'sysconfig', '_sysconfigdata_m_linux_x86_64-linux-gnu', '_bootlocale', '_locale', 'types', 'functools', '_functools', 'collections', 'operator', '_operator', 'keyword', 'heapq', '_heapq', 'itertools', 'reprlib', '_collections', 'weakref', 'collections.abc', 'importlib', 'importlib._bootstrap', 'importlib._bootstrap_external', 'warnings', 'importlib.util', 'importlib.abc', 'importlib.machinery', 'contextlib', 'mpl_toolkits', 'google', 'zope', 'sitecustomize', 'apport_python_hook', 'logging', 'time', 'traceback', 'linecache', 'tokenize', 're', 'enum', 'sre_compile', '_sre', 'sre_parse', 'sre_constants', 'copyreg', 'token', 'string', '_string', 'threading', 'atexit', 'argparse', 'copy', 'textwrap', 'gettext', 'locale', 'struct', '_struct', 'json', 'json.decoder', 'json.scanner', '_json', 'json.encoder', 'settings', 'platform', 'subprocess', 'signal', '_posixsubprocess', 'select', 'selectors', 'math', 'utils', 'datetime', '_datetime', 'numpy', 'numpy._globals', 'numpy.__config__', 'numpy.version', 'numpy._distributor_init', 'numpy.core', 'numpy.core.multiarray', 'numpy.core.overrides', 'numpy.core._multiarray_umath', 'numpy.compat', 'numpy.compat._inspect', 'numpy.compat.py3k', 'pathlib', 'fnmatch', 'ntpath', 'urllib', 'urllib.parse', 'pickle', '_compat_pickle', '_pickle', 'numpy.core.umath', 'numpy.core.numerictypes', 'numbers', 'numpy.core._string_helpers', 'numpy.core._type_aliases', 'numpy.core._dtype', 'numpy.core.numeric', 'numpy.core.shape_base', 'numpy.core._asarray', 'numpy.core.fromnumeric', 'numpy.core._methods', 'numpy.core._exceptions', 'numpy.core._ufunc_config', 'numpy.core.arrayprint', 'numpy.core.defchararray', 'numpy.core.records', 'numpy.core.memmap', 'numpy.core.function_base', 'numpy.core.machar', 'numpy.core.getlimits', 'numpy.core.einsumfunc', 'numpy.core._add_newdocs', 'numpy.core._multiarray_tests', 'numpy.core._dtype_ctypes', 'numpy.core._internal', 'ast', '_ast', 'ctypes', '_ctypes', 'ctypes._endian', 'numpy._pytesttester', 'numpy.lib', 'numpy.lib.mixins', 'numpy.lib.scimath', 'numpy.lib.type_check', 'numpy.lib.ufunclike', 'numpy.lib.index_tricks', 'numpy.matrixlib', 'numpy.matrixlib.defmatrix', 'numpy.linalg', 'numpy.linalg.linalg', 'numpy.lib.twodim_base', 'numpy.linalg.lapack_lite', 'numpy.linalg._umath_linalg', 'numpy.lib.function_base', 'numpy.lib.histograms', 'numpy.lib.stride_tricks', 'numpy.lib.nanfunctions', 'numpy.lib.shape_base', 'numpy.lib.polynomial', 'numpy.lib.utils', 'numpy.lib.arraysetops', 'numpy.lib.npyio', 'numpy.lib.format', 'numpy.lib._datasource', 'shutil', 'zlib', 'bz2', '_compression', '_bz2', 'lzma', '_lzma', 'pwd', 'grp', 'numpy.lib._iotools', 'numpy.lib.financial', 'decimal', '_decimal', 'numpy.lib.arrayterator', 'numpy.lib.arraypad', 'numpy.lib._version', 'numpy.fft', 'numpy.fft._pocketfft', 'numpy.fft._pocketfft_internal', 'numpy.fft.helper', 'numpy.polynomial', 'numpy.polynomial.polynomial', 'numpy.polynomial.polyutils', 'numpy.polynomial._polybase', 'numpy.polynomial.chebyshev', 'numpy.polynomial.legendre', 'numpy.polynomial.hermite', 'numpy.polynomial.hermite_e', 'numpy.polynomial.laguerre', 'numpy.random', 'numpy.random._pickle', 'numpy.random.mtrand', 'cython_runtime', 'numpy.random.bit_generator', '_cython_0_29_21', 'numpy.random._common', 'secrets', 'base64', 'binascii', 'hmac', 'hashlib', '_hashlib', '_blake2', '_sha3', 'random', 'bisect', '_bisect', '_random', 'numpy.random._bounded_integers', 'numpy.random._mt19937', 'numpy.random._philox', 'numpy.random._pcg64', 'numpy.random._sfc64', 'numpy.random._generator', 'numpy.ctypeslib', 'numpy.ma', 'numpy.ma.core', 'numpy.ma.extras', 'numpy.testing', 'unittest', 'unittest.result', 'unittest.util', 'unittest.case', 'difflib', 'pprint', 'unittest.suite', 'unittest.loader', 'unittest.main', 'unittest.runner', 'unittest.signals', 'numpy.testing._private', 'numpy.testing._private.utils', 'gc', 'tempfile', 'numpy.testing._private.decorators', 'numpy.testing._private.nosetester', 'data_manager', 'pandas', 'pytz', 'pytz.exceptions', 'pytz.lazy', 'pytz.tzinfo', 'pytz.tzfile', 'dateutil', 'dateutil._version', 'pandas.compat', 'pandas._typing', 'typing', 'typing.io', 'typing.re', 'pandas.compat.numpy', 'distutils', 'distutils.version', 'pandas._libs', 'pandas._libs.interval', 'pandas._libs.hashtable', 'pandas._libs.missing', 'pandas._libs.tslibs', 'pandas._libs.tslibs.dtypes', 'pandas._libs.tslibs.conversion', 'pandas._libs.tslibs.base', 'pandas._libs.tslibs.nattype', 'pandas._libs.tslibs.np_datetime', 'pandas._libs.tslibs.timezones', 'dateutil.tz', 'dateutil.tz.tz', 'six', '__future__', 'six.moves', 'dateutil.tz._common', 'dateutil.tz._factories', 'pandas._libs.tslibs.tzconversion', 'pandas._libs.tslibs.ccalendar', 'pandas._libs.tslibs.parsing', 'pandas._libs.tslibs.offsets', 'pandas._libs.tslibs.timedeltas', 'pandas._libs.tslibs.timestamps', 'pandas._libs.tslibs.fields', 'pandas._config', 'pandas._config.config', 'pandas._config.dates', 'pandas._config.display', 'pandas._config.localization', 'pandas._libs.tslibs.strptime', 'calendar', 'dateutil.easter', 'dateutil.relativedelta', 'dateutil._common', 'pandas._libs.properties', 'dateutil.parser', 'dateutil.parser._parser', 'dateutil.parser.isoparser', 'pandas._libs.tslibs.period', 'pandas._libs.tslibs.vectorized', 'pandas._libs.ops_dispatch', 'pandas._libs.algos', 'pandas._libs.lib', 'pandas._libs.tslib', 'pandas.core', 'pandas.core.config_init', 'pandas.core.api', 'pandas.core.dtypes', 'pandas.core.dtypes.dtypes', 'pandas.core.dtypes.base', 'pandas.errors', 'pandas.core.dtypes.generic', 'pandas.core.dtypes.inference', 'pandas.core.dtypes.missing', 'pandas.core.dtypes.common', 'pandas.core.algorithms', 'pandas.util', 'pandas.util._decorators', 'inspect', 'dis', 'opcode', '_opcode', 'pandas.core.util', 'pandas.core.util.hashing', 'pandas._libs.hashing', 'pandas.core.dtypes.cast', 'pandas.util._validators', 'pandas.core.construction', 'pandas.core.common', 'pandas.core.indexers', 'pandas.core.arrays', 'pandas.core.arrays.base', 'pandas.compat.numpy.function', 'pandas.core.ops', 'pandas.core.ops.array_ops', 'pandas._libs.ops', 'pandas.core.ops.missing', 'pandas.core.ops.roperator', 'pandas.core.ops.dispatch', 'pandas.core.ops.invalid', 'pandas.core.ops.common', 'pandas.core.ops.docstrings', 'pandas.core.ops.mask_ops', 'pandas.core.ops.methods', 'pandas.core.missing', 'pandas.compat._optional', 'pandas.core.sorting', 'pandas.core.arrays.boolean', 'pandas.core.arrays.masked', 'pandas.core.nanops', 'pandas.core.array_algos', 'pandas.core.array_algos.masked_reductions', 'pandas.core.arrays.categorical', 'csv', '_csv', 'pandas.core.accessor', 'pandas.core.array_algos.transforms', 'pandas.core.arrays._mixins', 'pandas.core.base', 'pandas.io', 'pandas.io.formats', 'pandas.io.formats.console', 'pandas.core.arrays.datetimes', 'pandas.core.arrays.datetimelike', 'pandas.tseries', 'pandas.tseries.frequencies', 'pandas.core.arrays._ranges', 'pandas.tseries.offsets', 'pandas.core.arrays.integer', 'pandas.core.tools', 'pandas.core.tools.numeric', 'pandas.core.arrays.interval', 'pandas.core.indexes', 'pandas.core.indexes.base', 'pandas._libs.index', 'pandas._libs.join', 'pandas.core.dtypes.concat', 'pandas.core.arrays.sparse', 'pandas.core.arrays.sparse.accessor', 'pandas.core.arrays.sparse.array', 'pandas._libs.sparse', 'pandas.core.arrays.sparse.dtype', 'pandas.io.formats.printing', 'pandas.core.indexes.frozen', 'pandas.core.strings', 'pandas.core.arrays.numpy_', 'pandas.core.arrays.period', 'pandas.core.arrays.string_', 'pandas.core.arrays.timedeltas', 'pandas.core.groupby', 'pandas.core.groupby.generic', 'pandas.core.aggregation', 'pandas.core.indexes.api', 'pandas.core.indexes.category', 'pandas.core.indexes.extension', 'pandas.core.indexes.datetimes', 'pandas.core.indexes.datetimelike', 'pandas.core.indexes.numeric', 'pandas.core.tools.timedeltas', 'pandas.core.tools.times', 'pandas.core.indexes.interval', 'pandas.util._exceptions', 'pandas.core.indexes.multi', 'pandas.core.indexes.timedeltas', 'pandas.core.indexes.period', 'pandas.core.indexes.range', 'pandas.core.series', 'pandas._libs.reshape', 'pandas.core.generic', 'pandas.core.indexing', 'pandas._libs.indexing', 'pandas.core.internals', 'pandas.core.internals.blocks', 'pandas._libs.writers', 'pandas._libs.internals', 'pandas.core.internals.concat', 'pandas.core.internals.managers', 'pandas.core.internals.ops', 'pandas.core.shared_docs', 'pandas.io.formats.format', 'unicodedata', 'pandas.io.common', 'gzip', 'mmap', 'zipfile', 'pandas.core.indexes.accessors', 'pandas.core.tools.datetimes', 'pandas.arrays', 'pandas.plotting', 'pandas.plotting._core', 'pandas.plotting._misc', 'pandas.core.window', 'pandas.core.window.ewm', 'pandas._libs.window', 'pandas._libs.window.aggregations', 'pandas.core.window.common', 'pandas.core.groupby.base', 'pandas.core.window.rolling', 'pandas.core.util.numba_', 'pandas.core.window.indexers', 'pandas._libs.window.indexers', 'pandas.core.window.numba_', 'pandas.core.window.expanding', 'pandas.core.frame', 'pandas.core.internals.construction', 'pandas.core.reshape', 'pandas.core.reshape.melt', 'pandas.core.reshape.concat', 'pandas.core.reshape.util', 'pandas.io.formats.info', 'pandas.core.groupby.groupby', 'pandas._libs.groupby', 'pandas.core.groupby.ops', 'pandas._libs.reduction', 'pandas.core.groupby.grouper', 'pandas.core.groupby.categorical', 'pandas.tseries.api', 'pandas.core.computation', 'pandas.core.computation.api', 'pandas.core.computation.eval', 'pandas.core.computation.engines', 'pandas.core.computation.align', 'pandas.core.computation.common', 'pandas.core.computation.ops', 'pandas.core.computation.scope', 'pandas.compat.chainmap', 'pandas.core.computation.expr', 'pandas.core.computation.parsing', 'pandas.core.reshape.api', 'pandas.core.reshape.merge', 'pandas.core.reshape.pivot', 'pandas.core.reshape.reshape', 'pandas.core.reshape.tile', 'pandas.api', 'pandas.api.extensions', 'pandas.api.indexers', 'pandas.api.types', 'pandas.core.dtypes.api', 'pandas.util._print_versions', 'pandas.io.api', 'pandas.io.clipboards', 'pandas.io.excel', 'pandas.io.excel._base', 'pandas._libs.parsers', 'pandas.io.excel._util', 'pandas.io.parsers', 'pandas.io.date_converters', 'pandas.io.excel._odfreader', 'pandas.io.excel._openpyxl', 'pandas.io.excel._pyxlsb', 'pandas.io.excel._xlrd', 'pandas.io.excel._odswriter', 'pandas._libs.json', 'pandas.io.formats.excel', 'pandas.io.formats.css', 'pandas.io.excel._xlsxwriter', 'pandas.io.excel._xlwt', 'pandas.io.feather_format', 'pandas.io.gbq', 'pandas.io.html', 'pandas.io.json', 'pandas.io.json._json', 'pandas.io.json._normalize', 'pandas.io.json._table_schema', 'pandas.io.orc', 'pandas.io.parquet', 'pandas.io.pickle', 'pandas.compat.pickle_compat', 'pandas.io.pytables', 'pandas.core.computation.pytables', 'pandas.io.sas', 'pandas.io.sas.sasreader', 'pandas.io.spss', 'pandas.io.sql', 'pandas.io.stata', 'pandas.util._tester', 'pandas.testing', 'pandas._testing', 'pandas._libs.testing', 'pandas._version', 'agent', 'ddpg', 'environment', 'visualizer', 'matplotlib', 'matplotlib.cbook', 'shlex', 'matplotlib.cbook.deprecation', 'matplotlib.rcsetup', 'matplotlib.animation', 'uuid', 'ctypes.util', 'matplotlib._animation_data', 'matplotlib.fontconfig_pattern', 'pyparsing', 'matplotlib.colors', 'matplotlib.docstring', 'matplotlib._color_data', 'cycler', 'matplotlib._version', 'matplotlib.ft2font', 'kiwisolver']
CACHEDIR=/home/yjs1916211/.cache/matplotlib
Using fontManager instance from /home/yjs1916211/.cache/matplotlib/fontlist-v330.json
Loaded backend agg version unknown.
Loaded backend agg version unknown.
Loaded backend agg version unknown.
From /home/yjs1916211/.local/lib/python3.6/site-packages/keras/backend/tensorflow_backend.py:74: The name tf.get_default_graph is deprecated. Please use tf.compat.v1.get_default_graph instead.

From /home/yjs1916211/.local/lib/python3.6/site-packages/keras/backend/tensorflow_backend.py:517: The name tf.placeholder is deprecated. Please use tf.compat.v1.placeholder instead.

From /home/yjs1916211/.local/lib/python3.6/site-packages/keras/backend/tensorflow_backend.py:4138: The name tf.random_uniform is deprecated. Please use tf.random.uniform instead.

From /home/yjs1916211/.local/lib/python3.6/site-packages/keras/optimizers.py:790: The name tf.train.Optimizer is deprecated. Please use tf.compat.v1.train.Optimizer instead.

From /home/yjs1916211/.local/lib/python3.6/site-packages/keras/backend/tensorflow_backend.py:4115: The name tf.random_normal is deprecated. Please use tf.random.normal instead.

From /home/yjs1916211/.local/lib/python3.6/site-packages/keras/backend/tensorflow_backend.py:133: The name tf.placeholder_with_default is deprecated. Please use tf.compat.v1.placeholder_with_default instead.

From /home/yjs1916211/.local/lib/python3.6/site-packages/keras/backend/tensorflow_backend.py:3445: calling dropout (from tensorflow.python.ops.nn_ops) with keep_prob is deprecated and will be removed in a future version.
Instructions for updating:
Please use `rate` instead of `keep_prob`. Rate should be set to `rate = 1 - keep_prob`.
From /home/yjs1916211/Stock_Trader/StockTrader_ddpg/actor.py:110: The name tf.train.AdamOptimizer is deprecated. Please use tf.compat.v1.train.AdamOptimizer instead.

[HES] RL:ddpg Net:actorcritic LR:1e-05 DF:0.99 TU:[1,15] DRT:0.05
From /home/yjs1916211/.local/lib/python3.6/site-packages/keras/backend/tensorflow_backend.py:2741: The name tf.Session is deprecated. Please use tf.compat.v1.Session instead.

From /home/yjs1916211/.local/lib/python3.6/site-packages/keras/backend/tensorflow_backend.py:174: The name tf.get_default_session is deprecated. Please use tf.compat.v1.get_default_session instead.

From /home/yjs1916211/.local/lib/python3.6/site-packages/keras/backend/tensorflow_backend.py:181: The name tf.ConfigProto is deprecated. Please use tf.compat.v1.ConfigProto instead.

From /home/yjs1916211/.local/lib/python3.6/site-packages/keras/backend/tensorflow_backend.py:190: The name tf.global_variables is deprecated. Please use tf.compat.v1.global_variables instead.

From /home/yjs1916211/.local/lib/python3.6/site-packages/keras/backend/tensorflow_backend.py:199: The name tf.is_variable_initialized is deprecated. Please use tf.compat.v1.is_variable_initialized instead.

From /home/yjs1916211/.local/lib/python3.6/site-packages/keras/backend/tensorflow_backend.py:206: The name tf.variables_initializer is deprecated. Please use tf.compat.v1.variables_initializer instead.

From /home/yjs1916211/.local/lib/python3.6/site-packages/keras/backend/tensorflow_backend.py:986: The name tf.assign_add is deprecated. Please use tf.compat.v1.assign_add instead.

From /home/yjs1916211/.local/lib/python3.6/site-packages/keras/backend/tensorflow_backend.py:973: The name tf.assign is deprecated. Please use tf.compat.v1.assign instead.

[HES][Epoch 0001/1000] Epsilon:1.0000 #Expl.:751/751 #Buy:196 #Sell:100 #Hold:455 #Stocks:173 PV:11,528 LC:733 Loss:17.123252 ET:7.2707
findfont: Matching sans\-serif:style=normal:variant=normal:weight=normal:stretch=normal:size=10.0.
findfont: score(<Font 'STIXSizeFiveSym' (STIXSizFiveSymReg.ttf) normal normal 400 normal>) = 10.05
findfont: score(<Font 'STIXSizeTwoSym' (STIXSizTwoSymBol.ttf) normal normal 700 normal>) = 10.335
findfont: score(<Font 'STIXSizeTwoSym' (STIXSizTwoSymReg.ttf) normal normal 400 normal>) = 10.05
findfont: score(<Font 'STIXSizeThreeSym' (STIXSizThreeSymReg.ttf) normal normal 400 normal>) = 10.05
findfont: score(<Font 'DejaVu Sans Mono' (DejaVuSansMono-BoldOblique.ttf) oblique normal 700 normal>) = 11.335
findfont: score(<Font 'STIXSizeFourSym' (STIXSizFourSymBol.ttf) normal normal 700 normal>) = 10.335
findfont: score(<Font 'cmmi10' (cmmi10.ttf) normal normal 400 normal>) = 10.05
findfont: score(<Font 'STIXSizeOneSym' (STIXSizOneSymReg.ttf) normal normal 400 normal>) = 10.05
findfont: score(<Font 'STIXNonUnicode' (STIXNonUniBol.ttf) normal normal 700 normal>) = 10.335
findfont: score(<Font 'STIXNonUnicode' (STIXNonUniBolIta.ttf) italic normal 700 normal>) = 11.335
findfont: score(<Font 'DejaVu Sans Mono' (DejaVuSansMono-Oblique.ttf) oblique normal 400 normal>) = 11.05
findfont: score(<Font 'cmr10' (cmr10.ttf) normal normal 400 normal>) = 10.05
findfont: score(<Font 'STIXGeneral' (STIXGeneralBolIta.ttf) italic normal 700 normal>) = 11.335
findfont: score(<Font 'DejaVu Serif' (DejaVuSerif-Bold.ttf) normal normal 700 normal>) = 10.335
findfont: score(<Font 'DejaVu Serif' (DejaVuSerif.ttf) normal normal 400 normal>) = 10.05
findfont: score(<Font 'STIXSizeOneSym' (STIXSizOneSymBol.ttf) normal normal 700 normal>) = 10.335
findfont: score(<Font 'DejaVu Serif' (DejaVuSerif-Italic.ttf) italic normal 400 normal>) = 11.05
findfont: score(<Font 'STIXNonUnicode' (STIXNonUniIta.ttf) italic normal 400 normal>) = 11.05
findfont: score(<Font 'STIXSizeFourSym' (STIXSizFourSymReg.ttf) normal normal 400 normal>) = 10.05
findfont: score(<Font 'cmb10' (cmb10.ttf) normal normal 400 normal>) = 10.05
findfont: score(<Font 'DejaVu Sans Display' (DejaVuSansDisplay.ttf) normal normal 400 normal>) = 10.05
findfont: score(<Font 'cmss10' (cmss10.ttf) normal normal 400 normal>) = 10.05
findfont: score(<Font 'STIXGeneral' (STIXGeneral.ttf) normal normal 400 normal>) = 10.05
findfont: score(<Font 'DejaVu Sans' (DejaVuSans-Oblique.ttf) oblique normal 400 normal>) = 1.05
findfont: score(<Font 'DejaVu Sans' (DejaVuSans-Bold.ttf) normal normal 700 normal>) = 0.33499999999999996
findfont: score(<Font 'DejaVu Sans' (DejaVuSans-BoldOblique.ttf) oblique normal 700 normal>) = 1.335
findfont: score(<Font 'DejaVu Serif' (DejaVuSerif-BoldItalic.ttf) italic normal 700 normal>) = 11.335
findfont: score(<Font 'cmsy10' (cmsy10.ttf) normal normal 400 normal>) = 10.05
findfont: score(<Font 'STIXNonUnicode' (STIXNonUni.ttf) normal normal 400 normal>) = 10.05
findfont: score(<Font 'cmtt10' (cmtt10.ttf) normal normal 400 normal>) = 10.05
findfont: score(<Font 'DejaVu Sans Mono' (DejaVuSansMono-Bold.ttf) normal normal 700 normal>) = 10.335
findfont: score(<Font 'cmex10' (cmex10.ttf) normal normal 400 normal>) = 10.05
findfont: score(<Font 'STIXSizeThreeSym' (STIXSizThreeSymBol.ttf) normal normal 700 normal>) = 10.335
findfont: score(<Font 'STIXGeneral' (STIXGeneralBol.ttf) normal normal 700 normal>) = 10.335
findfont: score(<Font 'DejaVu Sans Mono' (DejaVuSansMono.ttf) normal normal 400 normal>) = 10.05
findfont: score(<Font 'STIXGeneral' (STIXGeneralItalic.ttf) italic normal 400 normal>) = 11.05
findfont: score(<Font 'DejaVu Sans' (DejaVuSans.ttf) normal normal 400 normal>) = 0.05
findfont: score(<Font 'DejaVu Serif Display' (DejaVuSerifDisplay.ttf) normal normal 400 normal>) = 10.05
findfont: Matching sans\-serif:style=normal:variant=normal:weight=normal:stretch=normal:size=10.0 to DejaVu Sans ('/home/yjs1916211/.local/lib/python3.6/site-packages/matplotlib/mpl-data/fonts/ttf/DejaVuSans.ttf') with score of 0.050000.
top of axes not in the figure, so title not moved
findfont: Matching sans\-serif:style=normal:variant=normal:weight=normal:stretch=normal:size=12.0.
findfont: score(<Font 'STIXSizeFiveSym' (STIXSizFiveSymReg.ttf) normal normal 400 normal>) = 10.05
findfont: score(<Font 'STIXSizeTwoSym' (STIXSizTwoSymBol.ttf) normal normal 700 normal>) = 10.335
findfont: score(<Font 'STIXSizeTwoSym' (STIXSizTwoSymReg.ttf) normal normal 400 normal>) = 10.05
findfont: score(<Font 'STIXSizeThreeSym' (STIXSizThreeSymReg.ttf) normal normal 400 normal>) = 10.05
findfont: score(<Font 'DejaVu Sans Mono' (DejaVuSansMono-BoldOblique.ttf) oblique normal 700 normal>) = 11.335
findfont: score(<Font 'STIXSizeFourSym' (STIXSizFourSymBol.ttf) normal normal 700 normal>) = 10.335
findfont: score(<Font 'cmmi10' (cmmi10.ttf) normal normal 400 normal>) = 10.05
findfont: score(<Font 'STIXSizeOneSym' (STIXSizOneSymReg.ttf) normal normal 400 normal>) = 10.05
findfont: score(<Font 'STIXNonUnicode' (STIXNonUniBol.ttf) normal normal 700 normal>) = 10.335
findfont: score(<Font 'STIXNonUnicode' (STIXNonUniBolIta.ttf) italic normal 700 normal>) = 11.335
findfont: score(<Font 'DejaVu Sans Mono' (DejaVuSansMono-Oblique.ttf) oblique normal 400 normal>) = 11.05
findfont: score(<Font 'cmr10' (cmr10.ttf) normal normal 400 normal>) = 10.05
findfont: score(<Font 'STIXGeneral' (STIXGeneralBolIta.ttf) italic normal 700 normal>) = 11.335
findfont: score(<Font 'DejaVu Serif' (DejaVuSerif-Bold.ttf) normal normal 700 normal>) = 10.335
findfont: score(<Font 'DejaVu Serif' (DejaVuSerif.ttf) normal normal 400 normal>) = 10.05
findfont: score(<Font 'STIXSizeOneSym' (STIXSizOneSymBol.ttf) normal normal 700 normal>) = 10.335
findfont: score(<Font 'DejaVu Serif' (DejaVuSerif-Italic.ttf) italic normal 400 normal>) = 11.05
findfont: score(<Font 'STIXNonUnicode' (STIXNonUniIta.ttf) italic normal 400 normal>) = 11.05
findfont: score(<Font 'STIXSizeFourSym' (STIXSizFourSymReg.ttf) normal normal 400 normal>) = 10.05
findfont: score(<Font 'cmb10' (cmb10.ttf) normal normal 400 normal>) = 10.05
findfont: score(<Font 'DejaVu Sans Display' (DejaVuSansDisplay.ttf) normal normal 400 normal>) = 10.05
findfont: score(<Font 'cmss10' (cmss10.ttf) normal normal 400 normal>) = 10.05
findfont: score(<Font 'STIXGeneral' (STIXGeneral.ttf) normal normal 400 normal>) = 10.05
findfont: score(<Font 'DejaVu Sans' (DejaVuSans-Oblique.ttf) oblique normal 400 normal>) = 1.05
findfont: score(<Font 'DejaVu Sans' (DejaVuSans-Bold.ttf) normal normal 700 normal>) = 0.33499999999999996
findfont: score(<Font 'DejaVu Sans' (DejaVuSans-BoldOblique.ttf) oblique normal 700 normal>) = 1.335
findfont: score(<Font 'DejaVu Serif' (DejaVuSerif-BoldItalic.ttf) italic normal 700 normal>) = 11.335
findfont: score(<Font 'cmsy10' (cmsy10.ttf) normal normal 400 normal>) = 10.05
findfont: score(<Font 'STIXNonUnicode' (STIXNonUni.ttf) normal normal 400 normal>) = 10.05
findfont: score(<Font 'cmtt10' (cmtt10.ttf) normal normal 400 normal>) = 10.05
findfont: score(<Font 'DejaVu Sans Mono' (DejaVuSansMono-Bold.ttf) normal normal 700 normal>) = 10.335
findfont: score(<Font 'cmex10' (cmex10.ttf) normal normal 400 normal>) = 10.05
findfont: score(<Font 'STIXSizeThreeSym' (STIXSizThreeSymBol.ttf) normal normal 700 normal>) = 10.335
findfont: score(<Font 'STIXGeneral' (STIXGeneralBol.ttf) normal normal 700 normal>) = 10.335
findfont: score(<Font 'DejaVu Sans Mono' (DejaVuSansMono.ttf) normal normal 400 normal>) = 10.05
findfont: score(<Font 'STIXGeneral' (STIXGeneralItalic.ttf) italic normal 400 normal>) = 11.05
findfont: score(<Font 'DejaVu Sans' (DejaVuSans.ttf) normal normal 400 normal>) = 0.05
findfont: score(<Font 'DejaVu Serif Display' (DejaVuSerifDisplay.ttf) normal normal 400 normal>) = 10.05
findfont: Matching sans\-serif:style=normal:variant=normal:weight=normal:stretch=normal:size=12.0 to DejaVu Sans ('/home/yjs1916211/.local/lib/python3.6/site-packages/matplotlib/mpl-data/fonts/ttf/DejaVuSans.ttf') with score of 0.050000.
top of axes not in the figure, so title not moved
[HES][Epoch 0002/1000] Epsilon:0.9990 #Expl.:750/751 #Buy:271 #Sell:156 #Hold:324 #Stocks:173 PV:11,518 LC:734 Loss:13.935932 ET:5.6768
top of axes not in the figure, so title not moved
top of axes not in the figure, so title not moved
[HES][Epoch 0003/1000] Epsilon:0.9980 #Expl.:751/751 #Buy:389 #Sell:287 #Hold:75 #Stocks:182 PV:13,367 LC:726 Loss:24.330004 ET:5.6665
top of axes not in the figure, so title not moved
top of axes not in the figure, so title not moved
[HES][Epoch 0004/1000] Epsilon:0.9970 #Expl.:747/751 #Buy:96 #Sell:38 #Hold:617 #Stocks:173 PV:11,516 LC:734 Loss:14.737420 ET:5.7361
top of axes not in the figure, so title not moved
top of axes not in the figure, so title not moved
[HES][Epoch 0005/1000] Epsilon:0.9960 #Expl.:750/751 #Buy:175 #Sell:91 #Hold:485 #Stocks:175 PV:11,799 LC:733 Loss:12.684441 ET:5.7389
top of axes not in the figure, so title not moved
top of axes not in the figure, so title not moved
[HES][Epoch 0006/1000] Epsilon:0.9950 #Expl.:744/751 #Buy:179 #Sell:93 #Hold:479 #Stocks:177 PV:11,808 LC:733 Loss:11.232781 ET:5.7272
top of axes not in the figure, so title not moved
top of axes not in the figure, so title not moved
[HES][Epoch 0007/1000] Epsilon:0.9940 #Expl.:748/751 #Buy:348 #Sell:236 #Hold:167 #Stocks:194 PV:12,899 LC:734 Loss:11.944953 ET:5.7242
top of axes not in the figure, so title not moved
top of axes not in the figure, so title not moved
[HES][Epoch 0008/1000] Epsilon:0.9930 #Expl.:744/751 #Buy:172 #Sell:85 #Hold:494 #Stocks:174 PV:11,588 LC:733 Loss:10.747653 ET:5.7349
top of axes not in the figure, so title not moved
top of axes not in the figure, so title not moved
[HES][Epoch 0009/1000] Epsilon:0.9920 #Expl.:746/751 #Buy:249 #Sell:146 #Hold:356 #Stocks:175 PV:11,666 LC:734 Loss:9.049130 ET:5.7033
top of axes not in the figure, so title not moved
top of axes not in the figure, so title not moved
[HES][Epoch 0010/1000] Epsilon:0.9910 #Expl.:744/751 #Buy:252 #Sell:139 #Hold:360 #Stocks:172 PV:12,018 LC:729 Loss:8.781531 ET:5.7246
top of axes not in the figure, so title not moved
top of axes not in the figure, so title not moved
[HES][Epoch 0011/1000] Epsilon:0.9900 #Expl.:738/751 #Buy:320 #Sell:217 #Hold:214 #Stocks:181 PV:12,054 LC:733 Loss:8.671266 ET:5.7264
top of axes not in the figure, so title not moved
top of axes not in the figure, so title not moved
[HES][Epoch 0012/1000] Epsilon:0.9890 #Expl.:743/751 #Buy:388 #Sell:329 #Hold:34 #Stocks:55 PV:10,921 LC:698 Loss:3.809239 ET:5.5135
top of axes not in the figure, so title not moved
top of axes not in the figure, so title not moved
[HES][Epoch 0013/1000] Epsilon:0.9880 #Expl.:745/751 #Buy:384 #Sell:290 #Hold:77 #Stocks:153 PV:11,391 LC:727 Loss:5.615176 ET:5.6980
top of axes not in the figure, so title not moved
top of axes not in the figure, so title not moved
[HES][Epoch 0014/1000] Epsilon:0.9870 #Expl.:741/751 #Buy:255 #Sell:155 #Hold:341 #Stocks:162 PV:11,721 LC:733 Loss:6.970035 ET:5.7134
top of axes not in the figure, so title not moved
top of axes not in the figure, so title not moved
[HES][Epoch 0015/1000] Epsilon:0.9860 #Expl.:739/751 #Buy:392 #Sell:342 #Hold:17 #Stocks:99 PV:9,742 LC:726 Loss:0.737273 ET:5.7112
top of axes not in the figure, so title not moved
top of axes not in the figure, so title not moved
[HES][Epoch 0016/1000] Epsilon:0.9850 #Expl.:736/751 #Buy:278 #Sell:168 #Hold:305 #Stocks:182 PV:12,141 LC:733 Loss:5.926316 ET:5.8418
top of axes not in the figure, so title not moved
top of axes not in the figure, so title not moved
[HES][Epoch 0017/1000] Epsilon:0.9840 #Expl.:744/751 #Buy:267 #Sell:152 #Hold:332 #Stocks:171 PV:11,924 LC:730 Loss:5.941231 ET:5.7249
top of axes not in the figure, so title not moved
top of axes not in the figure, so title not moved
[HES][Epoch 0018/1000] Epsilon:0.9830 #Expl.:741/751 #Buy:349 #Sell:231 #Hold:171 #Stocks:181 PV:12,093 LC:729 Loss:5.832377 ET:5.7297
top of axes not in the figure, so title not moved
top of axes not in the figure, so title not moved
[HES][Epoch 0019/1000] Epsilon:0.9820 #Expl.:738/751 #Buy:343 #Sell:237 #Hold:171 #Stocks:196 PV:13,076 LC:730 Loss:8.111704 ET:5.7603
top of axes not in the figure, so title not moved
top of axes not in the figure, so title not moved
[HES][Epoch 0020/1000] Epsilon:0.9810 #Expl.:732/751 #Buy:394 #Sell:309 #Hold:48 #Stocks:170 PV:11,327 LC:734 Loss:4.358799 ET:5.7996
top of axes not in the figure, so title not moved
top of axes not in the figure, so title not moved
[HES][Epoch 0021/1000] Epsilon:0.9800 #Expl.:739/751 #Buy:375 #Sell:335 #Hold:41 #Stocks:31 PV:10,107 LC:727 Loss:0.915225 ET:5.7689
top of axes not in the figure, so title not moved
top of axes not in the figure, so title not moved
[HES][Epoch 0022/1000] Epsilon:0.9790 #Expl.:735/751 #Buy:284 #Sell:166 #Hold:301 #Stocks:183 PV:12,178 LC:733 Loss:4.879039 ET:5.7773
top of axes not in the figure, so title not moved
top of axes not in the figure, so title not moved
[HES][Epoch 0023/1000] Epsilon:0.9780 #Expl.:735/751 #Buy:346 #Sell:318 #Hold:87 #Stocks:16 PV:9,153 LC:646 Loss:0.925897 ET:5.1950
top of axes not in the figure, so title not moved
top of axes not in the figure, so title not moved
[HES][Epoch 0024/1000] Epsilon:0.9770 #Expl.:736/751 #Buy:271 #Sell:163 #Hold:317 #Stocks:185 PV:12,312 LC:730 Loss:4.945775 ET:5.7193
top of axes not in the figure, so title not moved
top of axes not in the figure, so title not moved
[HES][Epoch 0025/1000] Epsilon:0.9760 #Expl.:739/751 #Buy:396 #Sell:334 #Hold:21 #Stocks:103 PV:8,985 LC:733 Loss:1.610094 ET:5.7630
top of axes not in the figure, so title not moved
top of axes not in the figure, so title not moved
[HES][Epoch 0026/1000] Epsilon:0.9750 #Expl.:732/751 #Buy:283 #Sell:176 #Hold:292 #Stocks:176 PV:12,816 LC:734 Loss:6.196436 ET:5.7937
top of axes not in the figure, so title not moved
top of axes not in the figure, so title not moved
[HES][Epoch 0027/1000] Epsilon:0.9740 #Expl.:733/751 #Buy:406 #Sell:335 #Hold:10 #Stocks:148 PV:14,316 LC:724 Loss:7.946872 ET:5.7247
top of axes not in the figure, so title not moved
top of axes not in the figure, so title not moved
[HES][Epoch 0028/1000] Epsilon:0.9730 #Expl.:733/751 #Buy:311 #Sell:197 #Hold:243 #Stocks:172 PV:11,439 LC:734 Loss:4.816001 ET:5.7816
top of axes not in the figure, so title not moved
top of axes not in the figure, so title not moved
[HES][Epoch 0029/1000] Epsilon:0.9720 #Expl.:735/751 #Buy:396 #Sell:310 #Hold:45 #Stocks:172 PV:11,524 LC:724 Loss:2.539250 ET:5.7037
top of axes not in the figure, so title not moved
top of axes not in the figure, so title not moved
[HES][Epoch 0030/1000] Epsilon:0.9710 #Expl.:724/751 #Buy:387 #Sell:297 #Hold:67 #Stocks:193 PV:13,907 LC:703 Loss:7.149666 ET:5.5945
top of axes not in the figure, so title not moved
top of axes not in the figure, so title not moved
