(private) matplotlib data path: /home/yjs1916211/.local/lib/python3.6/site-packages/matplotlib/mpl-data
matplotlib data path: /home/yjs1916211/.local/lib/python3.6/site-packages/matplotlib/mpl-data
CONFIGDIR=/home/yjs1916211/.config/matplotlib
matplotlib version 3.3.4
interactive is False
platform is linux
loaded modules: ['builtins', 'sys', '_frozen_importlib', '_imp', '_warnings', '_thread', '_weakref', '_frozen_importlib_external', '_io', 'marshal', 'posix', 'zipimport', 'encodings', 'codecs', '_codecs', 'encodings.aliases', 'encodings.utf_8', '_signal', '__main__', 'encodings.latin_1', 'io', 'abc', '_weakrefset', 'site', 'os', 'errno', 'stat', '_stat', 'posixpath', 'genericpath', 'os.path', '_collections_abc', '_sitebuiltins', 'sysconfig', '_sysconfigdata_m_linux_x86_64-linux-gnu', '_bootlocale', '_locale', 'types', 'functools', '_functools', 'collections', 'operator', '_operator', 'keyword', 'heapq', '_heapq', 'itertools', 'reprlib', '_collections', 'weakref', 'collections.abc', 'importlib', 'importlib._bootstrap', 'importlib._bootstrap_external', 'warnings', 'importlib.util', 'importlib.abc', 'importlib.machinery', 'contextlib', 'mpl_toolkits', 'google', 'zope', 'sitecustomize', 'apport_python_hook', 'logging', 'time', 'traceback', 'linecache', 'tokenize', 're', 'enum', 'sre_compile', '_sre', 'sre_parse', 'sre_constants', 'copyreg', 'token', 'string', '_string', 'threading', 'atexit', 'argparse', 'copy', 'textwrap', 'gettext', 'locale', 'struct', '_struct', 'json', 'json.decoder', 'json.scanner', '_json', 'json.encoder', 'settings', 'platform', 'subprocess', 'signal', '_posixsubprocess', 'select', 'selectors', 'math', 'utils', 'datetime', '_datetime', 'numpy', 'numpy._globals', 'numpy.__config__', 'numpy.version', 'numpy._distributor_init', 'numpy.core', 'numpy.core.multiarray', 'numpy.core.overrides', 'numpy.core._multiarray_umath', 'numpy.compat', 'numpy.compat._inspect', 'numpy.compat.py3k', 'pathlib', 'fnmatch', 'ntpath', 'urllib', 'urllib.parse', 'pickle', '_compat_pickle', '_pickle', 'numpy.core.umath', 'numpy.core.numerictypes', 'numbers', 'numpy.core._string_helpers', 'numpy.core._type_aliases', 'numpy.core._dtype', 'numpy.core.numeric', 'numpy.core.shape_base', 'numpy.core._asarray', 'numpy.core.fromnumeric', 'numpy.core._methods', 'numpy.core._exceptions', 'numpy.core._ufunc_config', 'numpy.core.arrayprint', 'numpy.core.defchararray', 'numpy.core.records', 'numpy.core.memmap', 'numpy.core.function_base', 'numpy.core.machar', 'numpy.core.getlimits', 'numpy.core.einsumfunc', 'numpy.core._add_newdocs', 'numpy.core._multiarray_tests', 'numpy.core._dtype_ctypes', 'numpy.core._internal', 'ast', '_ast', 'ctypes', '_ctypes', 'ctypes._endian', 'numpy._pytesttester', 'numpy.lib', 'numpy.lib.mixins', 'numpy.lib.scimath', 'numpy.lib.type_check', 'numpy.lib.ufunclike', 'numpy.lib.index_tricks', 'numpy.matrixlib', 'numpy.matrixlib.defmatrix', 'numpy.linalg', 'numpy.linalg.linalg', 'numpy.lib.twodim_base', 'numpy.linalg.lapack_lite', 'numpy.linalg._umath_linalg', 'numpy.lib.function_base', 'numpy.lib.histograms', 'numpy.lib.stride_tricks', 'numpy.lib.nanfunctions', 'numpy.lib.shape_base', 'numpy.lib.polynomial', 'numpy.lib.utils', 'numpy.lib.arraysetops', 'numpy.lib.npyio', 'numpy.lib.format', 'numpy.lib._datasource', 'shutil', 'zlib', 'bz2', '_compression', '_bz2', 'lzma', '_lzma', 'pwd', 'grp', 'numpy.lib._iotools', 'numpy.lib.financial', 'decimal', '_decimal', 'numpy.lib.arrayterator', 'numpy.lib.arraypad', 'numpy.lib._version', 'numpy.fft', 'numpy.fft._pocketfft', 'numpy.fft._pocketfft_internal', 'numpy.fft.helper', 'numpy.polynomial', 'numpy.polynomial.polynomial', 'numpy.polynomial.polyutils', 'numpy.polynomial._polybase', 'numpy.polynomial.chebyshev', 'numpy.polynomial.legendre', 'numpy.polynomial.hermite', 'numpy.polynomial.hermite_e', 'numpy.polynomial.laguerre', 'numpy.random', 'numpy.random._pickle', 'numpy.random.mtrand', 'cython_runtime', 'numpy.random.bit_generator', '_cython_0_29_21', 'numpy.random._common', 'secrets', 'base64', 'binascii', 'hmac', 'hashlib', '_hashlib', '_blake2', '_sha3', 'random', 'bisect', '_bisect', '_random', 'numpy.random._bounded_integers', 'numpy.random._mt19937', 'numpy.random._philox', 'numpy.random._pcg64', 'numpy.random._sfc64', 'numpy.random._generator', 'numpy.ctypeslib', 'numpy.ma', 'numpy.ma.core', 'numpy.ma.extras', 'numpy.testing', 'unittest', 'unittest.result', 'unittest.util', 'unittest.case', 'difflib', 'pprint', 'unittest.suite', 'unittest.loader', 'unittest.main', 'unittest.runner', 'unittest.signals', 'numpy.testing._private', 'numpy.testing._private.utils', 'gc', 'tempfile', 'numpy.testing._private.decorators', 'numpy.testing._private.nosetester', 'data_manager', 'pandas', 'pytz', 'pytz.exceptions', 'pytz.lazy', 'pytz.tzinfo', 'pytz.tzfile', 'dateutil', 'dateutil._version', 'pandas.compat', 'pandas._typing', 'typing', 'typing.io', 'typing.re', 'pandas.compat.numpy', 'distutils', 'distutils.version', 'pandas._libs', 'pandas._libs.interval', 'pandas._libs.hashtable', 'pandas._libs.missing', 'pandas._libs.tslibs', 'pandas._libs.tslibs.dtypes', 'pandas._libs.tslibs.conversion', 'pandas._libs.tslibs.base', 'pandas._libs.tslibs.nattype', 'pandas._libs.tslibs.np_datetime', 'pandas._libs.tslibs.timezones', 'dateutil.tz', 'dateutil.tz.tz', 'six', '__future__', 'six.moves', 'dateutil.tz._common', 'dateutil.tz._factories', 'pandas._libs.tslibs.tzconversion', 'pandas._libs.tslibs.ccalendar', 'pandas._libs.tslibs.parsing', 'pandas._libs.tslibs.offsets', 'pandas._libs.tslibs.timedeltas', 'pandas._libs.tslibs.timestamps', 'pandas._libs.tslibs.fields', 'pandas._config', 'pandas._config.config', 'pandas._config.dates', 'pandas._config.display', 'pandas._config.localization', 'pandas._libs.tslibs.strptime', 'calendar', 'dateutil.easter', 'dateutil.relativedelta', 'dateutil._common', 'pandas._libs.properties', 'dateutil.parser', 'dateutil.parser._parser', 'dateutil.parser.isoparser', 'pandas._libs.tslibs.period', 'pandas._libs.tslibs.vectorized', 'pandas._libs.ops_dispatch', 'pandas._libs.algos', 'pandas._libs.lib', 'pandas._libs.tslib', 'pandas.core', 'pandas.core.config_init', 'pandas.core.api', 'pandas.core.dtypes', 'pandas.core.dtypes.dtypes', 'pandas.core.dtypes.base', 'pandas.errors', 'pandas.core.dtypes.generic', 'pandas.core.dtypes.inference', 'pandas.core.dtypes.missing', 'pandas.core.dtypes.common', 'pandas.core.algorithms', 'pandas.util', 'pandas.util._decorators', 'inspect', 'dis', 'opcode', '_opcode', 'pandas.core.util', 'pandas.core.util.hashing', 'pandas._libs.hashing', 'pandas.core.dtypes.cast', 'pandas.util._validators', 'pandas.core.construction', 'pandas.core.common', 'pandas.core.indexers', 'pandas.core.arrays', 'pandas.core.arrays.base', 'pandas.compat.numpy.function', 'pandas.core.ops', 'pandas.core.ops.array_ops', 'pandas._libs.ops', 'pandas.core.ops.missing', 'pandas.core.ops.roperator', 'pandas.core.ops.dispatch', 'pandas.core.ops.invalid', 'pandas.core.ops.common', 'pandas.core.ops.docstrings', 'pandas.core.ops.mask_ops', 'pandas.core.ops.methods', 'pandas.core.missing', 'pandas.compat._optional', 'pandas.core.sorting', 'pandas.core.arrays.boolean', 'pandas.core.arrays.masked', 'pandas.core.nanops', 'pandas.core.array_algos', 'pandas.core.array_algos.masked_reductions', 'pandas.core.arrays.categorical', 'csv', '_csv', 'pandas.core.accessor', 'pandas.core.array_algos.transforms', 'pandas.core.arrays._mixins', 'pandas.core.base', 'pandas.io', 'pandas.io.formats', 'pandas.io.formats.console', 'pandas.core.arrays.datetimes', 'pandas.core.arrays.datetimelike', 'pandas.tseries', 'pandas.tseries.frequencies', 'pandas.core.arrays._ranges', 'pandas.tseries.offsets', 'pandas.core.arrays.integer', 'pandas.core.tools', 'pandas.core.tools.numeric', 'pandas.core.arrays.interval', 'pandas.core.indexes', 'pandas.core.indexes.base', 'pandas._libs.index', 'pandas._libs.join', 'pandas.core.dtypes.concat', 'pandas.core.arrays.sparse', 'pandas.core.arrays.sparse.accessor', 'pandas.core.arrays.sparse.array', 'pandas._libs.sparse', 'pandas.core.arrays.sparse.dtype', 'pandas.io.formats.printing', 'pandas.core.indexes.frozen', 'pandas.core.strings', 'pandas.core.arrays.numpy_', 'pandas.core.arrays.period', 'pandas.core.arrays.string_', 'pandas.core.arrays.timedeltas', 'pandas.core.groupby', 'pandas.core.groupby.generic', 'pandas.core.aggregation', 'pandas.core.indexes.api', 'pandas.core.indexes.category', 'pandas.core.indexes.extension', 'pandas.core.indexes.datetimes', 'pandas.core.indexes.datetimelike', 'pandas.core.indexes.numeric', 'pandas.core.tools.timedeltas', 'pandas.core.tools.times', 'pandas.core.indexes.interval', 'pandas.util._exceptions', 'pandas.core.indexes.multi', 'pandas.core.indexes.timedeltas', 'pandas.core.indexes.period', 'pandas.core.indexes.range', 'pandas.core.series', 'pandas._libs.reshape', 'pandas.core.generic', 'pandas.core.indexing', 'pandas._libs.indexing', 'pandas.core.internals', 'pandas.core.internals.blocks', 'pandas._libs.writers', 'pandas._libs.internals', 'pandas.core.internals.concat', 'pandas.core.internals.managers', 'pandas.core.internals.ops', 'pandas.core.shared_docs', 'pandas.io.formats.format', 'unicodedata', 'pandas.io.common', 'gzip', 'mmap', 'zipfile', 'pandas.core.indexes.accessors', 'pandas.core.tools.datetimes', 'pandas.arrays', 'pandas.plotting', 'pandas.plotting._core', 'pandas.plotting._misc', 'pandas.core.window', 'pandas.core.window.ewm', 'pandas._libs.window', 'pandas._libs.window.aggregations', 'pandas.core.window.common', 'pandas.core.groupby.base', 'pandas.core.window.rolling', 'pandas.core.util.numba_', 'pandas.core.window.indexers', 'pandas._libs.window.indexers', 'pandas.core.window.numba_', 'pandas.core.window.expanding', 'pandas.core.frame', 'pandas.core.internals.construction', 'pandas.core.reshape', 'pandas.core.reshape.melt', 'pandas.core.reshape.concat', 'pandas.core.reshape.util', 'pandas.io.formats.info', 'pandas.core.groupby.groupby', 'pandas._libs.groupby', 'pandas.core.groupby.ops', 'pandas._libs.reduction', 'pandas.core.groupby.grouper', 'pandas.core.groupby.categorical', 'pandas.tseries.api', 'pandas.core.computation', 'pandas.core.computation.api', 'pandas.core.computation.eval', 'pandas.core.computation.engines', 'pandas.core.computation.align', 'pandas.core.computation.common', 'pandas.core.computation.ops', 'pandas.core.computation.scope', 'pandas.compat.chainmap', 'pandas.core.computation.expr', 'pandas.core.computation.parsing', 'pandas.core.reshape.api', 'pandas.core.reshape.merge', 'pandas.core.reshape.pivot', 'pandas.core.reshape.reshape', 'pandas.core.reshape.tile', 'pandas.api', 'pandas.api.extensions', 'pandas.api.indexers', 'pandas.api.types', 'pandas.core.dtypes.api', 'pandas.util._print_versions', 'pandas.io.api', 'pandas.io.clipboards', 'pandas.io.excel', 'pandas.io.excel._base', 'pandas._libs.parsers', 'pandas.io.excel._util', 'pandas.io.parsers', 'pandas.io.date_converters', 'pandas.io.excel._odfreader', 'pandas.io.excel._openpyxl', 'pandas.io.excel._pyxlsb', 'pandas.io.excel._xlrd', 'pandas.io.excel._odswriter', 'pandas._libs.json', 'pandas.io.formats.excel', 'pandas.io.formats.css', 'pandas.io.excel._xlsxwriter', 'pandas.io.excel._xlwt', 'pandas.io.feather_format', 'pandas.io.gbq', 'pandas.io.html', 'pandas.io.json', 'pandas.io.json._json', 'pandas.io.json._normalize', 'pandas.io.json._table_schema', 'pandas.io.orc', 'pandas.io.parquet', 'pandas.io.pickle', 'pandas.compat.pickle_compat', 'pandas.io.pytables', 'pandas.core.computation.pytables', 'pandas.io.sas', 'pandas.io.sas.sasreader', 'pandas.io.spss', 'pandas.io.sql', 'pandas.io.stata', 'pandas.util._tester', 'pandas.testing', 'pandas._testing', 'pandas._libs.testing', 'pandas._version', 'agent', 'learners', 'environment', 'visualizer', 'matplotlib', 'matplotlib.cbook', 'shlex', 'matplotlib.cbook.deprecation', 'matplotlib.rcsetup', 'matplotlib.animation', 'uuid', 'ctypes.util', 'matplotlib._animation_data', 'matplotlib.fontconfig_pattern', 'pyparsing', 'matplotlib.colors', 'matplotlib.docstring', 'matplotlib._color_data', 'cycler', 'matplotlib._version', 'matplotlib.ft2font', 'kiwisolver']
CACHEDIR=/home/yjs1916211/.cache/matplotlib
Using fontManager instance from /home/yjs1916211/.cache/matplotlib/fontlist-v330.json
Loaded backend agg version unknown.
Loaded backend agg version unknown.
Loaded backend agg version unknown.
From /home/yjs1916211/.local/lib/python3.6/site-packages/keras/backend/tensorflow_backend.py:68: The name tf.get_default_graph is deprecated. Please use tf.compat.v1.get_default_graph instead.

From /home/yjs1916211/.local/lib/python3.6/site-packages/keras/backend/tensorflow_backend.py:508: The name tf.placeholder is deprecated. Please use tf.compat.v1.placeholder instead.

From /home/yjs1916211/.local/lib/python3.6/site-packages/keras/backend/tensorflow_backend.py:3837: The name tf.random_uniform is deprecated. Please use tf.random.uniform instead.

From /home/yjs1916211/.local/lib/python3.6/site-packages/keras/optimizers.py:757: The name tf.train.Optimizer is deprecated. Please use tf.compat.v1.train.Optimizer instead.

From /home/yjs1916211/.local/lib/python3.6/site-packages/keras/backend/tensorflow_backend.py:3814: The name tf.random_normal is deprecated. Please use tf.random.normal instead.

From /home/yjs1916211/.local/lib/python3.6/site-packages/keras/backend/tensorflow_backend.py:127: The name tf.placeholder_with_default is deprecated. Please use tf.compat.v1.placeholder_with_default instead.

From /home/yjs1916211/.local/lib/python3.6/site-packages/keras/backend/tensorflow_backend.py:3144: calling dropout (from tensorflow.python.ops.nn_ops) with keep_prob is deprecated and will be removed in a future version.
Instructions for updating:
Please use `rate` instead of `keep_prob`. Rate should be set to `rate = 1 - keep_prob`.
From /home/yjs1916211/.local/lib/python3.6/site-packages/tensorflow_core/python/ops/math_grad.py:1424: where (from tensorflow.python.ops.array_ops) is deprecated and will be removed in a future version.
Instructions for updating:
Use tf.where in 2.0, which has the same broadcast rule as np.where
From /home/yjs1916211/Stock_Trader/StockTrader_ddpg/actor.py:183: The name tf.train.AdamOptimizer is deprecated. Please use tf.compat.v1.train.AdamOptimizer instead.

[XOM] RL:ddpg Net:actorcritic LR:0.01 DF:0.99 TU:[1,10] DRT:0.05
From /home/yjs1916211/.local/lib/python3.6/site-packages/keras/backend/tensorflow_backend.py:2503: The name tf.Session is deprecated. Please use tf.compat.v1.Session instead.

From /home/yjs1916211/.local/lib/python3.6/site-packages/keras/backend/tensorflow_backend.py:168: The name tf.get_default_session is deprecated. Please use tf.compat.v1.get_default_session instead.

From /home/yjs1916211/.local/lib/python3.6/site-packages/keras/backend/tensorflow_backend.py:175: The name tf.ConfigProto is deprecated. Please use tf.compat.v1.ConfigProto instead.

From /home/yjs1916211/.local/lib/python3.6/site-packages/keras/backend/tensorflow_backend.py:184: The name tf.global_variables is deprecated. Please use tf.compat.v1.global_variables instead.

From /home/yjs1916211/.local/lib/python3.6/site-packages/keras/backend/tensorflow_backend.py:193: The name tf.is_variable_initialized is deprecated. Please use tf.compat.v1.is_variable_initialized instead.

From /home/yjs1916211/.local/lib/python3.6/site-packages/keras/backend/tensorflow_backend.py:200: The name tf.variables_initializer is deprecated. Please use tf.compat.v1.variables_initializer instead.

From /home/yjs1916211/.local/lib/python3.6/site-packages/keras/backend/tensorflow_backend.py:977: The name tf.assign_add is deprecated. Please use tf.compat.v1.assign_add instead.

From /home/yjs1916211/.local/lib/python3.6/site-packages/keras/backend/tensorflow_backend.py:964: The name tf.assign is deprecated. Please use tf.compat.v1.assign instead.

[XOM][Epoch 001/300] Epsilon:1.0000 #Expl.:741/741 #Buy:304 #Sell:276 #Hold:161 #Stocks:120 PV:8,391 LC:666 Loss:0.800870 ET:14.2578
findfont: Matching sans\-serif:style=normal:variant=normal:weight=normal:stretch=normal:size=10.0.
findfont: score(<Font 'STIXSizeFiveSym' (STIXSizFiveSymReg.ttf) normal normal 400 normal>) = 10.05
findfont: score(<Font 'STIXSizeTwoSym' (STIXSizTwoSymBol.ttf) normal normal 700 normal>) = 10.335
findfont: score(<Font 'STIXSizeTwoSym' (STIXSizTwoSymReg.ttf) normal normal 400 normal>) = 10.05
findfont: score(<Font 'STIXSizeThreeSym' (STIXSizThreeSymReg.ttf) normal normal 400 normal>) = 10.05
findfont: score(<Font 'DejaVu Sans Mono' (DejaVuSansMono-BoldOblique.ttf) oblique normal 700 normal>) = 11.335
findfont: score(<Font 'STIXSizeFourSym' (STIXSizFourSymBol.ttf) normal normal 700 normal>) = 10.335
findfont: score(<Font 'cmmi10' (cmmi10.ttf) normal normal 400 normal>) = 10.05
findfont: score(<Font 'STIXSizeOneSym' (STIXSizOneSymReg.ttf) normal normal 400 normal>) = 10.05
findfont: score(<Font 'STIXNonUnicode' (STIXNonUniBol.ttf) normal normal 700 normal>) = 10.335
findfont: score(<Font 'STIXNonUnicode' (STIXNonUniBolIta.ttf) italic normal 700 normal>) = 11.335
findfont: score(<Font 'DejaVu Sans Mono' (DejaVuSansMono-Oblique.ttf) oblique normal 400 normal>) = 11.05
findfont: score(<Font 'cmr10' (cmr10.ttf) normal normal 400 normal>) = 10.05
findfont: score(<Font 'STIXGeneral' (STIXGeneralBolIta.ttf) italic normal 700 normal>) = 11.335
findfont: score(<Font 'DejaVu Serif' (DejaVuSerif-Bold.ttf) normal normal 700 normal>) = 10.335
findfont: score(<Font 'DejaVu Serif' (DejaVuSerif.ttf) normal normal 400 normal>) = 10.05
findfont: score(<Font 'STIXSizeOneSym' (STIXSizOneSymBol.ttf) normal normal 700 normal>) = 10.335
findfont: score(<Font 'DejaVu Serif' (DejaVuSerif-Italic.ttf) italic normal 400 normal>) = 11.05
findfont: score(<Font 'STIXNonUnicode' (STIXNonUniIta.ttf) italic normal 400 normal>) = 11.05
findfont: score(<Font 'STIXSizeFourSym' (STIXSizFourSymReg.ttf) normal normal 400 normal>) = 10.05
findfont: score(<Font 'cmb10' (cmb10.ttf) normal normal 400 normal>) = 10.05
findfont: score(<Font 'DejaVu Sans Display' (DejaVuSansDisplay.ttf) normal normal 400 normal>) = 10.05
findfont: score(<Font 'cmss10' (cmss10.ttf) normal normal 400 normal>) = 10.05
findfont: score(<Font 'STIXGeneral' (STIXGeneral.ttf) normal normal 400 normal>) = 10.05
findfont: score(<Font 'DejaVu Sans' (DejaVuSans-Oblique.ttf) oblique normal 400 normal>) = 1.05
findfont: score(<Font 'DejaVu Sans' (DejaVuSans-Bold.ttf) normal normal 700 normal>) = 0.33499999999999996
findfont: score(<Font 'DejaVu Sans' (DejaVuSans-BoldOblique.ttf) oblique normal 700 normal>) = 1.335
findfont: score(<Font 'DejaVu Serif' (DejaVuSerif-BoldItalic.ttf) italic normal 700 normal>) = 11.335
findfont: score(<Font 'cmsy10' (cmsy10.ttf) normal normal 400 normal>) = 10.05
findfont: score(<Font 'STIXNonUnicode' (STIXNonUni.ttf) normal normal 400 normal>) = 10.05
findfont: score(<Font 'cmtt10' (cmtt10.ttf) normal normal 400 normal>) = 10.05
findfont: score(<Font 'DejaVu Sans Mono' (DejaVuSansMono-Bold.ttf) normal normal 700 normal>) = 10.335
findfont: score(<Font 'cmex10' (cmex10.ttf) normal normal 400 normal>) = 10.05
findfont: score(<Font 'STIXSizeThreeSym' (STIXSizThreeSymBol.ttf) normal normal 700 normal>) = 10.335
findfont: score(<Font 'STIXGeneral' (STIXGeneralBol.ttf) normal normal 700 normal>) = 10.335
findfont: score(<Font 'DejaVu Sans Mono' (DejaVuSansMono.ttf) normal normal 400 normal>) = 10.05
findfont: score(<Font 'STIXGeneral' (STIXGeneralItalic.ttf) italic normal 400 normal>) = 11.05
findfont: score(<Font 'DejaVu Sans' (DejaVuSans.ttf) normal normal 400 normal>) = 0.05
findfont: score(<Font 'DejaVu Serif Display' (DejaVuSerifDisplay.ttf) normal normal 400 normal>) = 10.05
findfont: Matching sans\-serif:style=normal:variant=normal:weight=normal:stretch=normal:size=10.0 to DejaVu Sans ('/home/yjs1916211/.local/lib/python3.6/site-packages/matplotlib/mpl-data/fonts/ttf/DejaVuSans.ttf') with score of 0.050000.
top of axes not in the figure, so title not moved
findfont: Matching sans\-serif:style=normal:variant=normal:weight=normal:stretch=normal:size=12.0.
findfont: score(<Font 'STIXSizeFiveSym' (STIXSizFiveSymReg.ttf) normal normal 400 normal>) = 10.05
findfont: score(<Font 'STIXSizeTwoSym' (STIXSizTwoSymBol.ttf) normal normal 700 normal>) = 10.335
findfont: score(<Font 'STIXSizeTwoSym' (STIXSizTwoSymReg.ttf) normal normal 400 normal>) = 10.05
findfont: score(<Font 'STIXSizeThreeSym' (STIXSizThreeSymReg.ttf) normal normal 400 normal>) = 10.05
findfont: score(<Font 'DejaVu Sans Mono' (DejaVuSansMono-BoldOblique.ttf) oblique normal 700 normal>) = 11.335
findfont: score(<Font 'STIXSizeFourSym' (STIXSizFourSymBol.ttf) normal normal 700 normal>) = 10.335
findfont: score(<Font 'cmmi10' (cmmi10.ttf) normal normal 400 normal>) = 10.05
findfont: score(<Font 'STIXSizeOneSym' (STIXSizOneSymReg.ttf) normal normal 400 normal>) = 10.05
findfont: score(<Font 'STIXNonUnicode' (STIXNonUniBol.ttf) normal normal 700 normal>) = 10.335
findfont: score(<Font 'STIXNonUnicode' (STIXNonUniBolIta.ttf) italic normal 700 normal>) = 11.335
findfont: score(<Font 'DejaVu Sans Mono' (DejaVuSansMono-Oblique.ttf) oblique normal 400 normal>) = 11.05
findfont: score(<Font 'cmr10' (cmr10.ttf) normal normal 400 normal>) = 10.05
findfont: score(<Font 'STIXGeneral' (STIXGeneralBolIta.ttf) italic normal 700 normal>) = 11.335
findfont: score(<Font 'DejaVu Serif' (DejaVuSerif-Bold.ttf) normal normal 700 normal>) = 10.335
findfont: score(<Font 'DejaVu Serif' (DejaVuSerif.ttf) normal normal 400 normal>) = 10.05
findfont: score(<Font 'STIXSizeOneSym' (STIXSizOneSymBol.ttf) normal normal 700 normal>) = 10.335
findfont: score(<Font 'DejaVu Serif' (DejaVuSerif-Italic.ttf) italic normal 400 normal>) = 11.05
findfont: score(<Font 'STIXNonUnicode' (STIXNonUniIta.ttf) italic normal 400 normal>) = 11.05
findfont: score(<Font 'STIXSizeFourSym' (STIXSizFourSymReg.ttf) normal normal 400 normal>) = 10.05
findfont: score(<Font 'cmb10' (cmb10.ttf) normal normal 400 normal>) = 10.05
findfont: score(<Font 'DejaVu Sans Display' (DejaVuSansDisplay.ttf) normal normal 400 normal>) = 10.05
findfont: score(<Font 'cmss10' (cmss10.ttf) normal normal 400 normal>) = 10.05
findfont: score(<Font 'STIXGeneral' (STIXGeneral.ttf) normal normal 400 normal>) = 10.05
findfont: score(<Font 'DejaVu Sans' (DejaVuSans-Oblique.ttf) oblique normal 400 normal>) = 1.05
findfont: score(<Font 'DejaVu Sans' (DejaVuSans-Bold.ttf) normal normal 700 normal>) = 0.33499999999999996
findfont: score(<Font 'DejaVu Sans' (DejaVuSans-BoldOblique.ttf) oblique normal 700 normal>) = 1.335
findfont: score(<Font 'DejaVu Serif' (DejaVuSerif-BoldItalic.ttf) italic normal 700 normal>) = 11.335
findfont: score(<Font 'cmsy10' (cmsy10.ttf) normal normal 400 normal>) = 10.05
findfont: score(<Font 'STIXNonUnicode' (STIXNonUni.ttf) normal normal 400 normal>) = 10.05
findfont: score(<Font 'cmtt10' (cmtt10.ttf) normal normal 400 normal>) = 10.05
findfont: score(<Font 'DejaVu Sans Mono' (DejaVuSansMono-Bold.ttf) normal normal 700 normal>) = 10.335
findfont: score(<Font 'cmex10' (cmex10.ttf) normal normal 400 normal>) = 10.05
findfont: score(<Font 'STIXSizeThreeSym' (STIXSizThreeSymBol.ttf) normal normal 700 normal>) = 10.335
findfont: score(<Font 'STIXGeneral' (STIXGeneralBol.ttf) normal normal 700 normal>) = 10.335
findfont: score(<Font 'DejaVu Sans Mono' (DejaVuSansMono.ttf) normal normal 400 normal>) = 10.05
findfont: score(<Font 'STIXGeneral' (STIXGeneralItalic.ttf) italic normal 400 normal>) = 11.05
findfont: score(<Font 'DejaVu Sans' (DejaVuSans.ttf) normal normal 400 normal>) = 0.05
findfont: score(<Font 'DejaVu Serif Display' (DejaVuSerifDisplay.ttf) normal normal 400 normal>) = 10.05
findfont: Matching sans\-serif:style=normal:variant=normal:weight=normal:stretch=normal:size=12.0 to DejaVu Sans ('/home/yjs1916211/.local/lib/python3.6/site-packages/matplotlib/mpl-data/fonts/ttf/DejaVuSans.ttf') with score of 0.050000.
top of axes not in the figure, so title not moved
[XOM][Epoch 002/300] Epsilon:0.9967 #Expl.:738/741 #Buy:354 #Sell:338 #Hold:49 #Stocks:60 PV:8,893 LC:710 Loss:0.363156 ET:9.8469
top of axes not in the figure, so title not moved
top of axes not in the figure, so title not moved
[XOM][Epoch 003/300] Epsilon:0.9933 #Expl.:734/741 #Buy:341 #Sell:312 #Hold:88 #Stocks:114 PV:7,927 LC:713 Loss:0.929173 ET:9.9260
top of axes not in the figure, so title not moved
top of axes not in the figure, so title not moved
[XOM][Epoch 004/300] Epsilon:0.9900 #Expl.:736/741 #Buy:321 #Sell:301 #Hold:119 #Stocks:84 PV:8,274 LC:699 Loss:1.087454 ET:9.8779
top of axes not in the figure, so title not moved
top of axes not in the figure, so title not moved
[XOM][Epoch 005/300] Epsilon:0.9866 #Expl.:730/741 #Buy:172 #Sell:144 #Hold:425 #Stocks:116 PV:8,065 LC:713 Loss:1.050407 ET:9.9020
top of axes not in the figure, so title not moved
top of axes not in the figure, so title not moved
[XOM][Epoch 006/300] Epsilon:0.9833 #Expl.:731/741 #Buy:131 #Sell:105 #Hold:505 #Stocks:115 PV:8,039 LC:719 Loss:1.386422 ET:9.9471
top of axes not in the figure, so title not moved
top of axes not in the figure, so title not moved
[XOM][Epoch 007/300] Epsilon:0.9799 #Expl.:726/741 #Buy:173 #Sell:146 #Hold:422 #Stocks:115 PV:8,045 LC:718 Loss:1.462244 ET:9.9688
top of axes not in the figure, so title not moved
top of axes not in the figure, so title not moved
[XOM][Epoch 008/300] Epsilon:0.9766 #Expl.:724/741 #Buy:109 #Sell:82 #Hold:550 #Stocks:116 PV:8,112 LC:718 Loss:1.298378 ET:9.9720
top of axes not in the figure, so title not moved
top of axes not in the figure, so title not moved
[XOM][Epoch 009/300] Epsilon:0.9732 #Expl.:726/741 #Buy:293 #Sell:264 #Hold:184 #Stocks:104 PV:7,960 LC:713 Loss:1.539094 ET:9.9905
top of axes not in the figure, so title not moved
top of axes not in the figure, so title not moved
[XOM][Epoch 010/300] Epsilon:0.9699 #Expl.:722/741 #Buy:328 #Sell:305 #Hold:108 #Stocks:97 PV:8,146 LC:712 Loss:1.541956 ET:9.9267
top of axes not in the figure, so title not moved
top of axes not in the figure, so title not moved
[XOM][Epoch 011/300] Epsilon:0.9666 #Expl.:713/741 #Buy:167 #Sell:143 #Hold:431 #Stocks:104 PV:7,936 LC:719 Loss:1.399578 ET:9.9858
top of axes not in the figure, so title not moved
top of axes not in the figure, so title not moved
[XOM][Epoch 012/300] Epsilon:0.9632 #Expl.:715/741 #Buy:261 #Sell:229 #Hold:251 #Stocks:117 PV:8,177 LC:710 Loss:1.286129 ET:10.0318
top of axes not in the figure, so title not moved
top of axes not in the figure, so title not moved
[XOM][Epoch 013/300] Epsilon:0.9599 #Expl.:718/741 #Buy:46 #Sell:22 #Hold:673 #Stocks:116 PV:8,103 LC:719 Loss:1.534860 ET:9.9884
top of axes not in the figure, so title not moved
top of axes not in the figure, so title not moved
[XOM][Epoch 014/300] Epsilon:0.9565 #Expl.:715/741 #Buy:308 #Sell:283 #Hold:150 #Stocks:99 PV:7,942 LC:716 Loss:2.349346 ET:10.1213
top of axes not in the figure, so title not moved
top of axes not in the figure, so title not moved
[XOM][Epoch 015/300] Epsilon:0.9532 #Expl.:718/741 #Buy:137 #Sell:113 #Hold:491 #Stocks:117 PV:8,166 LC:714 Loss:0.968058 ET:9.9200
top of axes not in the figure, so title not moved
top of axes not in the figure, so title not moved
[XOM][Epoch 016/300] Epsilon:0.9498 #Expl.:704/741 #Buy:155 #Sell:129 #Hold:457 #Stocks:107 PV:8,153 LC:713 Loss:2.349269 ET:10.1185
top of axes not in the figure, so title not moved
top of axes not in the figure, so title not moved
[XOM][Epoch 017/300] Epsilon:0.9465 #Expl.:708/741 #Buy:210 #Sell:181 #Hold:350 #Stocks:118 PV:8,250 LC:713 Loss:0.757696 ET:9.9587
top of axes not in the figure, so title not moved
top of axes not in the figure, so title not moved
[XOM][Epoch 018/300] Epsilon:0.9431 #Expl.:696/741 #Buy:209 #Sell:181 #Hold:351 #Stocks:117 PV:8,187 LC:717 Loss:1.698683 ET:9.9412
top of axes not in the figure, so title not moved
top of axes not in the figure, so title not moved
[XOM][Epoch 019/300] Epsilon:0.9398 #Expl.:700/741 #Buy:257 #Sell:233 #Hold:251 #Stocks:103 PV:8,260 LC:713 Loss:1.194511 ET:9.9448
top of axes not in the figure, so title not moved
top of axes not in the figure, so title not moved
[XOM][Epoch 020/300] Epsilon:0.9365 #Expl.:699/741 #Buy:347 #Sell:324 #Hold:70 #Stocks:90 PV:7,998 LC:709 Loss:1.445657 ET:10.0010
top of axes not in the figure, so title not moved
top of axes not in the figure, so title not moved
[XOM][Epoch 021/300] Epsilon:0.9331 #Expl.:694/741 #Buy:230 #Sell:205 #Hold:306 #Stocks:109 PV:7,953 LC:713 Loss:1.943455 ET:9.9688
top of axes not in the figure, so title not moved
top of axes not in the figure, so title not moved
[XOM][Epoch 022/300] Epsilon:0.9298 #Expl.:685/741 #Buy:370 #Sell:347 #Hold:24 #Stocks:112 PV:8,494 LC:712 Loss:1.059600 ET:9.9056
top of axes not in the figure, so title not moved
top of axes not in the figure, so title not moved
[XOM][Epoch 023/300] Epsilon:0.9264 #Expl.:683/741 #Buy:340 #Sell:311 #Hold:90 #Stocks:117 PV:8,171 LC:692 Loss:1.954949 ET:9.6629
top of axes not in the figure, so title not moved
top of axes not in the figure, so title not moved
[XOM][Epoch 024/300] Epsilon:0.9231 #Expl.:684/741 #Buy:258 #Sell:233 #Hold:250 #Stocks:106 PV:8,103 LC:712 Loss:1.379542 ET:9.9317
top of axes not in the figure, so title not moved
top of axes not in the figure, so title not moved
[XOM][Epoch 025/300] Epsilon:0.9197 #Expl.:687/741 #Buy:179 #Sell:152 #Hold:410 #Stocks:116 PV:8,071 LC:716 Loss:1.122424 ET:10.0119
top of axes not in the figure, so title not moved
top of axes not in the figure, so title not moved
[XOM][Epoch 026/300] Epsilon:0.9164 #Expl.:686/741 #Buy:279 #Sell:252 #Hold:210 #Stocks:107 PV:8,146 LC:712 Loss:1.749545 ET:9.9066
top of axes not in the figure, so title not moved
top of axes not in the figure, so title not moved
[XOM][Epoch 027/300] Epsilon:0.9130 #Expl.:680/741 #Buy:213 #Sell:184 #Hold:344 #Stocks:115 PV:8,002 LC:717 Loss:2.502768 ET:9.9390
top of axes not in the figure, so title not moved
top of axes not in the figure, so title not moved
[XOM][Epoch 028/300] Epsilon:0.9097 #Expl.:668/741 #Buy:213 #Sell:187 #Hold:341 #Stocks:109 PV:7,961 LC:717 Loss:1.068106 ET:9.9977
top of axes not in the figure, so title not moved
top of axes not in the figure, so title not moved
[XOM][Epoch 029/300] Epsilon:0.9064 #Expl.:674/741 #Buy:129 #Sell:104 #Hold:508 #Stocks:116 PV:8,127 LC:713 Loss:1.132801 ET:9.8973
top of axes not in the figure, so title not moved
top of axes not in the figure, so title not moved
[XOM][Epoch 030/300] Epsilon:0.9030 #Expl.:665/741 #Buy:349 #Sell:324 #Hold:68 #Stocks:110 PV:8,341 LC:686 Loss:1.481892 ET:9.6157
top of axes not in the figure, so title not moved
top of axes not in the figure, so title not moved
[XOM][Epoch 031/300] Epsilon:0.8997 #Expl.:674/741 #Buy:362 #Sell:337 #Hold:42 #Stocks:112 PV:8,108 LC:708 Loss:1.656781 ET:10.0658
top of axes not in the figure, so title not moved
top of axes not in the figure, so title not moved
[XOM][Epoch 032/300] Epsilon:0.8963 #Expl.:674/741 #Buy:150 #Sell:123 #Hold:468 #Stocks:117 PV:8,130 LC:717 Loss:1.517631 ET:9.9307
top of axes not in the figure, so title not moved
top of axes not in the figure, so title not moved
[XOM][Epoch 033/300] Epsilon:0.8930 #Expl.:659/741 #Buy:269 #Sell:241 #Hold:231 #Stocks:115 PV:8,347 LC:712 Loss:1.915027 ET:10.0322
top of axes not in the figure, so title not moved
top of axes not in the figure, so title not moved
[XOM][Epoch 034/300] Epsilon:0.8896 #Expl.:662/741 #Buy:228 #Sell:209 #Hold:304 #Stocks:92 PV:8,118 LC:709 Loss:1.576439 ET:9.8930
top of axes not in the figure, so title not moved
top of axes not in the figure, so title not moved
[XOM][Epoch 035/300] Epsilon:0.8863 #Expl.:653/741 #Buy:343 #Sell:326 #Hold:72 #Stocks:58 PV:8,773 LC:712 Loss:0.702658 ET:9.9962
top of axes not in the figure, so title not moved
top of axes not in the figure, so title not moved
[XOM][Epoch 036/300] Epsilon:0.8829 #Expl.:645/741 #Buy:79 #Sell:56 #Hold:606 #Stocks:110 PV:8,040 LC:719 Loss:2.050520 ET:10.1070
top of axes not in the figure, so title not moved
top of axes not in the figure, so title not moved
[XOM][Epoch 037/300] Epsilon:0.8796 #Expl.:641/741 #Buy:248 #Sell:222 #Hold:271 #Stocks:107 PV:8,131 LC:713 Loss:2.587641 ET:9.9421
top of axes not in the figure, so title not moved
top of axes not in the figure, so title not moved
[XOM][Epoch 038/300] Epsilon:0.8763 #Expl.:660/741 #Buy:233 #Sell:208 #Hold:300 #Stocks:95 PV:8,340 LC:713 Loss:0.978616 ET:9.9900
top of axes not in the figure, so title not moved
top of axes not in the figure, so title not moved
[XOM][Epoch 039/300] Epsilon:0.8729 #Expl.:652/741 #Buy:103 #Sell:78 #Hold:560 #Stocks:111 PV:8,089 LC:717 Loss:2.431873 ET:9.9669
top of axes not in the figure, so title not moved
top of axes not in the figure, so title not moved
[XOM][Epoch 040/300] Epsilon:0.8696 #Expl.:648/741 #Buy:362 #Sell:337 #Hold:42 #Stocks:105 PV:8,739 LC:634 Loss:0.941930 ET:9.0385
top of axes not in the figure, so title not moved
top of axes not in the figure, so title not moved
[XOM][Epoch 041/300] Epsilon:0.8662 #Expl.:647/741 #Buy:325 #Sell:294 #Hold:122 #Stocks:124 PV:8,674 LC:711 Loss:0.957480 ET:10.0010
top of axes not in the figure, so title not moved
top of axes not in the figure, so title not moved
[XOM][Epoch 042/300] Epsilon:0.8629 #Expl.:660/741 #Buy:149 #Sell:122 #Hold:470 #Stocks:111 PV:8,108 LC:715 Loss:2.100137 ET:9.9240
top of axes not in the figure, so title not moved
top of axes not in the figure, so title not moved
[XOM][Epoch 043/300] Epsilon:0.8595 #Expl.:635/741 #Buy:342 #Sell:321 #Hold:78 #Stocks:69 PV:7,953 LC:713 Loss:2.472155 ET:9.9863
top of axes not in the figure, so title not moved
top of axes not in the figure, so title not moved
[XOM][Epoch 044/300] Epsilon:0.8562 #Expl.:609/741 #Buy:261 #Sell:233 #Hold:247 #Stocks:115 PV:8,058 LC:714 Loss:1.395479 ET:10.0612
top of axes not in the figure, so title not moved
top of axes not in the figure, so title not moved
[XOM][Epoch 045/300] Epsilon:0.8528 #Expl.:639/741 #Buy:151 #Sell:124 #Hold:466 #Stocks:117 PV:8,156 LC:713 Loss:1.601328 ET:9.9825
top of axes not in the figure, so title not moved
top of axes not in the figure, so title not moved
[XOM][Epoch 046/300] Epsilon:0.8495 #Expl.:631/741 #Buy:52 #Sell:28 #Hold:661 #Stocks:116 PV:8,096 LC:717 Loss:2.046674 ET:10.2243
top of axes not in the figure, so title not moved
top of axes not in the figure, so title not moved
[XOM][Epoch 047/300] Epsilon:0.8462 #Expl.:633/741 #Buy:334 #Sell:304 #Hold:103 #Stocks:120 PV:8,690 LC:716 Loss:1.077949 ET:9.9621
top of axes not in the figure, so title not moved
top of axes not in the figure, so title not moved
[XOM][Epoch 048/300] Epsilon:0.8428 #Expl.:631/741 #Buy:274 #Sell:246 #Hold:221 #Stocks:118 PV:8,215 LC:713 Loss:1.238462 ET:9.9411
top of axes not in the figure, so title not moved
top of axes not in the figure, so title not moved
[XOM][Epoch 049/300] Epsilon:0.8395 #Expl.:635/741 #Buy:270 #Sell:239 #Hold:232 #Stocks:119 PV:8,338 LC:690 Loss:0.973782 ET:9.7651
top of axes not in the figure, so title not moved
top of axes not in the figure, so title not moved
[XOM][Epoch 050/300] Epsilon:0.8361 #Expl.:627/741 #Buy:131 #Sell:101 #Hold:509 #Stocks:115 PV:8,045 LC:719 Loss:2.426896 ET:10.0028
top of axes not in the figure, so title not moved
top of axes not in the figure, so title not moved
[XOM][Epoch 051/300] Epsilon:0.8328 #Expl.:623/741 #Buy:139 #Sell:114 #Hold:488 #Stocks:112 PV:8,166 LC:713 Loss:1.195860 ET:10.0565
top of axes not in the figure, so title not moved
top of axes not in the figure, so title not moved
[XOM][Epoch 052/300] Epsilon:0.8294 #Expl.:612/741 #Buy:193 #Sell:166 #Hold:382 #Stocks:115 PV:8,035 LC:717 Loss:1.753468 ET:10.0620
top of axes not in the figure, so title not moved
top of axes not in the figure, so title not moved
[XOM][Epoch 053/300] Epsilon:0.8261 #Expl.:616/741 #Buy:156 #Sell:128 #Hold:457 #Stocks:117 PV:8,164 LC:715 Loss:1.104854 ET:9.9491
top of axes not in the figure, so title not moved
top of axes not in the figure, so title not moved
[XOM][Epoch 054/300] Epsilon:0.8227 #Expl.:610/741 #Buy:184 #Sell:159 #Hold:398 #Stocks:107 PV:8,167 LC:713 Loss:2.084464 ET:10.0016
top of axes not in the figure, so title not moved
top of axes not in the figure, so title not moved
[XOM][Epoch 055/300] Epsilon:0.8194 #Expl.:613/741 #Buy:306 #Sell:278 #Hold:157 #Stocks:115 PV:8,054 LC:718 Loss:2.206170 ET:10.0183
top of axes not in the figure, so title not moved
top of axes not in the figure, so title not moved
[XOM][Epoch 056/300] Epsilon:0.8161 #Expl.:614/741 #Buy:280 #Sell:253 #Hold:208 #Stocks:116 PV:8,068 LC:713 Loss:1.493341 ET:9.9713
top of axes not in the figure, so title not moved
top of axes not in the figure, so title not moved
[XOM][Epoch 057/300] Epsilon:0.8127 #Expl.:612/741 #Buy:223 #Sell:196 #Hold:322 #Stocks:115 PV:8,024 LC:713 Loss:1.928479 ET:10.0256
top of axes not in the figure, so title not moved
top of axes not in the figure, so title not moved
[XOM][Epoch 058/300] Epsilon:0.8094 #Expl.:605/741 #Buy:90 #Sell:61 #Hold:590 #Stocks:116 PV:8,100 LC:717 Loss:1.961847 ET:9.9257
top of axes not in the figure, so title not moved
top of axes not in the figure, so title not moved
[XOM][Epoch 059/300] Epsilon:0.8060 #Expl.:613/741 #Buy:212 #Sell:182 #Hold:347 #Stocks:102 PV:8,166 LC:713 Loss:2.330955 ET:9.9814
top of axes not in the figure, so title not moved
top of axes not in the figure, so title not moved
[XOM][Epoch 060/300] Epsilon:0.8027 #Expl.:577/741 #Buy:61 #Sell:35 #Hold:645 #Stocks:117 PV:8,147 LC:717 Loss:1.594937 ET:10.0233
top of axes not in the figure, so title not moved
top of axes not in the figure, so title not moved
[XOM][Epoch 061/300] Epsilon:0.7993 #Expl.:597/741 #Buy:313 #Sell:290 #Hold:138 #Stocks:91 PV:8,438 LC:688 Loss:1.526997 ET:9.8712
top of axes not in the figure, so title not moved
top of axes not in the figure, so title not moved
[XOM][Epoch 062/300] Epsilon:0.7960 #Expl.:603/741 #Buy:259 #Sell:228 #Hold:254 #Stocks:116 PV:8,110 LC:712 Loss:2.261695 ET:10.0978
top of axes not in the figure, so title not moved
top of axes not in the figure, so title not moved
[XOM][Epoch 063/300] Epsilon:0.7926 #Expl.:590/741 #Buy:195 #Sell:167 #Hold:379 #Stocks:119 PV:8,319 LC:710 Loss:0.948661 ET:9.9124
top of axes not in the figure, so title not moved
top of axes not in the figure, so title not moved
[XOM][Epoch 064/300] Epsilon:0.7893 #Expl.:603/741 #Buy:93 #Sell:69 #Hold:579 #Stocks:110 PV:8,036 LC:720 Loss:2.464434 ET:10.0108
top of axes not in the figure, so title not moved
top of axes not in the figure, so title not moved
[XOM][Epoch 065/300] Epsilon:0.7860 #Expl.:584/741 #Buy:133 #Sell:106 #Hold:502 #Stocks:116 PV:8,066 LC:715 Loss:1.953376 ET:10.0015
top of axes not in the figure, so title not moved
top of axes not in the figure, so title not moved
[XOM][Epoch 066/300] Epsilon:0.7826 #Expl.:583/741 #Buy:324 #Sell:299 #Hold:118 #Stocks:82 PV:8,409 LC:697 Loss:0.891632 ET:9.7270
top of axes not in the figure, so title not moved
top of axes not in the figure, so title not moved
[XOM][Epoch 067/300] Epsilon:0.7793 #Expl.:588/741 #Buy:335 #Sell:308 #Hold:98 #Stocks:110 PV:8,354 LC:698 Loss:1.928966 ET:9.7774
top of axes not in the figure, so title not moved
top of axes not in the figure, so title not moved
[XOM][Epoch 068/300] Epsilon:0.7759 #Expl.:573/741 #Buy:147 #Sell:121 #Hold:473 #Stocks:117 PV:8,183 LC:714 Loss:1.255461 ET:9.9730
top of axes not in the figure, so title not moved
top of axes not in the figure, so title not moved
[XOM][Epoch 069/300] Epsilon:0.7726 #Expl.:565/741 #Buy:239 #Sell:222 #Hold:280 #Stocks:68 PV:7,916 LC:717 Loss:3.523561 ET:10.0261
top of axes not in the figure, so title not moved
top of axes not in the figure, so title not moved
[XOM][Epoch 070/300] Epsilon:0.7692 #Expl.:560/741 #Buy:243 #Sell:218 #Hold:280 #Stocks:102 PV:8,148 LC:712 Loss:3.774945 ET:9.9618
top of axes not in the figure, so title not moved
top of axes not in the figure, so title not moved
[XOM][Epoch 071/300] Epsilon:0.7659 #Expl.:579/741 #Buy:191 #Sell:162 #Hold:388 #Stocks:118 PV:8,242 LC:708 Loss:1.225020 ET:9.9009
top of axes not in the figure, so title not moved
top of axes not in the figure, so title not moved
[XOM][Epoch 072/300] Epsilon:0.7625 #Expl.:553/741 #Buy:170 #Sell:143 #Hold:428 #Stocks:117 PV:8,156 LC:713 Loss:0.959083 ET:9.9588
top of axes not in the figure, so title not moved
top of axes not in the figure, so title not moved
[XOM][Epoch 073/300] Epsilon:0.7592 #Expl.:579/741 #Buy:106 #Sell:80 #Hold:555 #Stocks:114 PV:7,981 LC:719 Loss:2.399564 ET:10.0026
top of axes not in the figure, so title not moved
top of axes not in the figure, so title not moved
[XOM][Epoch 074/300] Epsilon:0.7559 #Expl.:563/741 #Buy:316 #Sell:293 #Hold:132 #Stocks:66 PV:8,085 LC:712 Loss:2.927708 ET:10.0478
top of axes not in the figure, so title not moved
top of axes not in the figure, so title not moved
[XOM][Epoch 075/300] Epsilon:0.7525 #Expl.:565/741 #Buy:334 #Sell:315 #Hold:92 #Stocks:65 PV:8,004 LC:707 Loss:1.925499 ET:9.9858
top of axes not in the figure, so title not moved
top of axes not in the figure, so title not moved
[XOM][Epoch 076/300] Epsilon:0.7492 #Expl.:570/741 #Buy:165 #Sell:142 #Hold:434 #Stocks:107 PV:8,129 LC:713 Loss:1.701178 ET:10.1755
top of axes not in the figure, so title not moved
top of axes not in the figure, so title not moved
[XOM][Epoch 077/300] Epsilon:0.7458 #Expl.:548/741 #Buy:127 #Sell:100 #Hold:514 #Stocks:118 PV:8,215 LC:713 Loss:1.315413 ET:9.8850
top of axes not in the figure, so title not moved
top of axes not in the figure, so title not moved
[XOM][Epoch 078/300] Epsilon:0.7425 #Expl.:547/741 #Buy:308 #Sell:280 #Hold:153 #Stocks:119 PV:8,281 LC:709 Loss:1.630731 ET:10.0222
top of axes not in the figure, so title not moved
top of axes not in the figure, so title not moved
[XOM][Epoch 079/300] Epsilon:0.7391 #Expl.:556/741 #Buy:176 #Sell:149 #Hold:416 #Stocks:115 PV:8,029 LC:717 Loss:2.292388 ET:9.9486
top of axes not in the figure, so title not moved
top of axes not in the figure, so title not moved
[XOM][Epoch 080/300] Epsilon:0.7358 #Expl.:549/741 #Buy:142 #Sell:117 #Hold:482 #Stocks:111 PV:8,061 LC:717 Loss:4.546652 ET:9.9459
top of axes not in the figure, so title not moved
top of axes not in the figure, so title not moved
[XOM][Epoch 081/300] Epsilon:0.7324 #Expl.:548/741 #Buy:123 #Sell:98 #Hold:520 #Stocks:115 PV:8,053 LC:719 Loss:2.177261 ET:10.0531
top of axes not in the figure, so title not moved
top of axes not in the figure, so title not moved
[XOM][Epoch 082/300] Epsilon:0.7291 #Expl.:538/741 #Buy:254 #Sell:228 #Hold:259 #Stocks:98 PV:8,231 LC:713 Loss:1.401875 ET:9.9722
top of axes not in the figure, so title not moved
top of axes not in the figure, so title not moved
[XOM][Epoch 083/300] Epsilon:0.7258 #Expl.:512/741 #Buy:100 #Sell:72 #Hold:569 #Stocks:116 PV:8,115 LC:717 Loss:1.814689 ET:10.0745
top of axes not in the figure, so title not moved
top of axes not in the figure, so title not moved
[XOM][Epoch 084/300] Epsilon:0.7224 #Expl.:530/741 #Buy:124 #Sell:95 #Hold:522 #Stocks:112 PV:8,158 LC:713 Loss:2.235423 ET:10.0092
top of axes not in the figure, so title not moved
top of axes not in the figure, so title not moved
[XOM][Epoch 085/300] Epsilon:0.7191 #Expl.:551/741 #Buy:278 #Sell:250 #Hold:213 #Stocks:104 PV:8,318 LC:713 Loss:1.373273 ET:9.9579
top of axes not in the figure, so title not moved
top of axes not in the figure, so title not moved
[XOM][Epoch 086/300] Epsilon:0.7157 #Expl.:541/741 #Buy:308 #Sell:281 #Hold:152 #Stocks:94 PV:8,651 LC:713 Loss:0.821348 ET:9.9499
top of axes not in the figure, so title not moved
top of axes not in the figure, so title not moved
[XOM][Epoch 087/300] Epsilon:0.7124 #Expl.:516/741 #Buy:166 #Sell:136 #Hold:439 #Stocks:117 PV:8,154 LC:718 Loss:1.698069 ET:9.9761
top of axes not in the figure, so title not moved
top of axes not in the figure, so title not moved
[XOM][Epoch 088/300] Epsilon:0.7090 #Expl.:524/741 #Buy:116 #Sell:93 #Hold:532 #Stocks:112 PV:8,134 LC:713 Loss:2.009991 ET:9.8792
top of axes not in the figure, so title not moved
top of axes not in the figure, so title not moved
[XOM][Epoch 089/300] Epsilon:0.7057 #Expl.:528/741 #Buy:204 #Sell:177 #Hold:360 #Stocks:112 PV:8,154 LC:713 Loss:2.524366 ET:9.9595
top of axes not in the figure, so title not moved
top of axes not in the figure, so title not moved
[XOM][Epoch 090/300] Epsilon:0.7023 #Expl.:497/741 #Buy:251 #Sell:219 #Hold:271 #Stocks:125 PV:8,690 LC:712 Loss:0.958318 ET:9.9047
top of axes not in the figure, so title not moved
top of axes not in the figure, so title not moved
[XOM][Epoch 091/300] Epsilon:0.6990 #Expl.:507/741 #Buy:250 #Sell:222 #Hold:269 #Stocks:118 PV:8,201 LC:713 Loss:1.964935 ET:10.0889
top of axes not in the figure, so title not moved
top of axes not in the figure, so title not moved
[XOM][Epoch 092/300] Epsilon:0.6957 #Expl.:515/741 #Buy:121 #Sell:91 #Hold:529 #Stocks:113 PV:8,208 LC:717 Loss:1.324138 ET:9.9875
top of axes not in the figure, so title not moved
top of axes not in the figure, so title not moved
[XOM][Epoch 093/300] Epsilon:0.6923 #Expl.:504/741 #Buy:268 #Sell:242 #Hold:231 #Stocks:111 PV:8,407 LC:712 Loss:1.435911 ET:9.9318
top of axes not in the figure, so title not moved
top of axes not in the figure, so title not moved
[XOM][Epoch 094/300] Epsilon:0.6890 #Expl.:539/741 #Buy:153 #Sell:130 #Hold:458 #Stocks:105 PV:8,049 LC:716 Loss:2.356930 ET:10.0475
top of axes not in the figure, so title not moved
top of axes not in the figure, so title not moved
[XOM][Epoch 095/300] Epsilon:0.6856 #Expl.:516/741 #Buy:230 #Sell:201 #Hold:310 #Stocks:113 PV:8,208 LC:713 Loss:1.588094 ET:9.9161
top of axes not in the figure, so title not moved
top of axes not in the figure, so title not moved
[XOM][Epoch 096/300] Epsilon:0.6823 #Expl.:479/741 #Buy:149 #Sell:121 #Hold:471 #Stocks:112 PV:8,134 LC:713 Loss:1.550729 ET:10.0068
top of axes not in the figure, so title not moved
top of axes not in the figure, so title not moved
[XOM][Epoch 097/300] Epsilon:0.6789 #Expl.:504/741 #Buy:217 #Sell:195 #Hold:329 #Stocks:99 PV:7,937 LC:713 Loss:1.942631 ET:10.0397
top of axes not in the figure, so title not moved
top of axes not in the figure, so title not moved
[XOM][Epoch 098/300] Epsilon:0.6756 #Expl.:497/741 #Buy:212 #Sell:186 #Hold:343 #Stocks:116 PV:8,092 LC:713 Loss:1.625604 ET:9.9795
top of axes not in the figure, so title not moved
top of axes not in the figure, so title not moved
[XOM][Epoch 099/300] Epsilon:0.6722 #Expl.:488/741 #Buy:114 #Sell:90 #Hold:537 #Stocks:117 PV:8,136 LC:717 Loss:2.449899 ET:9.9270
top of axes not in the figure, so title not moved
top of axes not in the figure, so title not moved
[XOM][Epoch 100/300] Epsilon:0.6689 #Expl.:505/741 #Buy:126 #Sell:99 #Hold:516 #Stocks:116 PV:8,090 LC:713 Loss:1.658378 ET:9.9138
top of axes not in the figure, so title not moved
top of axes not in the figure, so title not moved
[XOM][Epoch 101/300] Epsilon:0.6656 #Expl.:503/741 #Buy:207 #Sell:172 #Hold:362 #Stocks:121 PV:8,437 LC:713 Loss:1.848205 ET:9.7824
top of axes not in the figure, so title not moved
top of axes not in the figure, so title not moved
[XOM][Epoch 102/300] Epsilon:0.6622 #Expl.:480/741 #Buy:235 #Sell:217 #Hold:289 #Stocks:69 PV:8,273 LC:713 Loss:2.532689 ET:9.9957
top of axes not in the figure, so title not moved
top of axes not in the figure, so title not moved
[XOM][Epoch 103/300] Epsilon:0.6589 #Expl.:487/741 #Buy:180 #Sell:153 #Hold:408 #Stocks:117 PV:8,150 LC:717 Loss:1.813771 ET:9.9997
top of axes not in the figure, so title not moved
top of axes not in the figure, so title not moved
[XOM][Epoch 104/300] Epsilon:0.6555 #Expl.:496/741 #Buy:105 #Sell:78 #Hold:558 #Stocks:118 PV:8,222 LC:713 Loss:1.279607 ET:10.0552
top of axes not in the figure, so title not moved
top of axes not in the figure, so title not moved
[XOM][Epoch 105/300] Epsilon:0.6522 #Expl.:521/741 #Buy:179 #Sell:152 #Hold:410 #Stocks:118 PV:8,231 LC:717 Loss:1.614059 ET:10.0263
top of axes not in the figure, so title not moved
top of axes not in the figure, so title not moved
[XOM][Epoch 106/300] Epsilon:0.6488 #Expl.:485/741 #Buy:138 #Sell:114 #Hold:489 #Stocks:113 PV:8,234 LC:713 Loss:1.378445 ET:10.0478
top of axes not in the figure, so title not moved
top of axes not in the figure, so title not moved
[XOM][Epoch 107/300] Epsilon:0.6455 #Expl.:478/741 #Buy:188 #Sell:161 #Hold:392 #Stocks:112 PV:8,155 LC:718 Loss:1.978708 ET:9.9107
top of axes not in the figure, so title not moved
top of axes not in the figure, so title not moved
[XOM][Epoch 108/300] Epsilon:0.6421 #Expl.:467/741 #Buy:126 #Sell:104 #Hold:511 #Stocks:105 PV:8,050 LC:715 Loss:2.077784 ET:10.1136
top of axes not in the figure, so title not moved
top of axes not in the figure, so title not moved
[XOM][Epoch 109/300] Epsilon:0.6388 #Expl.:468/741 #Buy:116 #Sell:92 #Hold:533 #Stocks:115 PV:8,036 LC:719 Loss:2.112179 ET:9.9966
top of axes not in the figure, so title not moved
top of axes not in the figure, so title not moved
[XOM][Epoch 110/300] Epsilon:0.6355 #Expl.:479/741 #Buy:306 #Sell:278 #Hold:157 #Stocks:116 PV:8,448 LC:713 Loss:1.659989 ET:9.9446
top of axes not in the figure, so title not moved
top of axes not in the figure, so title not moved
[XOM][Epoch 111/300] Epsilon:0.6321 #Expl.:448/741 #Buy:198 #Sell:170 #Hold:373 #Stocks:116 PV:8,103 LC:717 Loss:1.262624 ET:9.9500
top of axes not in the figure, so title not moved
top of axes not in the figure, so title not moved
[XOM][Epoch 112/300] Epsilon:0.6288 #Expl.:457/741 #Buy:250 #Sell:220 #Hold:271 #Stocks:117 PV:8,164 LC:713 Loss:1.370689 ET:9.8818
top of axes not in the figure, so title not moved
top of axes not in the figure, so title not moved
[XOM][Epoch 113/300] Epsilon:0.6254 #Expl.:448/741 #Buy:225 #Sell:201 #Hold:315 #Stocks:94 PV:8,254 LC:713 Loss:2.125301 ET:10.0105
top of axes not in the figure, so title not moved
top of axes not in the figure, so title not moved
[XOM][Epoch 114/300] Epsilon:0.6221 #Expl.:466/741 #Buy:290 #Sell:274 #Hold:177 #Stocks:66 PV:8,092 LC:706 Loss:1.881219 ET:9.8313
top of axes not in the figure, so title not moved
top of axes not in the figure, so title not moved
[XOM][Epoch 115/300] Epsilon:0.6187 #Expl.:474/741 #Buy:215 #Sell:188 #Hold:338 #Stocks:98 PV:8,212 LC:713 Loss:1.035475 ET:9.9785
top of axes not in the figure, so title not moved
top of axes not in the figure, so title not moved
[XOM][Epoch 116/300] Epsilon:0.6154 #Expl.:456/741 #Buy:283 #Sell:255 #Hold:203 #Stocks:107 PV:8,531 LC:666 Loss:0.603484 ET:9.2387
top of axes not in the figure, so title not moved
top of axes not in the figure, so title not moved
[XOM][Epoch 117/300] Epsilon:0.6120 #Expl.:455/741 #Buy:191 #Sell:162 #Hold:388 #Stocks:118 PV:8,231 LC:713 Loss:2.841461 ET:9.8818
top of axes not in the figure, so title not moved
top of axes not in the figure, so title not moved
[XOM][Epoch 118/300] Epsilon:0.6087 #Expl.:442/741 #Buy:217 #Sell:188 #Hold:336 #Stocks:105 PV:8,379 LC:713 Loss:1.221274 ET:9.9935
top of axes not in the figure, so title not moved
top of axes not in the figure, so title not moved
[XOM][Epoch 119/300] Epsilon:0.6054 #Expl.:459/741 #Buy:220 #Sell:197 #Hold:324 #Stocks:88 PV:8,213 LC:710 Loss:1.407740 ET:9.9064
top of axes not in the figure, so title not moved
top of axes not in the figure, so title not moved
[XOM][Epoch 120/300] Epsilon:0.6020 #Expl.:444/741 #Buy:270 #Sell:242 #Hold:229 #Stocks:97 PV:8,504 LC:717 Loss:1.242357 ET:10.0154
top of axes not in the figure, so title not moved
top of axes not in the figure, so title not moved
[XOM][Epoch 121/300] Epsilon:0.5987 #Expl.:432/741 #Buy:286 #Sell:255 #Hold:200 #Stocks:112 PV:8,486 LC:712 Loss:0.725992 ET:10.1819
top of axes not in the figure, so title not moved
top of axes not in the figure, so title not moved
[XOM][Epoch 122/300] Epsilon:0.5953 #Expl.:456/741 #Buy:209 #Sell:177 #Hold:355 #Stocks:114 PV:7,970 LC:719 Loss:1.727872 ET:9.9433
top of axes not in the figure, so title not moved
top of axes not in the figure, so title not moved
[XOM][Epoch 123/300] Epsilon:0.5920 #Expl.:459/741 #Buy:243 #Sell:222 #Hold:276 #Stocks:88 PV:8,190 LC:704 Loss:2.246744 ET:9.6501
top of axes not in the figure, so title not moved
top of axes not in the figure, so title not moved
[XOM][Epoch 124/300] Epsilon:0.5886 #Expl.:438/741 #Buy:266 #Sell:243 #Hold:232 #Stocks:98 PV:8,564 LC:696 Loss:1.137116 ET:9.6310
top of axes not in the figure, so title not moved
top of axes not in the figure, so title not moved
[XOM][Epoch 125/300] Epsilon:0.5853 #Expl.:452/741 #Buy:281 #Sell:258 #Hold:202 #Stocks:81 PV:8,459 LC:713 Loss:1.737965 ET:9.9429
top of axes not in the figure, so title not moved
top of axes not in the figure, so title not moved
[XOM][Epoch 126/300] Epsilon:0.5819 #Expl.:431/741 #Buy:147 #Sell:124 #Hold:470 #Stocks:102 PV:8,184 LC:713 Loss:1.480695 ET:10.0061
top of axes not in the figure, so title not moved
top of axes not in the figure, so title not moved
[XOM][Epoch 127/300] Epsilon:0.5786 #Expl.:444/741 #Buy:235 #Sell:214 #Hold:292 #Stocks:86 PV:8,081 LC:713 Loss:2.056638 ET:9.9632
top of axes not in the figure, so title not moved
top of axes not in the figure, so title not moved
[XOM][Epoch 128/300] Epsilon:0.5753 #Expl.:459/741 #Buy:183 #Sell:157 #Hold:401 #Stocks:108 PV:8,204 LC:713 Loss:2.002661 ET:9.9379
top of axes not in the figure, so title not moved
top of axes not in the figure, so title not moved
[XOM][Epoch 129/300] Epsilon:0.5719 #Expl.:427/741 #Buy:273 #Sell:249 #Hold:219 #Stocks:100 PV:8,366 LC:712 Loss:1.376507 ET:9.9406
top of axes not in the figure, so title not moved
top of axes not in the figure, so title not moved
[XOM][Epoch 130/300] Epsilon:0.5686 #Expl.:419/741 #Buy:216 #Sell:184 #Hold:341 #Stocks:119 PV:8,336 LC:714 Loss:1.573744 ET:9.9459
top of axes not in the figure, so title not moved
top of axes not in the figure, so title not moved
[XOM][Epoch 131/300] Epsilon:0.5652 #Expl.:427/741 #Buy:156 #Sell:128 #Hold:457 #Stocks:112 PV:8,183 LC:713 Loss:2.108619 ET:9.9789
top of axes not in the figure, so title not moved
top of axes not in the figure, so title not moved
[XOM][Epoch 132/300] Epsilon:0.5619 #Expl.:380/741 #Buy:224 #Sell:195 #Hold:322 #Stocks:113 PV:8,227 LC:718 Loss:1.027776 ET:10.1329
top of axes not in the figure, so title not moved
top of axes not in the figure, so title not moved
[XOM][Epoch 133/300] Epsilon:0.5585 #Expl.:410/741 #Buy:292 #Sell:263 #Hold:186 #Stocks:115 PV:8,371 LC:713 Loss:2.345551 ET:9.8886
top of axes not in the figure, so title not moved
top of axes not in the figure, so title not moved
[XOM][Epoch 134/300] Epsilon:0.5552 #Expl.:418/741 #Buy:284 #Sell:259 #Hold:198 #Stocks:97 PV:8,152 LC:711 Loss:1.979352 ET:9.9961
top of axes not in the figure, so title not moved
top of axes not in the figure, so title not moved
[XOM][Epoch 135/300] Epsilon:0.5518 #Expl.:407/741 #Buy:121 #Sell:95 #Hold:525 #Stocks:111 PV:8,113 LC:719 Loss:1.076193 ET:9.9557
top of axes not in the figure, so title not moved
top of axes not in the figure, so title not moved
[XOM][Epoch 136/300] Epsilon:0.5485 #Expl.:400/741 #Buy:285 #Sell:258 #Hold:198 #Stocks:121 PV:8,407 LC:713 Loss:1.353975 ET:10.0966
top of axes not in the figure, so title not moved
top of axes not in the figure, so title not moved
[XOM][Epoch 137/300] Epsilon:0.5452 #Expl.:410/741 #Buy:141 #Sell:116 #Hold:484 #Stocks:107 PV:8,140 LC:717 Loss:3.051201 ET:9.9737
top of axes not in the figure, so title not moved
top of axes not in the figure, so title not moved
[XOM][Epoch 138/300] Epsilon:0.5418 #Expl.:398/741 #Buy:132 #Sell:107 #Hold:502 #Stocks:118 PV:8,213 LC:713 Loss:1.044376 ET:9.9131
top of axes not in the figure, so title not moved
top of axes not in the figure, so title not moved
[XOM][Epoch 139/300] Epsilon:0.5385 #Expl.:397/741 #Buy:238 #Sell:216 #Hold:287 #Stocks:90 PV:8,376 LC:713 Loss:1.654920 ET:9.8688
top of axes not in the figure, so title not moved
top of axes not in the figure, so title not moved
[XOM][Epoch 140/300] Epsilon:0.5351 #Expl.:390/741 #Buy:248 #Sell:231 #Hold:262 #Stocks:70 PV:8,314 LC:713 Loss:1.215438 ET:9.8454
top of axes not in the figure, so title not moved
top of axes not in the figure, so title not moved
[XOM][Epoch 141/300] Epsilon:0.5318 #Expl.:392/741 #Buy:194 #Sell:168 #Hold:379 #Stocks:113 PV:8,219 LC:714 Loss:1.826919 ET:9.8940
top of axes not in the figure, so title not moved
top of axes not in the figure, so title not moved
[XOM][Epoch 142/300] Epsilon:0.5284 #Expl.:416/741 #Buy:150 #Sell:127 #Hold:464 #Stocks:107 PV:8,148 LC:713 Loss:1.075345 ET:9.9836
top of axes not in the figure, so title not moved
top of axes not in the figure, so title not moved
[XOM][Epoch 143/300] Epsilon:0.5251 #Expl.:394/741 #Buy:194 #Sell:166 #Hold:381 #Stocks:114 PV:8,287 LC:710 Loss:1.460852 ET:9.8921
top of axes not in the figure, so title not moved
top of axes not in the figure, so title not moved
[XOM][Epoch 144/300] Epsilon:0.5217 #Expl.:422/741 #Buy:175 #Sell:149 #Hold:417 #Stocks:106 PV:8,063 LC:717 Loss:1.761520 ET:9.9972
top of axes not in the figure, so title not moved
top of axes not in the figure, so title not moved
[XOM][Epoch 145/300] Epsilon:0.5184 #Expl.:363/741 #Buy:187 #Sell:158 #Hold:396 #Stocks:121 PV:8,426 LC:716 Loss:2.147430 ET:9.9594
top of axes not in the figure, so title not moved
top of axes not in the figure, so title not moved
[XOM][Epoch 146/300] Epsilon:0.5151 #Expl.:381/741 #Buy:223 #Sell:195 #Hold:323 #Stocks:107 PV:8,143 LC:713 Loss:2.048672 ET:9.8831
top of axes not in the figure, so title not moved
top of axes not in the figure, so title not moved
[XOM][Epoch 147/300] Epsilon:0.5117 #Expl.:381/741 #Buy:292 #Sell:266 #Hold:183 #Stocks:97 PV:8,145 LC:713 Loss:1.907522 ET:9.9784
top of axes not in the figure, so title not moved
top of axes not in the figure, so title not moved
[XOM][Epoch 148/300] Epsilon:0.5084 #Expl.:381/741 #Buy:193 #Sell:164 #Hold:384 #Stocks:118 PV:8,226 LC:714 Loss:1.379483 ET:9.9713
top of axes not in the figure, so title not moved
top of axes not in the figure, so title not moved
[XOM][Epoch 149/300] Epsilon:0.5050 #Expl.:377/741 #Buy:280 #Sell:252 #Hold:209 #Stocks:108 PV:8,212 LC:708 Loss:1.755828 ET:9.8652
top of axes not in the figure, so title not moved
top of axes not in the figure, so title not moved
[XOM][Epoch 150/300] Epsilon:0.5017 #Expl.:377/741 #Buy:198 #Sell:170 #Hold:373 #Stocks:106 PV:8,122 LC:713 Loss:2.162933 ET:9.9794
top of axes not in the figure, so title not moved
top of axes not in the figure, so title not moved
[XOM][Epoch 151/300] Epsilon:0.4983 #Expl.:393/741 #Buy:138 #Sell:110 #Hold:493 #Stocks:108 PV:8,223 LC:713 Loss:1.127136 ET:10.2105
top of axes not in the figure, so title not moved
top of axes not in the figure, so title not moved
[XOM][Epoch 152/300] Epsilon:0.4950 #Expl.:380/741 #Buy:270 #Sell:240 #Hold:231 #Stocks:89 PV:8,627 LC:713 Loss:1.359214 ET:9.9870
top of axes not in the figure, so title not moved
top of axes not in the figure, so title not moved
[XOM][Epoch 153/300] Epsilon:0.4916 #Expl.:368/741 #Buy:188 #Sell:162 #Hold:391 #Stocks:107 PV:8,130 LC:715 Loss:2.084821 ET:9.9990
top of axes not in the figure, so title not moved
top of axes not in the figure, so title not moved
[XOM][Epoch 154/300] Epsilon:0.4883 #Expl.:356/741 #Buy:180 #Sell:155 #Hold:406 #Stocks:110 PV:8,394 LC:713 Loss:0.821428 ET:9.9043
top of axes not in the figure, so title not moved
top of axes not in the figure, so title not moved
[XOM][Epoch 155/300] Epsilon:0.4849 #Expl.:361/741 #Buy:140 #Sell:114 #Hold:487 #Stocks:118 PV:8,205 LC:713 Loss:1.394584 ET:9.9554
top of axes not in the figure, so title not moved
top of axes not in the figure, so title not moved
[XOM][Epoch 156/300] Epsilon:0.4816 #Expl.:349/741 #Buy:205 #Sell:180 #Hold:356 #Stocks:116 PV:8,450 LC:713 Loss:1.341474 ET:9.8459
top of axes not in the figure, so title not moved
top of axes not in the figure, so title not moved
[XOM][Epoch 157/300] Epsilon:0.4783 #Expl.:365/741 #Buy:250 #Sell:231 #Hold:260 #Stocks:84 PV:8,626 LC:713 Loss:1.380535 ET:9.8969
top of axes not in the figure, so title not moved
top of axes not in the figure, so title not moved
[XOM][Epoch 158/300] Epsilon:0.4749 #Expl.:332/741 #Buy:187 #Sell:158 #Hold:396 #Stocks:109 PV:8,287 LC:713 Loss:1.443344 ET:9.9739
top of axes not in the figure, so title not moved
top of axes not in the figure, so title not moved
[XOM][Epoch 159/300] Epsilon:0.4716 #Expl.:380/741 #Buy:285 #Sell:263 #Hold:193 #Stocks:78 PV:8,573 LC:710 Loss:1.288870 ET:9.8796
top of axes not in the figure, so title not moved
top of axes not in the figure, so title not moved
[XOM][Epoch 160/300] Epsilon:0.4682 #Expl.:366/741 #Buy:164 #Sell:142 #Hold:435 #Stocks:91 PV:8,129 LC:713 Loss:1.577132 ET:9.8570
top of axes not in the figure, so title not moved
top of axes not in the figure, so title not moved
[XOM][Epoch 161/300] Epsilon:0.4649 #Expl.:328/741 #Buy:218 #Sell:190 #Hold:333 #Stocks:121 PV:8,425 LC:713 Loss:1.272020 ET:9.9281
top of axes not in the figure, so title not moved
top of axes not in the figure, so title not moved
[XOM][Epoch 162/300] Epsilon:0.4615 #Expl.:329/741 #Buy:169 #Sell:146 #Hold:426 #Stocks:99 PV:8,304 LC:713 Loss:1.528893 ET:9.9771
top of axes not in the figure, so title not moved
top of axes not in the figure, so title not moved
[XOM][Epoch 163/300] Epsilon:0.4582 #Expl.:357/741 #Buy:245 #Sell:220 #Hold:276 #Stocks:112 PV:8,490 LC:713 Loss:0.786611 ET:9.9336
top of axes not in the figure, so title not moved
top of axes not in the figure, so title not moved
[XOM][Epoch 164/300] Epsilon:0.4548 #Expl.:345/741 #Buy:272 #Sell:249 #Hold:220 #Stocks:84 PV:8,279 LC:713 Loss:1.126627 ET:9.9469
top of axes not in the figure, so title not moved
top of axes not in the figure, so title not moved
[XOM][Epoch 165/300] Epsilon:0.4515 #Expl.:334/741 #Buy:191 #Sell:164 #Hold:386 #Stocks:118 PV:8,200 LC:713 Loss:1.666351 ET:9.8801
top of axes not in the figure, so title not moved
top of axes not in the figure, so title not moved
[XOM][Epoch 166/300] Epsilon:0.4482 #Expl.:350/741 #Buy:250 #Sell:226 #Hold:265 #Stocks:95 PV:8,696 LC:709 Loss:1.116850 ET:10.1331
top of axes not in the figure, so title not moved
top of axes not in the figure, so title not moved
[XOM][Epoch 167/300] Epsilon:0.4448 #Expl.:340/741 #Buy:193 #Sell:163 #Hold:385 #Stocks:120 PV:8,376 LC:713 Loss:1.117662 ET:9.8953
top of axes not in the figure, so title not moved
top of axes not in the figure, so title not moved
[XOM][Epoch 168/300] Epsilon:0.4415 #Expl.:335/741 #Buy:206 #Sell:174 #Hold:361 #Stocks:120 PV:8,404 LC:713 Loss:1.184286 ET:9.9323
top of axes not in the figure, so title not moved
top of axes not in the figure, so title not moved
[XOM][Epoch 169/300] Epsilon:0.4381 #Expl.:307/741 #Buy:201 #Sell:181 #Hold:359 #Stocks:85 PV:8,375 LC:713 Loss:1.738738 ET:9.9271
top of axes not in the figure, so title not moved
top of axes not in the figure, so title not moved
[XOM][Epoch 170/300] Epsilon:0.4348 #Expl.:342/741 #Buy:186 #Sell:163 #Hold:392 #Stocks:98 PV:8,196 LC:713 Loss:1.613679 ET:9.9744
top of axes not in the figure, so title not moved
top of axes not in the figure, so title not moved
[XOM][Epoch 171/300] Epsilon:0.4314 #Expl.:308/741 #Buy:211 #Sell:181 #Hold:349 #Stocks:109 PV:8,304 LC:717 Loss:2.100733 ET:9.9940
top of axes not in the figure, so title not moved
top of axes not in the figure, so title not moved
[XOM][Epoch 172/300] Epsilon:0.4281 #Expl.:338/741 #Buy:222 #Sell:202 #Hold:317 #Stocks:81 PV:8,445 LC:713 Loss:1.875771 ET:9.8495
top of axes not in the figure, so title not moved
top of axes not in the figure, so title not moved
[XOM][Epoch 173/300] Epsilon:0.4247 #Expl.:313/741 #Buy:151 #Sell:121 #Hold:469 #Stocks:110 PV:8,365 LC:713 Loss:0.789617 ET:9.8985
top of axes not in the figure, so title not moved
top of axes not in the figure, so title not moved
[XOM][Epoch 174/300] Epsilon:0.4214 #Expl.:298/741 #Buy:261 #Sell:231 #Hold:249 #Stocks:103 PV:8,561 LC:685 Loss:1.263194 ET:9.6871
top of axes not in the figure, so title not moved
top of axes not in the figure, so title not moved
[XOM][Epoch 175/300] Epsilon:0.4181 #Expl.:335/741 #Buy:192 #Sell:167 #Hold:382 #Stocks:110 PV:8,328 LC:713 Loss:0.985647 ET:9.9319
top of axes not in the figure, so title not moved
top of axes not in the figure, so title not moved
[XOM][Epoch 176/300] Epsilon:0.4147 #Expl.:291/741 #Buy:173 #Sell:151 #Hold:417 #Stocks:100 PV:8,331 LC:713 Loss:1.231004 ET:9.9854
top of axes not in the figure, so title not moved
top of axes not in the figure, so title not moved
[XOM][Epoch 177/300] Epsilon:0.4114 #Expl.:309/741 #Buy:281 #Sell:261 #Hold:199 #Stocks:74 PV:8,642 LC:713 Loss:1.502944 ET:9.9833
top of axes not in the figure, so title not moved
top of axes not in the figure, so title not moved
[XOM][Epoch 178/300] Epsilon:0.4080 #Expl.:307/741 #Buy:149 #Sell:125 #Hold:467 #Stocks:108 PV:8,257 LC:713 Loss:1.042718 ET:9.9790
top of axes not in the figure, so title not moved
top of axes not in the figure, so title not moved
[XOM][Epoch 179/300] Epsilon:0.4047 #Expl.:297/741 #Buy:199 #Sell:173 #Hold:369 #Stocks:110 PV:8,374 LC:713 Loss:3.196529 ET:9.9601
top of axes not in the figure, so title not moved
top of axes not in the figure, so title not moved
[XOM][Epoch 180/300] Epsilon:0.4013 #Expl.:304/741 #Buy:204 #Sell:178 #Hold:359 #Stocks:120 PV:8,345 LC:713 Loss:1.591651 ET:9.8625
top of axes not in the figure, so title not moved
top of axes not in the figure, so title not moved
[XOM][Epoch 181/300] Epsilon:0.3980 #Expl.:286/741 #Buy:215 #Sell:184 #Hold:342 #Stocks:121 PV:8,418 LC:713 Loss:0.760635 ET:10.1961
top of axes not in the figure, so title not moved
top of axes not in the figure, so title not moved
[XOM][Epoch 182/300] Epsilon:0.3946 #Expl.:274/741 #Buy:205 #Sell:179 #Hold:357 #Stocks:94 PV:8,604 LC:713 Loss:0.734568 ET:9.8968
top of axes not in the figure, so title not moved
top of axes not in the figure, so title not moved
[XOM][Epoch 183/300] Epsilon:0.3913 #Expl.:290/741 #Buy:208 #Sell:179 #Hold:354 #Stocks:99 PV:8,278 LC:713 Loss:1.999037 ET:9.9089
top of axes not in the figure, so title not moved
top of axes not in the figure, so title not moved
[XOM][Epoch 184/300] Epsilon:0.3880 #Expl.:305/741 #Buy:179 #Sell:147 #Hold:415 #Stocks:119 PV:8,287 LC:713 Loss:1.789115 ET:10.0191
top of axes not in the figure, so title not moved
top of axes not in the figure, so title not moved
[XOM][Epoch 185/300] Epsilon:0.3846 #Expl.:290/741 #Buy:191 #Sell:165 #Hold:385 #Stocks:113 PV:8,557 LC:715 Loss:1.231360 ET:10.0248
top of axes not in the figure, so title not moved
top of axes not in the figure, so title not moved
[XOM][Epoch 186/300] Epsilon:0.3813 #Expl.:275/741 #Buy:212 #Sell:192 #Hold:337 #Stocks:81 PV:8,394 LC:713 Loss:0.889009 ET:9.8988
top of axes not in the figure, so title not moved
top of axes not in the figure, so title not moved
[XOM][Epoch 187/300] Epsilon:0.3779 #Expl.:322/741 #Buy:192 #Sell:164 #Hold:385 #Stocks:119 PV:8,328 LC:713 Loss:1.163995 ET:9.9396
top of axes not in the figure, so title not moved
top of axes not in the figure, so title not moved
[XOM][Epoch 188/300] Epsilon:0.3746 #Expl.:283/741 #Buy:177 #Sell:150 #Hold:414 #Stocks:105 PV:8,377 LC:717 Loss:1.225115 ET:9.9407
top of axes not in the figure, so title not moved
top of axes not in the figure, so title not moved
[XOM][Epoch 189/300] Epsilon:0.3712 #Expl.:271/741 #Buy:247 #Sell:225 #Hold:269 #Stocks:78 PV:8,565 LC:713 Loss:1.752524 ET:10.0202
top of axes not in the figure, so title not moved
top of axes not in the figure, so title not moved
[XOM][Epoch 190/300] Epsilon:0.3679 #Expl.:261/741 #Buy:265 #Sell:238 #Hold:238 #Stocks:99 PV:8,591 LC:713 Loss:1.291651 ET:9.9095
top of axes not in the figure, so title not moved
top of axes not in the figure, so title not moved
[XOM][Epoch 191/300] Epsilon:0.3645 #Expl.:285/741 #Buy:215 #Sell:191 #Hold:335 #Stocks:97 PV:8,478 LC:713 Loss:1.514857 ET:9.9428
top of axes not in the figure, so title not moved
top of axes not in the figure, so title not moved
[XOM][Epoch 192/300] Epsilon:0.3612 #Expl.:271/741 #Buy:286 #Sell:263 #Hold:192 #Stocks:80 PV:8,243 LC:713 Loss:2.065738 ET:9.9285
top of axes not in the figure, so title not moved
top of axes not in the figure, so title not moved
[XOM][Epoch 193/300] Epsilon:0.3579 #Expl.:262/741 #Buy:220 #Sell:196 #Hold:325 #Stocks:93 PV:8,534 LC:713 Loss:1.300967 ET:10.0241
top of axes not in the figure, so title not moved
top of axes not in the figure, so title not moved
[XOM][Epoch 194/300] Epsilon:0.3545 #Expl.:258/741 #Buy:183 #Sell:162 #Hold:396 #Stocks:90 PV:8,351 LC:713 Loss:1.465076 ET:10.0264
top of axes not in the figure, so title not moved
top of axes not in the figure, so title not moved
[XOM][Epoch 195/300] Epsilon:0.3512 #Expl.:260/741 #Buy:219 #Sell:197 #Hold:325 #Stocks:94 PV:8,631 LC:711 Loss:1.079064 ET:9.9385
top of axes not in the figure, so title not moved
top of axes not in the figure, so title not moved
[XOM][Epoch 196/300] Epsilon:0.3478 #Expl.:276/741 #Buy:261 #Sell:228 #Hold:252 #Stocks:120 PV:8,376 LC:713 Loss:1.793397 ET:10.1563
top of axes not in the figure, so title not moved
top of axes not in the figure, so title not moved
[XOM][Epoch 197/300] Epsilon:0.3445 #Expl.:268/741 #Buy:169 #Sell:145 #Hold:427 #Stocks:88 PV:8,215 LC:713 Loss:1.029044 ET:9.8733
top of axes not in the figure, so title not moved
top of axes not in the figure, so title not moved
[XOM][Epoch 198/300] Epsilon:0.3411 #Expl.:257/741 #Buy:161 #Sell:131 #Hold:449 #Stocks:120 PV:8,404 LC:713 Loss:1.531727 ET:10.0245
top of axes not in the figure, so title not moved
top of axes not in the figure, so title not moved
[XOM][Epoch 199/300] Epsilon:0.3378 #Expl.:232/741 #Buy:178 #Sell:152 #Hold:411 #Stocks:112 PV:8,477 LC:713 Loss:1.593592 ET:9.8598
top of axes not in the figure, so title not moved
top of axes not in the figure, so title not moved
[XOM][Epoch 200/300] Epsilon:0.3344 #Expl.:242/741 #Buy:237 #Sell:214 #Hold:290 #Stocks:91 PV:8,440 LC:713 Loss:1.731505 ET:9.8927
top of axes not in the figure, so title not moved
top of axes not in the figure, so title not moved
[XOM][Epoch 201/300] Epsilon:0.3311 #Expl.:264/741 #Buy:160 #Sell:141 #Hold:440 #Stocks:79 PV:8,294 LC:713 Loss:1.447946 ET:9.9567
top of axes not in the figure, so title not moved
top of axes not in the figure, so title not moved
[XOM][Epoch 202/300] Epsilon:0.3278 #Expl.:243/741 #Buy:211 #Sell:191 #Hold:339 #Stocks:72 PV:8,501 LC:713 Loss:1.300107 ET:9.9343
top of axes not in the figure, so title not moved
top of axes not in the figure, so title not moved
[XOM][Epoch 203/300] Epsilon:0.3244 #Expl.:225/741 #Buy:221 #Sell:198 #Hold:322 #Stocks:84 PV:8,674 LC:713 Loss:1.195208 ET:9.9826
top of axes not in the figure, so title not moved
top of axes not in the figure, so title not moved
[XOM][Epoch 204/300] Epsilon:0.3211 #Expl.:226/741 #Buy:179 #Sell:156 #Hold:406 #Stocks:97 PV:8,474 LC:713 Loss:1.040864 ET:9.9338
top of axes not in the figure, so title not moved
top of axes not in the figure, so title not moved
[XOM][Epoch 205/300] Epsilon:0.3177 #Expl.:257/741 #Buy:242 #Sell:217 #Hold:282 #Stocks:95 PV:8,699 LC:713 Loss:1.236763 ET:9.8810
top of axes not in the figure, so title not moved
top of axes not in the figure, so title not moved
[XOM][Epoch 206/300] Epsilon:0.3144 #Expl.:265/741 #Buy:215 #Sell:187 #Hold:339 #Stocks:107 PV:8,538 LC:715 Loss:1.073747 ET:9.9450
top of axes not in the figure, so title not moved
top of axes not in the figure, so title not moved
[XOM][Epoch 207/300] Epsilon:0.3110 #Expl.:237/741 #Buy:199 #Sell:175 #Hold:367 #Stocks:101 PV:8,425 LC:713 Loss:0.867627 ET:9.8964
top of axes not in the figure, so title not moved
top of axes not in the figure, so title not moved
[XOM][Epoch 208/300] Epsilon:0.3077 #Expl.:242/741 #Buy:227 #Sell:200 #Hold:314 #Stocks:110 PV:8,704 LC:713 Loss:1.426690 ET:9.8953
top of axes not in the figure, so title not moved
top of axes not in the figure, so title not moved
[XOM][Epoch 209/300] Epsilon:0.3043 #Expl.:231/741 #Buy:249 #Sell:228 #Hold:264 #Stocks:75 PV:8,660 LC:713 Loss:1.152973 ET:9.9957
top of axes not in the figure, so title not moved
top of axes not in the figure, so title not moved
[XOM][Epoch 210/300] Epsilon:0.3010 #Expl.:238/741 #Buy:226 #Sell:207 #Hold:308 #Stocks:76 PV:8,384 LC:717 Loss:1.560779 ET:9.9354
top of axes not in the figure, so title not moved
top of axes not in the figure, so title not moved
[XOM][Epoch 211/300] Epsilon:0.2977 #Expl.:205/741 #Buy:228 #Sell:205 #Hold:308 #Stocks:79 PV:8,629 LC:709 Loss:0.906470 ET:10.2037
top of axes not in the figure, so title not moved
top of axes not in the figure, so title not moved
[XOM][Epoch 212/300] Epsilon:0.2943 #Expl.:209/741 #Buy:165 #Sell:143 #Hold:433 #Stocks:98 PV:8,246 LC:713 Loss:1.198703 ET:9.8984
top of axes not in the figure, so title not moved
top of axes not in the figure, so title not moved
[XOM][Epoch 213/300] Epsilon:0.2910 #Expl.:213/741 #Buy:231 #Sell:208 #Hold:302 #Stocks:82 PV:8,477 LC:713 Loss:2.033013 ET:9.9584
top of axes not in the figure, so title not moved
top of axes not in the figure, so title not moved
[XOM][Epoch 214/300] Epsilon:0.2876 #Expl.:208/741 #Buy:196 #Sell:169 #Hold:376 #Stocks:111 PV:8,408 LC:713 Loss:1.556380 ET:9.9203
top of axes not in the figure, so title not moved
top of axes not in the figure, so title not moved
[XOM][Epoch 215/300] Epsilon:0.2843 #Expl.:206/741 #Buy:252 #Sell:231 #Hold:258 #Stocks:83 PV:8,588 LC:705 Loss:1.200546 ET:9.7248
top of axes not in the figure, so title not moved
top of axes not in the figure, so title not moved
[XOM][Epoch 216/300] Epsilon:0.2809 #Expl.:198/741 #Buy:221 #Sell:204 #Hold:316 #Stocks:73 PV:8,562 LC:714 Loss:1.471417 ET:9.9044
top of axes not in the figure, so title not moved
top of axes not in the figure, so title not moved
[XOM][Epoch 217/300] Epsilon:0.2776 #Expl.:220/741 #Buy:185 #Sell:159 #Hold:397 #Stocks:101 PV:8,419 LC:713 Loss:1.493291 ET:9.9943
top of axes not in the figure, so title not moved
top of axes not in the figure, so title not moved
[XOM][Epoch 218/300] Epsilon:0.2742 #Expl.:201/741 #Buy:232 #Sell:213 #Hold:296 #Stocks:71 PV:8,429 LC:712 Loss:2.270885 ET:9.8951
top of axes not in the figure, so title not moved
top of axes not in the figure, so title not moved
[XOM][Epoch 219/300] Epsilon:0.2709 #Expl.:207/741 #Buy:246 #Sell:219 #Hold:276 #Stocks:99 PV:8,604 LC:712 Loss:0.959254 ET:9.9981
top of axes not in the figure, so title not moved
top of axes not in the figure, so title not moved
[XOM][Epoch 220/300] Epsilon:0.2676 #Expl.:207/741 #Buy:244 #Sell:224 #Hold:273 #Stocks:81 PV:8,421 LC:713 Loss:1.390200 ET:9.8994
top of axes not in the figure, so title not moved
top of axes not in the figure, so title not moved
[XOM][Epoch 221/300] Epsilon:0.2642 #Expl.:202/741 #Buy:209 #Sell:189 #Hold:343 #Stocks:75 PV:8,685 LC:713 Loss:2.405990 ET:9.8506
top of axes not in the figure, so title not moved
top of axes not in the figure, so title not moved
[XOM][Epoch 222/300] Epsilon:0.2609 #Expl.:208/741 #Buy:253 #Sell:229 #Hold:259 #Stocks:72 PV:8,498 LC:716 Loss:1.040360 ET:9.9923
top of axes not in the figure, so title not moved
top of axes not in the figure, so title not moved
[XOM][Epoch 223/300] Epsilon:0.2575 #Expl.:199/741 #Buy:184 #Sell:162 #Hold:395 #Stocks:93 PV:8,564 LC:713 Loss:0.848165 ET:9.9230
top of axes not in the figure, so title not moved
top of axes not in the figure, so title not moved
[XOM][Epoch 224/300] Epsilon:0.2542 #Expl.:183/741 #Buy:190 #Sell:170 #Hold:381 #Stocks:79 PV:8,634 LC:713 Loss:0.870639 ET:9.9560
top of axes not in the figure, so title not moved
top of axes not in the figure, so title not moved
[XOM][Epoch 225/300] Epsilon:0.2508 #Expl.:194/741 #Buy:230 #Sell:213 #Hold:298 #Stocks:59 PV:8,663 LC:711 Loss:1.066661 ET:9.8795
top of axes not in the figure, so title not moved
top of axes not in the figure, so title not moved
[XOM][Epoch 226/300] Epsilon:0.2475 #Expl.:184/741 #Buy:182 #Sell:160 #Hold:399 #Stocks:82 PV:8,472 LC:713 Loss:1.566082 ET:10.1672
top of axes not in the figure, so title not moved
top of axes not in the figure, so title not moved
[XOM][Epoch 227/300] Epsilon:0.2441 #Expl.:169/741 #Buy:172 #Sell:152 #Hold:417 #Stocks:77 PV:8,525 LC:713 Loss:0.971796 ET:9.9363
top of axes not in the figure, so title not moved
top of axes not in the figure, so title not moved
[XOM][Epoch 228/300] Epsilon:0.2408 #Expl.:181/741 #Buy:176 #Sell:154 #Hold:411 #Stocks:93 PV:8,558 LC:713 Loss:1.360851 ET:9.8993
top of axes not in the figure, so title not moved
top of axes not in the figure, so title not moved
[XOM][Epoch 229/300] Epsilon:0.2375 #Expl.:185/741 #Buy:212 #Sell:187 #Hold:342 #Stocks:83 PV:8,518 LC:713 Loss:1.399886 ET:9.9136
top of axes not in the figure, so title not moved
top of axes not in the figure, so title not moved
[XOM][Epoch 230/300] Epsilon:0.2341 #Expl.:187/741 #Buy:231 #Sell:206 #Hold:304 #Stocks:94 PV:8,633 LC:713 Loss:0.856435 ET:10.0191
top of axes not in the figure, so title not moved
top of axes not in the figure, so title not moved
[XOM][Epoch 231/300] Epsilon:0.2308 #Expl.:183/741 #Buy:176 #Sell:157 #Hold:408 #Stocks:84 PV:8,604 LC:713 Loss:1.206129 ET:9.8540
top of axes not in the figure, so title not moved
top of axes not in the figure, so title not moved
[XOM][Epoch 232/300] Epsilon:0.2274 #Expl.:158/741 #Buy:189 #Sell:168 #Hold:384 #Stocks:83 PV:8,567 LC:713 Loss:1.208585 ET:9.8720
top of axes not in the figure, so title not moved
top of axes not in the figure, so title not moved
[XOM][Epoch 233/300] Epsilon:0.2241 #Expl.:164/741 #Buy:224 #Sell:202 #Hold:315 #Stocks:79 PV:8,591 LC:713 Loss:0.718199 ET:9.8307
top of axes not in the figure, so title not moved
top of axes not in the figure, so title not moved
[XOM][Epoch 234/300] Epsilon:0.2207 #Expl.:178/741 #Buy:221 #Sell:202 #Hold:318 #Stocks:74 PV:8,598 LC:713 Loss:1.140922 ET:9.9099
top of axes not in the figure, so title not moved
top of axes not in the figure, so title not moved
[XOM][Epoch 235/300] Epsilon:0.2174 #Expl.:156/741 #Buy:191 #Sell:166 #Hold:384 #Stocks:94 PV:8,611 LC:713 Loss:0.977278 ET:9.9668
top of axes not in the figure, so title not moved
top of axes not in the figure, so title not moved
[XOM][Epoch 236/300] Epsilon:0.2140 #Expl.:150/741 #Buy:224 #Sell:202 #Hold:315 #Stocks:91 PV:8,735 LC:713 Loss:1.566736 ET:9.9127
top of axes not in the figure, so title not moved
top of axes not in the figure, so title not moved
[XOM][Epoch 237/300] Epsilon:0.2107 #Expl.:161/741 #Buy:202 #Sell:182 #Hold:357 #Stocks:72 PV:8,491 LC:713 Loss:1.758955 ET:9.9119
top of axes not in the figure, so title not moved
top of axes not in the figure, so title not moved
[XOM][Epoch 238/300] Epsilon:0.2074 #Expl.:150/741 #Buy:181 #Sell:163 #Hold:397 #Stocks:72 PV:8,499 LC:713 Loss:1.280485 ET:9.9168
top of axes not in the figure, so title not moved
top of axes not in the figure, so title not moved
[XOM][Epoch 239/300] Epsilon:0.2040 #Expl.:151/741 #Buy:181 #Sell:156 #Hold:404 #Stocks:103 PV:8,550 LC:713 Loss:0.881700 ET:9.8564
top of axes not in the figure, so title not moved
top of axes not in the figure, so title not moved
[XOM][Epoch 240/300] Epsilon:0.2007 #Expl.:157/741 #Buy:220 #Sell:196 #Hold:325 #Stocks:83 PV:8,578 LC:713 Loss:1.957760 ET:9.8909
top of axes not in the figure, so title not moved
top of axes not in the figure, so title not moved
[XOM][Epoch 241/300] Epsilon:0.1973 #Expl.:137/741 #Buy:215 #Sell:190 #Hold:336 #Stocks:94 PV:8,624 LC:713 Loss:1.045609 ET:10.1428
top of axes not in the figure, so title not moved
top of axes not in the figure, so title not moved
[XOM][Epoch 242/300] Epsilon:0.1940 #Expl.:157/741 #Buy:188 #Sell:169 #Hold:384 #Stocks:74 PV:8,627 LC:713 Loss:0.869816 ET:9.8889
top of axes not in the figure, so title not moved
top of axes not in the figure, so title not moved
[XOM][Epoch 243/300] Epsilon:0.1906 #Expl.:138/741 #Buy:192 #Sell:167 #Hold:382 #Stocks:94 PV:8,630 LC:713 Loss:2.418573 ET:10.0321
top of axes not in the figure, so title not moved
top of axes not in the figure, so title not moved
[XOM][Epoch 244/300] Epsilon:0.1873 #Expl.:133/741 #Buy:182 #Sell:156 #Hold:403 #Stocks:113 PV:8,556 LC:713 Loss:0.795723 ET:9.8788
top of axes not in the figure, so title not moved
top of axes not in the figure, so title not moved
[XOM][Epoch 245/300] Epsilon:0.1839 #Expl.:127/741 #Buy:175 #Sell:156 #Hold:410 #Stocks:74 PV:8,610 LC:713 Loss:0.751187 ET:9.8327
top of axes not in the figure, so title not moved
top of axes not in the figure, so title not moved
[XOM][Epoch 246/300] Epsilon:0.1806 #Expl.:138/741 #Buy:211 #Sell:189 #Hold:341 #Stocks:83 PV:8,546 LC:713 Loss:1.010960 ET:10.0393
top of axes not in the figure, so title not moved
top of axes not in the figure, so title not moved
[XOM][Epoch 247/300] Epsilon:0.1773 #Expl.:145/741 #Buy:222 #Sell:203 #Hold:316 #Stocks:70 PV:8,638 LC:713 Loss:1.221299 ET:9.8401
top of axes not in the figure, so title not moved
top of axes not in the figure, so title not moved
[XOM][Epoch 248/300] Epsilon:0.1739 #Expl.:136/741 #Buy:234 #Sell:215 #Hold:292 #Stocks:77 PV:8,808 LC:709 Loss:1.136878 ET:9.8724
top of axes not in the figure, so title not moved
top of axes not in the figure, so title not moved
[XOM][Epoch 249/300] Epsilon:0.1706 #Expl.:128/741 #Buy:211 #Sell:193 #Hold:337 #Stocks:74 PV:8,629 LC:713 Loss:1.979923 ET:9.8956
top of axes not in the figure, so title not moved
top of axes not in the figure, so title not moved
[XOM][Epoch 250/300] Epsilon:0.1672 #Expl.:123/741 #Buy:191 #Sell:168 #Hold:382 #Stocks:97 PV:8,815 LC:713 Loss:0.959800 ET:9.8250
top of axes not in the figure, so title not moved
top of axes not in the figure, so title not moved
[XOM][Epoch 251/300] Epsilon:0.1639 #Expl.:103/741 #Buy:184 #Sell:160 #Hold:397 #Stocks:104 PV:8,615 LC:713 Loss:0.782742 ET:9.9621
top of axes not in the figure, so title not moved
top of axes not in the figure, so title not moved
[XOM][Epoch 252/300] Epsilon:0.1605 #Expl.:117/741 #Buy:187 #Sell:163 #Hold:391 #Stocks:94 PV:8,606 LC:713 Loss:2.409008 ET:9.8854
top of axes not in the figure, so title not moved
top of axes not in the figure, so title not moved
[XOM][Epoch 253/300] Epsilon:0.1572 #Expl.:98/741 #Buy:195 #Sell:176 #Hold:370 #Stocks:73 PV:8,571 LC:713 Loss:0.564024 ET:9.9388
top of axes not in the figure, so title not moved
top of axes not in the figure, so title not moved
[XOM][Epoch 254/300] Epsilon:0.1538 #Expl.:124/741 #Buy:217 #Sell:192 #Hold:332 #Stocks:101 PV:8,792 LC:713 Loss:0.928069 ET:9.9999
top of axes not in the figure, so title not moved
top of axes not in the figure, so title not moved
[XOM][Epoch 255/300] Epsilon:0.1505 #Expl.:124/741 #Buy:193 #Sell:172 #Hold:376 #Stocks:77 PV:8,534 LC:713 Loss:0.909388 ET:9.8348
top of axes not in the figure, so title not moved
top of axes not in the figure, so title not moved
[XOM][Epoch 256/300] Epsilon:0.1472 #Expl.:109/741 #Buy:203 #Sell:180 #Hold:358 #Stocks:86 PV:8,771 LC:712 Loss:0.995467 ET:10.0644
top of axes not in the figure, so title not moved
top of axes not in the figure, so title not moved
[XOM][Epoch 257/300] Epsilon:0.1438 #Expl.:102/741 #Buy:209 #Sell:188 #Hold:344 #Stocks:81 PV:8,792 LC:713 Loss:1.702047 ET:9.9366
top of axes not in the figure, so title not moved
top of axes not in the figure, so title not moved
[XOM][Epoch 258/300] Epsilon:0.1405 #Expl.:99/741 #Buy:193 #Sell:171 #Hold:377 #Stocks:93 PV:8,572 LC:713 Loss:1.457950 ET:9.9199
top of axes not in the figure, so title not moved
top of axes not in the figure, so title not moved
[XOM][Epoch 259/300] Epsilon:0.1371 #Expl.:114/741 #Buy:196 #Sell:173 #Hold:372 #Stocks:94 PV:8,625 LC:713 Loss:0.904699 ET:9.9806
top of axes not in the figure, so title not moved
top of axes not in the figure, so title not moved
[XOM][Epoch 260/300] Epsilon:0.1338 #Expl.:99/741 #Buy:218 #Sell:192 #Hold:331 #Stocks:105 PV:8,724 LC:713 Loss:2.077125 ET:9.8511
top of axes not in the figure, so title not moved
top of axes not in the figure, so title not moved
[XOM][Epoch 261/300] Epsilon:0.1304 #Expl.:98/741 #Buy:204 #Sell:184 #Hold:353 #Stocks:74 PV:8,647 LC:713 Loss:0.926688 ET:9.8453
top of axes not in the figure, so title not moved
top of axes not in the figure, so title not moved
[XOM][Epoch 262/300] Epsilon:0.1271 #Expl.:88/741 #Buy:199 #Sell:181 #Hold:361 #Stocks:65 PV:8,686 LC:713 Loss:0.652362 ET:9.9850
top of axes not in the figure, so title not moved
top of axes not in the figure, so title not moved
[XOM][Epoch 263/300] Epsilon:0.1237 #Expl.:88/741 #Buy:219 #Sell:195 #Hold:327 #Stocks:84 PV:8,612 LC:713 Loss:1.034792 ET:9.8756
top of axes not in the figure, so title not moved
top of axes not in the figure, so title not moved
[XOM][Epoch 264/300] Epsilon:0.1204 #Expl.:89/741 #Buy:210 #Sell:183 #Hold:348 #Stocks:109 PV:8,672 LC:713 Loss:1.184835 ET:9.9621
top of axes not in the figure, so title not moved
top of axes not in the figure, so title not moved
[XOM][Epoch 265/300] Epsilon:0.1171 #Expl.:92/741 #Buy:184 #Sell:163 #Hold:394 #Stocks:85 PV:8,697 LC:713 Loss:0.977479 ET:9.9232
top of axes not in the figure, so title not moved
top of axes not in the figure, so title not moved
[XOM][Epoch 266/300] Epsilon:0.1137 #Expl.:104/741 #Buy:212 #Sell:191 #Hold:338 #Stocks:94 PV:8,613 LC:713 Loss:0.823802 ET:9.8768
top of axes not in the figure, so title not moved
top of axes not in the figure, so title not moved
[XOM][Epoch 267/300] Epsilon:0.1104 #Expl.:83/741 #Buy:216 #Sell:193 #Hold:332 #Stocks:95 PV:8,665 LC:713 Loss:1.277664 ET:10.0164
top of axes not in the figure, so title not moved
top of axes not in the figure, so title not moved
[XOM][Epoch 268/300] Epsilon:0.1070 #Expl.:70/741 #Buy:205 #Sell:185 #Hold:351 #Stocks:75 PV:8,672 LC:713 Loss:1.037706 ET:9.8568
top of axes not in the figure, so title not moved
top of axes not in the figure, so title not moved
[XOM][Epoch 269/300] Epsilon:0.1037 #Expl.:94/741 #Buy:205 #Sell:182 #Hold:354 #Stocks:94 PV:8,639 LC:713 Loss:1.527803 ET:9.8594
top of axes not in the figure, so title not moved
top of axes not in the figure, so title not moved
[XOM][Epoch 270/300] Epsilon:0.1003 #Expl.:69/741 #Buy:206 #Sell:186 #Hold:349 #Stocks:75 PV:8,696 LC:713 Loss:0.937389 ET:9.9740
top of axes not in the figure, so title not moved
top of axes not in the figure, so title not moved
[XOM][Epoch 271/300] Epsilon:0.0970 #Expl.:67/741 #Buy:193 #Sell:174 #Hold:374 #Stocks:84 PV:8,628 LC:713 Loss:1.387074 ET:10.0926
top of axes not in the figure, so title not moved
top of axes not in the figure, so title not moved
[XOM][Epoch 272/300] Epsilon:0.0936 #Expl.:69/741 #Buy:193 #Sell:173 #Hold:375 #Stocks:80 PV:8,728 LC:713 Loss:1.225978 ET:9.8274
top of axes not in the figure, so title not moved
top of axes not in the figure, so title not moved
[XOM][Epoch 273/300] Epsilon:0.0903 #Expl.:61/741 #Buy:199 #Sell:178 #Hold:364 #Stocks:75 PV:8,711 LC:713 Loss:1.049366 ET:9.9119
top of axes not in the figure, so title not moved
top of axes not in the figure, so title not moved
[XOM][Epoch 274/300] Epsilon:0.0870 #Expl.:70/741 #Buy:191 #Sell:173 #Hold:377 #Stocks:74 PV:8,621 LC:713 Loss:1.312217 ET:9.8777
top of axes not in the figure, so title not moved
top of axes not in the figure, so title not moved
[XOM][Epoch 275/300] Epsilon:0.0836 #Expl.:66/741 #Buy:195 #Sell:174 #Hold:372 #Stocks:83 PV:8,553 LC:713 Loss:1.678658 ET:9.9750
top of axes not in the figure, so title not moved
top of axes not in the figure, so title not moved
[XOM][Epoch 276/300] Epsilon:0.0803 #Expl.:71/741 #Buy:181 #Sell:160 #Hold:400 #Stocks:84 PV:8,596 LC:713 Loss:0.934928 ET:9.8962
top of axes not in the figure, so title not moved
top of axes not in the figure, so title not moved
[XOM][Epoch 277/300] Epsilon:0.0769 #Expl.:62/741 #Buy:199 #Sell:178 #Hold:364 #Stocks:86 PV:8,758 LC:713 Loss:1.165186 ET:9.8772
top of axes not in the figure, so title not moved
top of axes not in the figure, so title not moved
[XOM][Epoch 278/300] Epsilon:0.0736 #Expl.:69/741 #Buy:202 #Sell:180 #Hold:359 #Stocks:85 PV:8,711 LC:713 Loss:0.976985 ET:9.9309
top of axes not in the figure, so title not moved
top of axes not in the figure, so title not moved
[XOM][Epoch 279/300] Epsilon:0.0702 #Expl.:52/741 #Buy:185 #Sell:166 #Hold:390 #Stocks:75 PV:8,692 LC:713 Loss:0.885753 ET:9.9650
top of axes not in the figure, so title not moved
top of axes not in the figure, so title not moved
[XOM][Epoch 280/300] Epsilon:0.0669 #Expl.:48/741 #Buy:199 #Sell:178 #Hold:364 #Stocks:75 PV:8,726 LC:713 Loss:0.961908 ET:9.8717
top of axes not in the figure, so title not moved
top of axes not in the figure, so title not moved
[XOM][Epoch 281/300] Epsilon:0.0635 #Expl.:50/741 #Buy:184 #Sell:164 #Hold:393 #Stocks:74 PV:8,659 LC:713 Loss:1.230593 ET:9.9408
top of axes not in the figure, so title not moved
top of axes not in the figure, so title not moved
[XOM][Epoch 282/300] Epsilon:0.0602 #Expl.:47/741 #Buy:201 #Sell:180 #Hold:360 #Stocks:75 PV:8,722 LC:713 Loss:0.787570 ET:9.9210
top of axes not in the figure, so title not moved
top of axes not in the figure, so title not moved
[XOM][Epoch 283/300] Epsilon:0.0569 #Expl.:43/741 #Buy:197 #Sell:177 #Hold:367 #Stocks:74 PV:8,621 LC:713 Loss:1.387805 ET:9.8854
top of axes not in the figure, so title not moved
top of axes not in the figure, so title not moved
[XOM][Epoch 284/300] Epsilon:0.0535 #Expl.:33/741 #Buy:192 #Sell:172 #Hold:377 #Stocks:75 PV:8,698 LC:713 Loss:0.889446 ET:9.8940
top of axes not in the figure, so title not moved
top of axes not in the figure, so title not moved
[XOM][Epoch 285/300] Epsilon:0.0502 #Expl.:49/741 #Buy:201 #Sell:181 #Hold:359 #Stocks:76 PV:8,769 LC:713 Loss:0.691505 ET:9.9139
top of axes not in the figure, so title not moved
top of axes not in the figure, so title not moved
[XOM][Epoch 286/300] Epsilon:0.0468 #Expl.:29/741 #Buy:194 #Sell:175 #Hold:372 #Stocks:75 PV:8,724 LC:713 Loss:1.108523 ET:10.1166
top of axes not in the figure, so title not moved
top of axes not in the figure, so title not moved
[XOM][Epoch 287/300] Epsilon:0.0435 #Expl.:41/741 #Buy:193 #Sell:173 #Hold:375 #Stocks:75 PV:8,737 LC:713 Loss:1.777488 ET:9.9084
top of axes not in the figure, so title not moved
top of axes not in the figure, so title not moved
[XOM][Epoch 288/300] Epsilon:0.0401 #Expl.:31/741 #Buy:198 #Sell:176 #Hold:367 #Stocks:75 PV:8,710 LC:713 Loss:1.220242 ET:9.9724
top of axes not in the figure, so title not moved
top of axes not in the figure, so title not moved
[XOM][Epoch 289/300] Epsilon:0.0368 #Expl.:27/741 #Buy:194 #Sell:173 #Hold:374 #Stocks:75 PV:8,720 LC:713 Loss:1.416420 ET:9.9044
top of axes not in the figure, so title not moved
top of axes not in the figure, so title not moved
[XOM][Epoch 290/300] Epsilon:0.0334 #Expl.:29/741 #Buy:199 #Sell:178 #Hold:364 #Stocks:77 PV:8,838 LC:713 Loss:0.875901 ET:9.9455
top of axes not in the figure, so title not moved
top of axes not in the figure, so title not moved
[XOM][Epoch 291/300] Epsilon:0.0301 #Expl.:31/741 #Buy:200 #Sell:179 #Hold:362 #Stocks:76 PV:8,738 LC:713 Loss:1.497127 ET:10.0052
top of axes not in the figure, so title not moved
top of axes not in the figure, so title not moved
[XOM][Epoch 292/300] Epsilon:0.0268 #Expl.:25/741 #Buy:194 #Sell:174 #Hold:373 #Stocks:75 PV:8,739 LC:713 Loss:0.634875 ET:9.9386
top of axes not in the figure, so title not moved
top of axes not in the figure, so title not moved
[XOM][Epoch 293/300] Epsilon:0.0234 #Expl.:15/741 #Buy:201 #Sell:178 #Hold:362 #Stocks:85 PV:8,719 LC:713 Loss:1.207778 ET:9.8226
top of axes not in the figure, so title not moved
top of axes not in the figure, so title not moved
[XOM][Epoch 294/300] Epsilon:0.0201 #Expl.:12/741 #Buy:194 #Sell:174 #Hold:373 #Stocks:75 PV:8,729 LC:713 Loss:1.362248 ET:10.0211
top of axes not in the figure, so title not moved
top of axes not in the figure, so title not moved
[XOM][Epoch 295/300] Epsilon:0.0167 #Expl.:12/741 #Buy:194 #Sell:174 #Hold:373 #Stocks:75 PV:8,737 LC:713 Loss:0.931348 ET:9.8453
top of axes not in the figure, so title not moved
top of axes not in the figure, so title not moved
[XOM][Epoch 296/300] Epsilon:0.0134 #Expl.:15/741 #Buy:192 #Sell:174 #Hold:375 #Stocks:75 PV:8,690 LC:713 Loss:1.071287 ET:9.8966
top of axes not in the figure, so title not moved
top of axes not in the figure, so title not moved
[XOM][Epoch 297/300] Epsilon:0.0100 #Expl.:13/741 #Buy:197 #Sell:174 #Hold:370 #Stocks:85 PV:8,734 LC:713 Loss:0.925205 ET:9.9477
top of axes not in the figure, so title not moved
top of axes not in the figure, so title not moved
[XOM][Epoch 298/300] Epsilon:0.0067 #Expl.:10/741 #Buy:198 #Sell:177 #Hold:366 #Stocks:76 PV:8,753 LC:713 Loss:0.846044 ET:9.7410
top of axes not in the figure, so title not moved
top of axes not in the figure, so title not moved
[XOM][Epoch 299/300] Epsilon:0.0033 #Expl.:6/741 #Buy:194 #Sell:173 #Hold:374 #Stocks:75 PV:8,741 LC:713 Loss:1.075943 ET:9.9010
top of axes not in the figure, so title not moved
top of axes not in the figure, so title not moved
[XOM][Epoch 300/300] Epsilon:0.0000 #Expl.:3/741 #Buy:195 #Sell:174 #Hold:372 #Stocks:75 PV:8,739 LC:713 Loss:0.733590 ET:9.8841
top of axes not in the figure, so title not moved
top of axes not in the figure, so title not moved
[XOM] Elapsed Time:3387.4177 Max PV:8,893 #Win:0
